TimeQuest Timing Analyzer report for LAB105
Thu Aug 17 14:03:03 2017
Quartus II 64-Bit Version 13.0.1 Build 232 06/12/2013 Service Pack 1 SJ Web Edition


---------------------
; Table of Contents ;
---------------------
  1. Legal Notice
  2. TimeQuest Timing Analyzer Summary
  3. Parallel Compilation
  4. Clocks
  5. Slow Model Fmax Summary
  6. Slow Model Setup Summary
  7. Slow Model Hold Summary
  8. Slow Model Recovery Summary
  9. Slow Model Removal Summary
 10. Slow Model Minimum Pulse Width Summary
 11. Propagation Delay
 12. Minimum Propagation Delay
 13. Fast Model Setup Summary
 14. Fast Model Hold Summary
 15. Fast Model Recovery Summary
 16. Fast Model Removal Summary
 17. Fast Model Minimum Pulse Width Summary
 18. Propagation Delay
 19. Minimum Propagation Delay
 20. Multicorner Timing Analysis Summary
 21. Progagation Delay
 22. Minimum Progagation Delay
 23. Clock Transfers
 24. Report TCCS
 25. Report RSKM
 26. Unconstrained Paths
 27. TimeQuest Timing Analyzer Messages



----------------
; Legal Notice ;
----------------
Copyright (C) 1991-2013 Altera Corporation
Your use of Altera Corporation's design tools, logic functions 
and other software and tools, and its AMPP partner logic 
functions, and any output files from any of the foregoing 
(including device programming or simulation files), and any 
associated documentation or information are expressly subject 
to the terms and conditions of the Altera Program License 
Subscription Agreement, Altera MegaCore Function License 
Agreement, or other applicable license agreement, including, 
without limitation, that your use is for the sole purpose of 
programming logic devices manufactured by Altera and sold by 
Altera or its authorized distributors.  Please refer to the 
applicable agreement for further details.



+----------------------------------------------------------------------------------------+
; TimeQuest Timing Analyzer Summary                                                      ;
+--------------------+-------------------------------------------------------------------+
; Quartus II Version ; Version 13.0.1 Build 232 06/12/2013 Service Pack 1 SJ Web Edition ;
; Revision Name      ; LAB105                                                            ;
; Device Family      ; Cyclone II                                                        ;
; Device Name        ; EP2C20F484C7                                                      ;
; Timing Models      ; Final                                                             ;
; Delay Model        ; Combined                                                          ;
; Rise/Fall Delays   ; Unavailable                                                       ;
+--------------------+-------------------------------------------------------------------+


+------------------------------------------+
; Parallel Compilation                     ;
+----------------------------+-------------+
; Processors                 ; Number      ;
+----------------------------+-------------+
; Number detected on machine ; 4           ;
; Maximum allowed            ; 4           ;
;                            ;             ;
; Average used               ; 1.00        ;
; Maximum used               ; 1           ;
;                            ;             ;
; Usage by Processor         ; % Time Used ;
;     Processor 1            ; 100.0%      ;
;     Processors 2-4         ;   0.0%      ;
+----------------------------+-------------+


----------
; Clocks ;
----------
No clocks to report.


---------------------------
; Slow Model Fmax Summary ;
---------------------------
No paths to report.


----------------------------
; Slow Model Setup Summary ;
----------------------------
No paths to report.


---------------------------
; Slow Model Hold Summary ;
---------------------------
No paths to report.


-------------------------------
; Slow Model Recovery Summary ;
-------------------------------
No paths to report.


------------------------------
; Slow Model Removal Summary ;
------------------------------
No paths to report.


------------------------------------------
; Slow Model Minimum Pulse Width Summary ;
------------------------------------------
No paths to report.


+--------------------------------------------------------------+
; Propagation Delay                                            ;
+------------+-------------+--------+--------+--------+--------+
; Input Port ; Output Port ; RR     ; RF     ; FR     ; FF     ;
+------------+-------------+--------+--------+--------+--------+
; SW[0]      ; HEX0[0]     ;        ; 9.373  ; 9.373  ;        ;
; SW[0]      ; HEX0[1]     ; 8.289  ;        ;        ; 8.289  ;
; SW[0]      ; HEX0[2]     ; 8.190  ;        ;        ; 8.190  ;
; SW[0]      ; HEX0[5]     ;        ; 9.069  ; 9.069  ;        ;
; SW[0]      ; HEX1[0]     ;        ; 10.284 ; 10.284 ;        ;
; SW[0]      ; HEX1[1]     ; 8.415  ;        ;        ; 8.415  ;
; SW[0]      ; HEX1[2]     ; 8.415  ;        ;        ; 8.415  ;
; SW[0]      ; HEX1[5]     ;        ; 9.931  ; 9.931  ;        ;
; SW[0]      ; HEX2[0]     ;        ; 8.478  ; 8.478  ;        ;
; SW[0]      ; HEX2[1]     ; 7.698  ;        ;        ; 7.698  ;
; SW[0]      ; HEX2[2]     ; 7.738  ;        ;        ; 7.738  ;
; SW[0]      ; HEX2[5]     ;        ; 8.530  ; 8.530  ;        ;
; SW[0]      ; LEDG[0]     ; 9.937  ;        ;        ; 9.937  ;
; SW[0]      ; LEDR[0]     ; 4.635  ;        ;        ; 4.635  ;
; SW[1]      ; HEX0[0]     ; 8.995  ;        ;        ; 8.995  ;
; SW[1]      ; HEX0[3]     ; 9.077  ;        ;        ; 9.077  ;
; SW[1]      ; HEX0[4]     ; 8.752  ;        ;        ; 8.752  ;
; SW[1]      ; HEX0[5]     ; 8.691  ;        ;        ; 8.691  ;
; SW[1]      ; HEX0[6]     ; 8.752  ;        ;        ; 8.752  ;
; SW[1]      ; HEX1[0]     ; 9.352  ;        ;        ; 9.352  ;
; SW[1]      ; HEX1[3]     ; 9.729  ;        ;        ; 9.729  ;
; SW[1]      ; HEX1[4]     ; 9.739  ;        ;        ; 9.739  ;
; SW[1]      ; HEX1[5]     ; 8.999  ;        ;        ; 8.999  ;
; SW[1]      ; HEX1[6]     ; 9.419  ;        ;        ; 9.419  ;
; SW[1]      ; HEX2[0]     ; 9.011  ;        ;        ; 9.011  ;
; SW[1]      ; HEX2[3]     ; 10.798 ;        ;        ; 10.798 ;
; SW[1]      ; HEX2[4]     ; 10.789 ;        ;        ; 10.789 ;
; SW[1]      ; HEX2[5]     ; 9.063  ;        ;        ; 9.063  ;
; SW[1]      ; HEX2[6]     ; 10.795 ;        ;        ; 10.795 ;
; SW[1]      ; LEDG[1]     ; 11.573 ;        ;        ; 11.573 ;
; SW[1]      ; LEDR[1]     ; 4.978  ;        ;        ; 4.978  ;
; SW[2]      ; HEX0[0]     ;        ; 8.487  ; 8.487  ;        ;
; SW[2]      ; HEX0[1]     ; 7.641  ;        ;        ; 7.641  ;
; SW[2]      ; HEX0[2]     ; 7.542  ;        ;        ; 7.542  ;
; SW[2]      ; HEX0[5]     ;        ; 8.183  ; 8.183  ;        ;
; SW[2]      ; HEX1[0]     ;        ; 9.956  ; 9.956  ;        ;
; SW[2]      ; HEX1[1]     ; 8.087  ;        ;        ; 8.087  ;
; SW[2]      ; HEX1[2]     ; 8.087  ;        ;        ; 8.087  ;
; SW[2]      ; HEX1[5]     ;        ; 9.603  ; 9.603  ;        ;
; SW[2]      ; HEX2[0]     ;        ; 9.047  ; 9.047  ;        ;
; SW[2]      ; HEX2[1]     ; 8.229  ;        ;        ; 8.229  ;
; SW[2]      ; HEX2[2]     ; 8.269  ;        ;        ; 8.269  ;
; SW[2]      ; HEX2[5]     ;        ; 9.099  ; 9.099  ;        ;
; SW[2]      ; LEDG[0]     ; 10.468 ;        ;        ; 10.468 ;
; SW[2]      ; LEDR[2]     ; 5.390  ;        ;        ; 5.390  ;
; SW[3]      ; HEX0[0]     ; 8.727  ;        ;        ; 8.727  ;
; SW[3]      ; HEX0[3]     ; 7.896  ;        ;        ; 7.896  ;
; SW[3]      ; HEX0[4]     ; 7.571  ;        ;        ; 7.571  ;
; SW[3]      ; HEX0[5]     ; 8.423  ;        ;        ; 8.423  ;
; SW[3]      ; HEX0[6]     ; 7.571  ;        ;        ; 7.571  ;
; SW[3]      ; HEX1[0]     ; 8.993  ;        ;        ; 8.993  ;
; SW[3]      ; HEX1[3]     ; 9.370  ;        ;        ; 9.370  ;
; SW[3]      ; HEX1[4]     ; 9.380  ;        ;        ; 9.380  ;
; SW[3]      ; HEX1[5]     ; 8.640  ;        ;        ; 8.640  ;
; SW[3]      ; HEX1[6]     ; 9.060  ;        ;        ; 9.060  ;
; SW[3]      ; HEX2[0]     ; 8.634  ;        ;        ; 8.634  ;
; SW[3]      ; HEX2[3]     ; 11.613 ;        ;        ; 11.613 ;
; SW[3]      ; HEX2[4]     ; 11.604 ;        ;        ; 11.604 ;
; SW[3]      ; HEX2[5]     ; 8.686  ;        ;        ; 8.686  ;
; SW[3]      ; HEX2[6]     ; 11.610 ;        ;        ; 11.610 ;
; SW[3]      ; LEDG[1]     ; 12.388 ;        ;        ; 12.388 ;
; SW[3]      ; LEDR[3]     ; 5.817  ;        ;        ; 5.817  ;
; SW[4]      ; HEX0[0]     ;        ; 9.445  ; 9.445  ;        ;
; SW[4]      ; HEX0[1]     ; 8.361  ;        ;        ; 8.361  ;
; SW[4]      ; HEX0[2]     ; 8.262  ;        ;        ; 8.262  ;
; SW[4]      ; HEX0[5]     ;        ; 9.141  ; 9.141  ;        ;
; SW[4]      ; HEX1[0]     ;        ; 9.230  ; 9.230  ;        ;
; SW[4]      ; HEX1[1]     ; 7.746  ;        ;        ; 7.746  ;
; SW[4]      ; HEX1[2]     ; 7.746  ;        ;        ; 7.746  ;
; SW[4]      ; HEX1[5]     ;        ; 8.877  ; 8.877  ;        ;
; SW[4]      ; HEX2[0]     ;        ; 9.179  ; 9.179  ;        ;
; SW[4]      ; HEX2[1]     ; 8.361  ;        ;        ; 8.361  ;
; SW[4]      ; HEX2[2]     ; 8.401  ;        ;        ; 8.401  ;
; SW[4]      ; HEX2[5]     ;        ; 9.231  ; 9.231  ;        ;
; SW[4]      ; LEDG[0]     ; 10.600 ;        ;        ; 10.600 ;
; SW[4]      ; LEDR[4]     ; 6.088  ;        ;        ; 6.088  ;
; SW[5]      ; HEX0[0]     ; 8.411  ;        ;        ; 8.411  ;
; SW[5]      ; HEX0[3]     ; 8.493  ;        ;        ; 8.493  ;
; SW[5]      ; HEX0[4]     ; 8.168  ;        ;        ; 8.168  ;
; SW[5]      ; HEX0[5]     ; 8.107  ;        ;        ; 8.107  ;
; SW[5]      ; HEX0[6]     ; 8.168  ;        ;        ; 8.168  ;
; SW[5]      ; HEX1[0]     ; 9.107  ;        ;        ; 9.107  ;
; SW[5]      ; HEX1[3]     ; 8.038  ;        ;        ; 8.038  ;
; SW[5]      ; HEX1[4]     ; 8.048  ;        ;        ; 8.048  ;
; SW[5]      ; HEX1[5]     ; 8.754  ;        ;        ; 8.754  ;
; SW[5]      ; HEX1[6]     ; 7.728  ;        ;        ; 7.728  ;
; SW[5]      ; HEX2[0]     ; 8.404  ;        ;        ; 8.404  ;
; SW[5]      ; HEX2[3]     ; 11.383 ;        ;        ; 11.383 ;
; SW[5]      ; HEX2[4]     ; 11.374 ;        ;        ; 11.374 ;
; SW[5]      ; HEX2[5]     ; 8.456  ;        ;        ; 8.456  ;
; SW[5]      ; HEX2[6]     ; 11.380 ;        ;        ; 11.380 ;
; SW[5]      ; LEDG[1]     ; 12.158 ;        ;        ; 12.158 ;
; SW[5]      ; LEDR[5]     ; 5.520  ;        ;        ; 5.520  ;
; SW[6]      ; LEDR[6]     ; 5.136  ;        ;        ; 5.136  ;
; SW[7]      ; LEDR[7]     ; 6.687  ;        ;        ; 6.687  ;
; SW[8]      ; HEX0[0]     ; 9.106  ; 9.106  ; 9.106  ; 9.106  ;
; SW[8]      ; HEX0[1]     ; 8.022  ; 8.022  ; 8.022  ; 8.022  ;
; SW[8]      ; HEX0[2]     ; 7.923  ; 7.923  ; 7.923  ; 7.923  ;
; SW[8]      ; HEX0[3]     ; 8.238  ; 8.238  ; 8.238  ; 8.238  ;
; SW[8]      ; HEX0[4]     ; 7.913  ; 7.913  ; 7.913  ; 7.913  ;
; SW[8]      ; HEX0[5]     ; 8.802  ; 8.802  ; 8.802  ; 8.802  ;
; SW[8]      ; HEX0[6]     ; 7.913  ; 7.913  ; 7.913  ; 7.913  ;
; SW[8]      ; HEX1[0]     ; 9.746  ; 9.746  ; 9.746  ; 9.746  ;
; SW[8]      ; HEX1[1]     ; 7.877  ; 7.877  ; 7.877  ; 7.877  ;
; SW[8]      ; HEX1[2]     ; 7.877  ; 7.877  ; 7.877  ; 7.877  ;
; SW[8]      ; HEX1[3]     ; 8.922  ; 8.922  ; 8.922  ; 8.922  ;
; SW[8]      ; HEX1[4]     ; 8.932  ; 8.932  ; 8.932  ; 8.932  ;
; SW[8]      ; HEX1[5]     ; 9.393  ; 9.393  ; 9.393  ; 9.393  ;
; SW[8]      ; HEX1[6]     ; 8.612  ; 8.612  ; 8.612  ; 8.612  ;
; SW[8]      ; HEX2[0]     ; 8.809  ; 8.809  ; 8.809  ; 8.809  ;
; SW[8]      ; HEX2[1]     ; 7.991  ; 7.991  ; 7.991  ; 7.991  ;
; SW[8]      ; HEX2[2]     ; 8.031  ; 8.031  ; 8.031  ; 8.031  ;
; SW[8]      ; HEX2[3]     ; 11.167 ; 11.167 ; 11.167 ; 11.167 ;
; SW[8]      ; HEX2[4]     ; 11.158 ; 11.158 ; 11.158 ; 11.158 ;
; SW[8]      ; HEX2[5]     ; 8.861  ; 8.861  ; 8.861  ; 8.861  ;
; SW[8]      ; HEX2[6]     ; 11.164 ; 11.164 ; 11.164 ; 11.164 ;
; SW[8]      ; LEDG[0]     ; 10.230 ; 10.230 ; 10.230 ; 10.230 ;
; SW[8]      ; LEDG[1]     ; 11.942 ; 11.942 ; 11.942 ; 11.942 ;
; SW[8]      ; LEDR[8]     ; 6.342  ;        ;        ; 6.342  ;
; SW[9]      ; HEX0[0]     ; 9.246  ; 8.322  ; 8.322  ; 9.246  ;
; SW[9]      ; HEX0[1]     ; 7.469  ; 8.162  ; 8.162  ; 7.469  ;
; SW[9]      ; HEX0[2]     ; 7.370  ; 8.063  ; 8.063  ; 7.370  ;
; SW[9]      ; HEX0[3]     ; 7.496  ; 8.279  ; 8.279  ; 7.496  ;
; SW[9]      ; HEX0[4]     ; 7.171  ; 7.954  ; 7.954  ; 7.171  ;
; SW[9]      ; HEX0[5]     ; 8.942  ; 8.018  ; 8.018  ; 8.942  ;
; SW[9]      ; HEX0[6]     ; 7.171  ; 7.954  ; 7.954  ; 7.171  ;
; SW[9]      ; HEX1[0]     ; 9.750  ; 9.091  ; 9.091  ; 9.750  ;
; SW[9]      ; HEX1[1]     ; 7.454  ; 7.881  ; 7.881  ; 7.454  ;
; SW[9]      ; HEX1[2]     ; 7.454  ; 7.881  ; 7.881  ; 7.454  ;
; SW[9]      ; HEX1[3]     ; 7.547  ; 8.578  ; 8.578  ; 7.547  ;
; SW[9]      ; HEX1[4]     ; 7.557  ; 8.588  ; 8.588  ; 7.557  ;
; SW[9]      ; HEX1[5]     ; 9.397  ; 8.738  ; 8.738  ; 9.397  ;
; SW[9]      ; HEX1[6]     ; 7.237  ; 8.268  ; 8.268  ; 7.237  ;
; SW[9]      ; HEX2[0]     ; 8.967  ; 8.329  ; 8.329  ; 8.967  ;
; SW[9]      ; HEX2[1]     ; 7.473  ; 8.149  ; 8.149  ; 7.473  ;
; SW[9]      ; HEX2[2]     ; 7.513  ; 8.189  ; 8.189  ; 7.513  ;
; SW[9]      ; HEX2[3]     ; 10.374 ; 11.308 ; 11.308 ; 10.374 ;
; SW[9]      ; HEX2[4]     ; 10.365 ; 11.299 ; 11.299 ; 10.365 ;
; SW[9]      ; HEX2[5]     ; 9.019  ; 8.381  ; 8.381  ; 9.019  ;
; SW[9]      ; HEX2[6]     ; 10.371 ; 11.305 ; 11.305 ; 10.371 ;
; SW[9]      ; LEDG[0]     ; 9.712  ; 10.388 ; 10.388 ; 9.712  ;
; SW[9]      ; LEDG[1]     ; 11.149 ; 12.083 ; 12.083 ; 11.149 ;
; SW[9]      ; LEDR[9]     ; 6.364  ;        ;        ; 6.364  ;
+------------+-------------+--------+--------+--------+--------+


+--------------------------------------------------------------+
; Minimum Propagation Delay                                    ;
+------------+-------------+--------+--------+--------+--------+
; Input Port ; Output Port ; RR     ; RF     ; FR     ; FF     ;
+------------+-------------+--------+--------+--------+--------+
; SW[0]      ; HEX0[0]     ;        ; 9.373  ; 9.373  ;        ;
; SW[0]      ; HEX0[1]     ; 8.289  ;        ;        ; 8.289  ;
; SW[0]      ; HEX0[2]     ; 8.190  ;        ;        ; 8.190  ;
; SW[0]      ; HEX0[5]     ;        ; 9.069  ; 9.069  ;        ;
; SW[0]      ; HEX1[0]     ;        ; 10.284 ; 10.284 ;        ;
; SW[0]      ; HEX1[1]     ; 8.415  ;        ;        ; 8.415  ;
; SW[0]      ; HEX1[2]     ; 8.415  ;        ;        ; 8.415  ;
; SW[0]      ; HEX1[5]     ;        ; 9.931  ; 9.931  ;        ;
; SW[0]      ; HEX2[0]     ;        ; 8.478  ; 8.478  ;        ;
; SW[0]      ; HEX2[1]     ; 7.698  ;        ;        ; 7.698  ;
; SW[0]      ; HEX2[2]     ; 7.738  ;        ;        ; 7.738  ;
; SW[0]      ; HEX2[5]     ;        ; 8.530  ; 8.530  ;        ;
; SW[0]      ; LEDG[0]     ; 9.937  ;        ;        ; 9.937  ;
; SW[0]      ; LEDR[0]     ; 4.635  ;        ;        ; 4.635  ;
; SW[1]      ; HEX0[0]     ; 8.995  ;        ;        ; 8.995  ;
; SW[1]      ; HEX0[3]     ; 9.077  ;        ;        ; 9.077  ;
; SW[1]      ; HEX0[4]     ; 8.752  ;        ;        ; 8.752  ;
; SW[1]      ; HEX0[5]     ; 8.691  ;        ;        ; 8.691  ;
; SW[1]      ; HEX0[6]     ; 8.752  ;        ;        ; 8.752  ;
; SW[1]      ; HEX1[0]     ; 9.352  ;        ;        ; 9.352  ;
; SW[1]      ; HEX1[3]     ; 9.729  ;        ;        ; 9.729  ;
; SW[1]      ; HEX1[4]     ; 9.739  ;        ;        ; 9.739  ;
; SW[1]      ; HEX1[5]     ; 8.999  ;        ;        ; 8.999  ;
; SW[1]      ; HEX1[6]     ; 9.419  ;        ;        ; 9.419  ;
; SW[1]      ; HEX2[0]     ; 7.879  ;        ;        ; 7.879  ;
; SW[1]      ; HEX2[3]     ; 10.798 ;        ;        ; 10.798 ;
; SW[1]      ; HEX2[4]     ; 10.789 ;        ;        ; 10.789 ;
; SW[1]      ; HEX2[5]     ; 7.931  ;        ;        ; 7.931  ;
; SW[1]      ; HEX2[6]     ; 10.795 ;        ;        ; 10.795 ;
; SW[1]      ; LEDG[1]     ; 11.573 ;        ;        ; 11.573 ;
; SW[1]      ; LEDR[1]     ; 4.978  ;        ;        ; 4.978  ;
; SW[2]      ; HEX0[0]     ;        ; 8.487  ; 8.487  ;        ;
; SW[2]      ; HEX0[1]     ; 7.641  ;        ;        ; 7.641  ;
; SW[2]      ; HEX0[2]     ; 7.542  ;        ;        ; 7.542  ;
; SW[2]      ; HEX0[5]     ;        ; 8.183  ; 8.183  ;        ;
; SW[2]      ; HEX1[0]     ;        ; 9.956  ; 9.956  ;        ;
; SW[2]      ; HEX1[1]     ; 8.087  ;        ;        ; 8.087  ;
; SW[2]      ; HEX1[2]     ; 8.087  ;        ;        ; 8.087  ;
; SW[2]      ; HEX1[5]     ;        ; 9.603  ; 9.603  ;        ;
; SW[2]      ; HEX2[0]     ;        ; 9.047  ; 9.047  ;        ;
; SW[2]      ; HEX2[1]     ; 8.229  ;        ;        ; 8.229  ;
; SW[2]      ; HEX2[2]     ; 8.269  ;        ;        ; 8.269  ;
; SW[2]      ; HEX2[5]     ;        ; 9.099  ; 9.099  ;        ;
; SW[2]      ; LEDG[0]     ; 10.468 ;        ;        ; 10.468 ;
; SW[2]      ; LEDR[2]     ; 5.390  ;        ;        ; 5.390  ;
; SW[3]      ; HEX0[0]     ; 7.874  ;        ;        ; 7.874  ;
; SW[3]      ; HEX0[3]     ; 7.896  ;        ;        ; 7.896  ;
; SW[3]      ; HEX0[4]     ; 7.571  ;        ;        ; 7.571  ;
; SW[3]      ; HEX0[5]     ; 7.570  ;        ;        ; 7.570  ;
; SW[3]      ; HEX0[6]     ; 7.571  ;        ;        ; 7.571  ;
; SW[3]      ; HEX1[0]     ; 8.993  ;        ;        ; 8.993  ;
; SW[3]      ; HEX1[3]     ; 9.370  ;        ;        ; 9.370  ;
; SW[3]      ; HEX1[4]     ; 9.380  ;        ;        ; 9.380  ;
; SW[3]      ; HEX1[5]     ; 8.640  ;        ;        ; 8.640  ;
; SW[3]      ; HEX1[6]     ; 9.060  ;        ;        ; 9.060  ;
; SW[3]      ; HEX2[0]     ; 8.634  ;        ;        ; 8.634  ;
; SW[3]      ; HEX2[3]     ; 11.613 ;        ;        ; 11.613 ;
; SW[3]      ; HEX2[4]     ; 11.604 ;        ;        ; 11.604 ;
; SW[3]      ; HEX2[5]     ; 8.686  ;        ;        ; 8.686  ;
; SW[3]      ; HEX2[6]     ; 11.610 ;        ;        ; 11.610 ;
; SW[3]      ; LEDG[1]     ; 12.388 ;        ;        ; 12.388 ;
; SW[3]      ; LEDR[3]     ; 5.817  ;        ;        ; 5.817  ;
; SW[4]      ; HEX0[0]     ;        ; 9.445  ; 9.445  ;        ;
; SW[4]      ; HEX0[1]     ; 8.361  ;        ;        ; 8.361  ;
; SW[4]      ; HEX0[2]     ; 8.262  ;        ;        ; 8.262  ;
; SW[4]      ; HEX0[5]     ;        ; 9.141  ; 9.141  ;        ;
; SW[4]      ; HEX1[0]     ;        ; 9.230  ; 9.230  ;        ;
; SW[4]      ; HEX1[1]     ; 7.746  ;        ;        ; 7.746  ;
; SW[4]      ; HEX1[2]     ; 7.746  ;        ;        ; 7.746  ;
; SW[4]      ; HEX1[5]     ;        ; 8.877  ; 8.877  ;        ;
; SW[4]      ; HEX2[0]     ;        ; 9.179  ; 9.179  ;        ;
; SW[4]      ; HEX2[1]     ; 8.361  ;        ;        ; 8.361  ;
; SW[4]      ; HEX2[2]     ; 8.401  ;        ;        ; 8.401  ;
; SW[4]      ; HEX2[5]     ;        ; 9.231  ; 9.231  ;        ;
; SW[4]      ; LEDG[0]     ; 10.600 ;        ;        ; 10.600 ;
; SW[4]      ; LEDR[4]     ; 6.088  ;        ;        ; 6.088  ;
; SW[5]      ; HEX0[0]     ; 8.411  ;        ;        ; 8.411  ;
; SW[5]      ; HEX0[3]     ; 8.493  ;        ;        ; 8.493  ;
; SW[5]      ; HEX0[4]     ; 8.168  ;        ;        ; 8.168  ;
; SW[5]      ; HEX0[5]     ; 8.107  ;        ;        ; 8.107  ;
; SW[5]      ; HEX0[6]     ; 8.168  ;        ;        ; 8.168  ;
; SW[5]      ; HEX1[0]     ; 8.392  ;        ;        ; 8.392  ;
; SW[5]      ; HEX1[3]     ; 8.038  ;        ;        ; 8.038  ;
; SW[5]      ; HEX1[4]     ; 8.048  ;        ;        ; 8.048  ;
; SW[5]      ; HEX1[5]     ; 8.039  ;        ;        ; 8.039  ;
; SW[5]      ; HEX1[6]     ; 7.728  ;        ;        ; 7.728  ;
; SW[5]      ; HEX2[0]     ; 8.404  ;        ;        ; 8.404  ;
; SW[5]      ; HEX2[3]     ; 11.383 ;        ;        ; 11.383 ;
; SW[5]      ; HEX2[4]     ; 11.374 ;        ;        ; 11.374 ;
; SW[5]      ; HEX2[5]     ; 8.456  ;        ;        ; 8.456  ;
; SW[5]      ; HEX2[6]     ; 11.380 ;        ;        ; 11.380 ;
; SW[5]      ; LEDG[1]     ; 12.158 ;        ;        ; 12.158 ;
; SW[5]      ; LEDR[5]     ; 5.520  ;        ;        ; 5.520  ;
; SW[6]      ; LEDR[6]     ; 5.136  ;        ;        ; 5.136  ;
; SW[7]      ; LEDR[7]     ; 6.687  ;        ;        ; 6.687  ;
; SW[8]      ; HEX0[0]     ; 8.156  ; 8.156  ; 8.156  ; 8.156  ;
; SW[8]      ; HEX0[1]     ; 8.022  ; 8.022  ; 8.022  ; 8.022  ;
; SW[8]      ; HEX0[2]     ; 7.923  ; 7.923  ; 7.923  ; 7.923  ;
; SW[8]      ; HEX0[3]     ; 8.238  ; 8.238  ; 8.238  ; 8.238  ;
; SW[8]      ; HEX0[4]     ; 7.913  ; 7.913  ; 7.913  ; 7.913  ;
; SW[8]      ; HEX0[5]     ; 7.852  ; 7.852  ; 7.852  ; 7.852  ;
; SW[8]      ; HEX0[6]     ; 7.913  ; 7.913  ; 7.913  ; 7.913  ;
; SW[8]      ; HEX1[0]     ; 8.545  ; 8.545  ; 8.545  ; 8.545  ;
; SW[8]      ; HEX1[1]     ; 7.877  ; 7.877  ; 7.877  ; 7.877  ;
; SW[8]      ; HEX1[2]     ; 7.877  ; 7.877  ; 7.877  ; 7.877  ;
; SW[8]      ; HEX1[3]     ; 8.922  ; 8.922  ; 8.922  ; 8.922  ;
; SW[8]      ; HEX1[4]     ; 8.932  ; 8.932  ; 8.932  ; 8.932  ;
; SW[8]      ; HEX1[5]     ; 8.192  ; 8.192  ; 8.192  ; 8.192  ;
; SW[8]      ; HEX1[6]     ; 8.612  ; 8.612  ; 8.612  ; 8.612  ;
; SW[8]      ; HEX2[0]     ; 8.188  ; 8.188  ; 8.188  ; 8.188  ;
; SW[8]      ; HEX2[1]     ; 7.991  ; 7.991  ; 7.991  ; 7.991  ;
; SW[8]      ; HEX2[2]     ; 8.031  ; 8.031  ; 8.031  ; 8.031  ;
; SW[8]      ; HEX2[3]     ; 11.167 ; 11.167 ; 11.167 ; 11.167 ;
; SW[8]      ; HEX2[4]     ; 11.158 ; 11.158 ; 11.158 ; 11.158 ;
; SW[8]      ; HEX2[5]     ; 8.240  ; 8.240  ; 8.240  ; 8.240  ;
; SW[8]      ; HEX2[6]     ; 11.164 ; 11.164 ; 11.164 ; 11.164 ;
; SW[8]      ; LEDG[0]     ; 10.230 ; 10.230 ; 10.230 ; 10.230 ;
; SW[8]      ; LEDG[1]     ; 11.942 ; 11.942 ; 11.942 ; 11.942 ;
; SW[8]      ; LEDR[8]     ; 6.342  ;        ;        ; 6.342  ;
; SW[9]      ; HEX0[0]     ; 7.082  ; 8.197  ; 8.197  ; 7.082  ;
; SW[9]      ; HEX0[1]     ; 7.469  ; 8.162  ; 8.162  ; 7.469  ;
; SW[9]      ; HEX0[2]     ; 7.370  ; 8.063  ; 8.063  ; 7.370  ;
; SW[9]      ; HEX0[3]     ; 7.496  ; 8.279  ; 8.279  ; 7.496  ;
; SW[9]      ; HEX0[4]     ; 7.171  ; 7.954  ; 7.954  ; 7.171  ;
; SW[9]      ; HEX0[5]     ; 6.778  ; 7.893  ; 7.893  ; 6.778  ;
; SW[9]      ; HEX0[6]     ; 7.171  ; 7.954  ; 7.954  ; 7.171  ;
; SW[9]      ; HEX1[0]     ; 7.519  ; 8.201  ; 8.201  ; 7.519  ;
; SW[9]      ; HEX1[1]     ; 7.454  ; 7.881  ; 7.881  ; 7.454  ;
; SW[9]      ; HEX1[2]     ; 7.454  ; 7.881  ; 7.881  ; 7.454  ;
; SW[9]      ; HEX1[3]     ; 7.547  ; 8.578  ; 8.578  ; 7.547  ;
; SW[9]      ; HEX1[4]     ; 7.557  ; 8.588  ; 8.588  ; 7.557  ;
; SW[9]      ; HEX1[5]     ; 7.166  ; 7.848  ; 7.848  ; 7.166  ;
; SW[9]      ; HEX1[6]     ; 7.237  ; 8.268  ; 8.268  ; 7.237  ;
; SW[9]      ; HEX2[0]     ; 7.452  ; 8.255  ; 8.255  ; 7.452  ;
; SW[9]      ; HEX2[1]     ; 7.473  ; 8.149  ; 8.149  ; 7.473  ;
; SW[9]      ; HEX2[2]     ; 7.513  ; 8.189  ; 8.189  ; 7.513  ;
; SW[9]      ; HEX2[3]     ; 10.374 ; 11.308 ; 11.308 ; 10.374 ;
; SW[9]      ; HEX2[4]     ; 10.365 ; 11.299 ; 11.299 ; 10.365 ;
; SW[9]      ; HEX2[5]     ; 7.504  ; 8.307  ; 8.307  ; 7.504  ;
; SW[9]      ; HEX2[6]     ; 10.371 ; 11.305 ; 11.305 ; 10.371 ;
; SW[9]      ; LEDG[0]     ; 9.712  ; 10.388 ; 10.388 ; 9.712  ;
; SW[9]      ; LEDG[1]     ; 11.149 ; 12.083 ; 12.083 ; 11.149 ;
; SW[9]      ; LEDR[9]     ; 6.364  ;        ;        ; 6.364  ;
+------------+-------------+--------+--------+--------+--------+


----------------------------
; Fast Model Setup Summary ;
----------------------------
No paths to report.


---------------------------
; Fast Model Hold Summary ;
---------------------------
No paths to report.


-------------------------------
; Fast Model Recovery Summary ;
-------------------------------
No paths to report.


------------------------------
; Fast Model Removal Summary ;
------------------------------
No paths to report.


------------------------------------------
; Fast Model Minimum Pulse Width Summary ;
------------------------------------------
No paths to report.


+----------------------------------------------------------+
; Propagation Delay                                        ;
+------------+-------------+-------+-------+-------+-------+
; Input Port ; Output Port ; RR    ; RF    ; FR    ; FF    ;
+------------+-------------+-------+-------+-------+-------+
; SW[0]      ; HEX0[0]     ;       ; 4.117 ; 4.117 ;       ;
; SW[0]      ; HEX0[1]     ; 3.765 ;       ;       ; 3.765 ;
; SW[0]      ; HEX0[2]     ; 3.719 ;       ;       ; 3.719 ;
; SW[0]      ; HEX0[5]     ;       ; 4.025 ; 4.025 ;       ;
; SW[0]      ; HEX1[0]     ;       ; 4.479 ; 4.479 ;       ;
; SW[0]      ; HEX1[1]     ; 3.768 ;       ;       ; 3.768 ;
; SW[0]      ; HEX1[2]     ; 3.768 ;       ;       ; 3.768 ;
; SW[0]      ; HEX1[5]     ;       ; 4.341 ; 4.341 ;       ;
; SW[0]      ; HEX2[0]     ;       ; 3.845 ; 3.845 ;       ;
; SW[0]      ; HEX2[1]     ; 3.542 ;       ;       ; 3.542 ;
; SW[0]      ; HEX2[2]     ; 3.582 ;       ;       ; 3.582 ;
; SW[0]      ; HEX2[5]     ;       ; 3.881 ; 3.881 ;       ;
; SW[0]      ; LEDG[0]     ; 4.535 ;       ;       ; 4.535 ;
; SW[0]      ; LEDR[0]     ; 2.289 ;       ;       ; 2.289 ;
; SW[1]      ; HEX0[0]     ; 4.015 ;       ;       ; 4.015 ;
; SW[1]      ; HEX0[3]     ; 4.036 ;       ;       ; 4.036 ;
; SW[1]      ; HEX0[4]     ; 3.923 ;       ;       ; 3.923 ;
; SW[1]      ; HEX0[5]     ; 3.923 ;       ;       ; 3.923 ;
; SW[1]      ; HEX0[6]     ; 3.923 ;       ;       ; 3.923 ;
; SW[1]      ; HEX1[0]     ; 4.177 ;       ;       ; 4.177 ;
; SW[1]      ; HEX1[3]     ; 4.298 ;       ;       ; 4.298 ;
; SW[1]      ; HEX1[4]     ; 4.308 ;       ;       ; 4.308 ;
; SW[1]      ; HEX1[5]     ; 4.039 ;       ;       ; 4.039 ;
; SW[1]      ; HEX1[6]     ; 4.200 ;       ;       ; 4.200 ;
; SW[1]      ; HEX2[0]     ; 4.036 ;       ;       ; 4.036 ;
; SW[1]      ; HEX2[3]     ; 4.898 ;       ;       ; 4.898 ;
; SW[1]      ; HEX2[4]     ; 4.887 ;       ;       ; 4.887 ;
; SW[1]      ; HEX2[5]     ; 4.072 ;       ;       ; 4.072 ;
; SW[1]      ; HEX2[6]     ; 4.892 ;       ;       ; 4.892 ;
; SW[1]      ; LEDG[1]     ; 5.280 ;       ;       ; 5.280 ;
; SW[1]      ; LEDR[1]     ; 2.423 ;       ;       ; 2.423 ;
; SW[2]      ; HEX0[0]     ;       ; 3.794 ; 3.794 ;       ;
; SW[2]      ; HEX0[1]     ; 3.511 ;       ;       ; 3.511 ;
; SW[2]      ; HEX0[2]     ; 3.465 ;       ;       ; 3.465 ;
; SW[2]      ; HEX0[5]     ;       ; 3.702 ; 3.702 ;       ;
; SW[2]      ; HEX1[0]     ;       ; 4.369 ; 4.369 ;       ;
; SW[2]      ; HEX1[1]     ; 3.658 ;       ;       ; 3.658 ;
; SW[2]      ; HEX1[2]     ; 3.658 ;       ;       ; 3.658 ;
; SW[2]      ; HEX1[5]     ;       ; 4.231 ; 4.231 ;       ;
; SW[2]      ; HEX2[0]     ;       ; 4.031 ; 4.031 ;       ;
; SW[2]      ; HEX2[1]     ; 3.733 ;       ;       ; 3.733 ;
; SW[2]      ; HEX2[2]     ; 3.773 ;       ;       ; 3.773 ;
; SW[2]      ; HEX2[5]     ;       ; 4.067 ; 4.067 ;       ;
; SW[2]      ; LEDG[0]     ; 4.726 ;       ;       ; 4.726 ;
; SW[2]      ; LEDR[2]     ; 2.613 ;       ;       ; 2.613 ;
; SW[3]      ; HEX0[0]     ; 3.940 ;       ;       ; 3.940 ;
; SW[3]      ; HEX0[3]     ; 3.664 ;       ;       ; 3.664 ;
; SW[3]      ; HEX0[4]     ; 3.551 ;       ;       ; 3.551 ;
; SW[3]      ; HEX0[5]     ; 3.848 ;       ;       ; 3.848 ;
; SW[3]      ; HEX0[6]     ; 3.551 ;       ;       ; 3.551 ;
; SW[3]      ; HEX1[0]     ; 4.095 ;       ;       ; 4.095 ;
; SW[3]      ; HEX1[3]     ; 4.216 ;       ;       ; 4.216 ;
; SW[3]      ; HEX1[4]     ; 4.226 ;       ;       ; 4.226 ;
; SW[3]      ; HEX1[5]     ; 3.957 ;       ;       ; 3.957 ;
; SW[3]      ; HEX1[6]     ; 4.118 ;       ;       ; 4.118 ;
; SW[3]      ; HEX2[0]     ; 3.935 ;       ;       ; 3.935 ;
; SW[3]      ; HEX2[3]     ; 5.227 ;       ;       ; 5.227 ;
; SW[3]      ; HEX2[4]     ; 5.216 ;       ;       ; 5.216 ;
; SW[3]      ; HEX2[5]     ; 3.971 ;       ;       ; 3.971 ;
; SW[3]      ; HEX2[6]     ; 5.221 ;       ;       ; 5.221 ;
; SW[3]      ; LEDG[1]     ; 5.609 ;       ;       ; 5.609 ;
; SW[3]      ; LEDR[3]     ; 2.865 ;       ;       ; 2.865 ;
; SW[4]      ; HEX0[0]     ;       ; 4.136 ; 4.136 ;       ;
; SW[4]      ; HEX0[1]     ; 3.784 ;       ;       ; 3.784 ;
; SW[4]      ; HEX0[2]     ; 3.738 ;       ;       ; 3.738 ;
; SW[4]      ; HEX0[5]     ;       ; 4.044 ; 4.044 ;       ;
; SW[4]      ; HEX1[0]     ;       ; 4.121 ; 4.121 ;       ;
; SW[4]      ; HEX1[1]     ; 3.545 ;       ;       ; 3.545 ;
; SW[4]      ; HEX1[2]     ; 3.545 ;       ;       ; 3.545 ;
; SW[4]      ; HEX1[5]     ;       ; 3.983 ; 3.983 ;       ;
; SW[4]      ; HEX2[0]     ;       ; 4.082 ; 4.082 ;       ;
; SW[4]      ; HEX2[1]     ; 3.784 ;       ;       ; 3.784 ;
; SW[4]      ; HEX2[2]     ; 3.824 ;       ;       ; 3.824 ;
; SW[4]      ; HEX2[5]     ;       ; 4.118 ; 4.118 ;       ;
; SW[4]      ; LEDG[0]     ; 4.777 ;       ;       ; 4.777 ;
; SW[4]      ; LEDR[4]     ; 2.963 ;       ;       ; 2.963 ;
; SW[5]      ; HEX0[0]     ; 3.792 ;       ;       ; 3.792 ;
; SW[5]      ; HEX0[3]     ; 3.813 ;       ;       ; 3.813 ;
; SW[5]      ; HEX0[4]     ; 3.700 ;       ;       ; 3.700 ;
; SW[5]      ; HEX0[5]     ; 3.700 ;       ;       ; 3.700 ;
; SW[5]      ; HEX0[6]     ; 3.700 ;       ;       ; 3.700 ;
; SW[5]      ; HEX1[0]     ; 4.073 ;       ;       ; 4.073 ;
; SW[5]      ; HEX1[3]     ; 3.675 ;       ;       ; 3.675 ;
; SW[5]      ; HEX1[4]     ; 3.685 ;       ;       ; 3.685 ;
; SW[5]      ; HEX1[5]     ; 3.935 ;       ;       ; 3.935 ;
; SW[5]      ; HEX1[6]     ; 3.577 ;       ;       ; 3.577 ;
; SW[5]      ; HEX2[0]     ; 3.793 ;       ;       ; 3.793 ;
; SW[5]      ; HEX2[3]     ; 5.085 ;       ;       ; 5.085 ;
; SW[5]      ; HEX2[4]     ; 5.074 ;       ;       ; 5.074 ;
; SW[5]      ; HEX2[5]     ; 3.829 ;       ;       ; 3.829 ;
; SW[5]      ; HEX2[6]     ; 5.079 ;       ;       ; 5.079 ;
; SW[5]      ; LEDG[1]     ; 5.467 ;       ;       ; 5.467 ;
; SW[5]      ; LEDR[5]     ; 2.659 ;       ;       ; 2.659 ;
; SW[6]      ; LEDR[6]     ; 2.511 ;       ;       ; 2.511 ;
; SW[7]      ; LEDR[7]     ; 3.245 ;       ;       ; 3.245 ;
; SW[8]      ; HEX0[0]     ; 3.921 ; 3.921 ; 3.921 ; 3.921 ;
; SW[8]      ; HEX0[1]     ; 3.569 ; 3.569 ; 3.569 ; 3.569 ;
; SW[8]      ; HEX0[2]     ; 3.523 ; 3.523 ; 3.523 ; 3.523 ;
; SW[8]      ; HEX0[3]     ; 3.643 ; 3.643 ; 3.643 ; 3.643 ;
; SW[8]      ; HEX0[4]     ; 3.530 ; 3.530 ; 3.530 ; 3.530 ;
; SW[8]      ; HEX0[5]     ; 3.829 ; 3.829 ; 3.829 ; 3.829 ;
; SW[8]      ; HEX0[6]     ; 3.530 ; 3.530 ; 3.530 ; 3.530 ;
; SW[8]      ; HEX1[0]     ; 4.204 ; 4.204 ; 4.204 ; 4.204 ;
; SW[8]      ; HEX1[1]     ; 3.493 ; 3.493 ; 3.493 ; 3.493 ;
; SW[8]      ; HEX1[2]     ; 3.493 ; 3.493 ; 3.493 ; 3.493 ;
; SW[8]      ; HEX1[3]     ; 3.910 ; 3.910 ; 3.910 ; 3.910 ;
; SW[8]      ; HEX1[4]     ; 3.920 ; 3.920 ; 3.920 ; 3.920 ;
; SW[8]      ; HEX1[5]     ; 4.066 ; 4.066 ; 4.066 ; 4.066 ;
; SW[8]      ; HEX1[6]     ; 3.812 ; 3.812 ; 3.812 ; 3.812 ;
; SW[8]      ; HEX2[0]     ; 3.866 ; 3.866 ; 3.866 ; 3.866 ;
; SW[8]      ; HEX2[1]     ; 3.568 ; 3.568 ; 3.568 ; 3.568 ;
; SW[8]      ; HEX2[2]     ; 3.608 ; 3.608 ; 3.608 ; 3.608 ;
; SW[8]      ; HEX2[3]     ; 4.917 ; 4.917 ; 4.917 ; 4.917 ;
; SW[8]      ; HEX2[4]     ; 4.906 ; 4.906 ; 4.906 ; 4.906 ;
; SW[8]      ; HEX2[5]     ; 3.902 ; 3.902 ; 3.902 ; 3.902 ;
; SW[8]      ; HEX2[6]     ; 4.911 ; 4.911 ; 4.911 ; 4.911 ;
; SW[8]      ; LEDG[0]     ; 4.561 ; 4.561 ; 4.561 ; 4.561 ;
; SW[8]      ; LEDG[1]     ; 5.299 ; 5.299 ; 5.299 ; 5.299 ;
; SW[8]      ; LEDR[8]     ; 3.015 ;       ;       ; 3.015 ;
; SW[9]      ; HEX0[0]     ; 3.995 ; 3.655 ; 3.655 ; 3.995 ;
; SW[9]      ; HEX0[1]     ; 3.367 ; 3.643 ; 3.643 ; 3.367 ;
; SW[9]      ; HEX0[2]     ; 3.321 ; 3.597 ; 3.597 ; 3.321 ;
; SW[9]      ; HEX0[3]     ; 3.379 ; 3.651 ; 3.651 ; 3.379 ;
; SW[9]      ; HEX0[4]     ; 3.266 ; 3.538 ; 3.538 ; 3.266 ;
; SW[9]      ; HEX0[5]     ; 3.903 ; 3.563 ; 3.563 ; 3.903 ;
; SW[9]      ; HEX0[6]     ; 3.266 ; 3.538 ; 3.538 ; 3.266 ;
; SW[9]      ; HEX1[0]     ; 4.209 ; 3.983 ; 3.983 ; 4.209 ;
; SW[9]      ; HEX1[1]     ; 3.351 ; 3.498 ; 3.498 ; 3.351 ;
; SW[9]      ; HEX1[2]     ; 3.351 ; 3.498 ; 3.498 ; 3.351 ;
; SW[9]      ; HEX1[3]     ; 3.409 ; 3.800 ; 3.800 ; 3.409 ;
; SW[9]      ; HEX1[4]     ; 3.419 ; 3.810 ; 3.810 ; 3.419 ;
; SW[9]      ; HEX1[5]     ; 4.071 ; 3.845 ; 3.845 ; 4.071 ;
; SW[9]      ; HEX1[6]     ; 3.311 ; 3.702 ; 3.702 ; 3.311 ;
; SW[9]      ; HEX2[0]     ; 3.939 ; 3.703 ; 3.703 ; 3.939 ;
; SW[9]      ; HEX2[1]     ; 3.367 ; 3.641 ; 3.641 ; 3.367 ;
; SW[9]      ; HEX2[2]     ; 3.407 ; 3.681 ; 3.681 ; 3.407 ;
; SW[9]      ; HEX2[3]     ; 4.641 ; 4.995 ; 4.995 ; 4.641 ;
; SW[9]      ; HEX2[4]     ; 4.630 ; 4.984 ; 4.984 ; 4.630 ;
; SW[9]      ; HEX2[5]     ; 3.975 ; 3.739 ; 3.739 ; 3.975 ;
; SW[9]      ; HEX2[6]     ; 4.635 ; 4.989 ; 4.989 ; 4.635 ;
; SW[9]      ; LEDG[0]     ; 4.360 ; 4.634 ; 4.634 ; 4.360 ;
; SW[9]      ; LEDG[1]     ; 5.023 ; 5.377 ; 5.377 ; 5.023 ;
; SW[9]      ; LEDR[9]     ; 3.034 ;       ;       ; 3.034 ;
+------------+-------------+-------+-------+-------+-------+


+----------------------------------------------------------+
; Minimum Propagation Delay                                ;
+------------+-------------+-------+-------+-------+-------+
; Input Port ; Output Port ; RR    ; RF    ; FR    ; FF    ;
+------------+-------------+-------+-------+-------+-------+
; SW[0]      ; HEX0[0]     ;       ; 4.117 ; 4.117 ;       ;
; SW[0]      ; HEX0[1]     ; 3.765 ;       ;       ; 3.765 ;
; SW[0]      ; HEX0[2]     ; 3.719 ;       ;       ; 3.719 ;
; SW[0]      ; HEX0[5]     ;       ; 4.025 ; 4.025 ;       ;
; SW[0]      ; HEX1[0]     ;       ; 4.479 ; 4.479 ;       ;
; SW[0]      ; HEX1[1]     ; 3.768 ;       ;       ; 3.768 ;
; SW[0]      ; HEX1[2]     ; 3.768 ;       ;       ; 3.768 ;
; SW[0]      ; HEX1[5]     ;       ; 4.341 ; 4.341 ;       ;
; SW[0]      ; HEX2[0]     ;       ; 3.845 ; 3.845 ;       ;
; SW[0]      ; HEX2[1]     ; 3.542 ;       ;       ; 3.542 ;
; SW[0]      ; HEX2[2]     ; 3.582 ;       ;       ; 3.582 ;
; SW[0]      ; HEX2[5]     ;       ; 3.881 ; 3.881 ;       ;
; SW[0]      ; LEDG[0]     ; 4.535 ;       ;       ; 4.535 ;
; SW[0]      ; LEDR[0]     ; 2.289 ;       ;       ; 2.289 ;
; SW[1]      ; HEX0[0]     ; 4.015 ;       ;       ; 4.015 ;
; SW[1]      ; HEX0[3]     ; 4.036 ;       ;       ; 4.036 ;
; SW[1]      ; HEX0[4]     ; 3.923 ;       ;       ; 3.923 ;
; SW[1]      ; HEX0[5]     ; 3.923 ;       ;       ; 3.923 ;
; SW[1]      ; HEX0[6]     ; 3.923 ;       ;       ; 3.923 ;
; SW[1]      ; HEX1[0]     ; 4.177 ;       ;       ; 4.177 ;
; SW[1]      ; HEX1[3]     ; 4.298 ;       ;       ; 4.298 ;
; SW[1]      ; HEX1[4]     ; 4.308 ;       ;       ; 4.308 ;
; SW[1]      ; HEX1[5]     ; 4.039 ;       ;       ; 4.039 ;
; SW[1]      ; HEX1[6]     ; 4.200 ;       ;       ; 4.200 ;
; SW[1]      ; HEX2[0]     ; 3.609 ;       ;       ; 3.609 ;
; SW[1]      ; HEX2[3]     ; 4.898 ;       ;       ; 4.898 ;
; SW[1]      ; HEX2[4]     ; 4.887 ;       ;       ; 4.887 ;
; SW[1]      ; HEX2[5]     ; 3.645 ;       ;       ; 3.645 ;
; SW[1]      ; HEX2[6]     ; 4.892 ;       ;       ; 4.892 ;
; SW[1]      ; LEDG[1]     ; 5.280 ;       ;       ; 5.280 ;
; SW[1]      ; LEDR[1]     ; 2.423 ;       ;       ; 2.423 ;
; SW[2]      ; HEX0[0]     ;       ; 3.794 ; 3.794 ;       ;
; SW[2]      ; HEX0[1]     ; 3.511 ;       ;       ; 3.511 ;
; SW[2]      ; HEX0[2]     ; 3.465 ;       ;       ; 3.465 ;
; SW[2]      ; HEX0[5]     ;       ; 3.702 ; 3.702 ;       ;
; SW[2]      ; HEX1[0]     ;       ; 4.369 ; 4.369 ;       ;
; SW[2]      ; HEX1[1]     ; 3.658 ;       ;       ; 3.658 ;
; SW[2]      ; HEX1[2]     ; 3.658 ;       ;       ; 3.658 ;
; SW[2]      ; HEX1[5]     ;       ; 4.231 ; 4.231 ;       ;
; SW[2]      ; HEX2[0]     ;       ; 4.031 ; 4.031 ;       ;
; SW[2]      ; HEX2[1]     ; 3.733 ;       ;       ; 3.733 ;
; SW[2]      ; HEX2[2]     ; 3.773 ;       ;       ; 3.773 ;
; SW[2]      ; HEX2[5]     ;       ; 4.067 ; 4.067 ;       ;
; SW[2]      ; LEDG[0]     ; 4.726 ;       ;       ; 4.726 ;
; SW[2]      ; LEDR[2]     ; 2.613 ;       ;       ; 2.613 ;
; SW[3]      ; HEX0[0]     ; 3.643 ;       ;       ; 3.643 ;
; SW[3]      ; HEX0[3]     ; 3.664 ;       ;       ; 3.664 ;
; SW[3]      ; HEX0[4]     ; 3.551 ;       ;       ; 3.551 ;
; SW[3]      ; HEX0[5]     ; 3.551 ;       ;       ; 3.551 ;
; SW[3]      ; HEX0[6]     ; 3.551 ;       ;       ; 3.551 ;
; SW[3]      ; HEX1[0]     ; 4.095 ;       ;       ; 4.095 ;
; SW[3]      ; HEX1[3]     ; 4.216 ;       ;       ; 4.216 ;
; SW[3]      ; HEX1[4]     ; 4.226 ;       ;       ; 4.226 ;
; SW[3]      ; HEX1[5]     ; 3.957 ;       ;       ; 3.957 ;
; SW[3]      ; HEX1[6]     ; 4.118 ;       ;       ; 4.118 ;
; SW[3]      ; HEX2[0]     ; 3.935 ;       ;       ; 3.935 ;
; SW[3]      ; HEX2[3]     ; 5.227 ;       ;       ; 5.227 ;
; SW[3]      ; HEX2[4]     ; 5.216 ;       ;       ; 5.216 ;
; SW[3]      ; HEX2[5]     ; 3.971 ;       ;       ; 3.971 ;
; SW[3]      ; HEX2[6]     ; 5.221 ;       ;       ; 5.221 ;
; SW[3]      ; LEDG[1]     ; 5.609 ;       ;       ; 5.609 ;
; SW[3]      ; LEDR[3]     ; 2.865 ;       ;       ; 2.865 ;
; SW[4]      ; HEX0[0]     ;       ; 4.136 ; 4.136 ;       ;
; SW[4]      ; HEX0[1]     ; 3.784 ;       ;       ; 3.784 ;
; SW[4]      ; HEX0[2]     ; 3.738 ;       ;       ; 3.738 ;
; SW[4]      ; HEX0[5]     ;       ; 4.044 ; 4.044 ;       ;
; SW[4]      ; HEX1[0]     ;       ; 4.121 ; 4.121 ;       ;
; SW[4]      ; HEX1[1]     ; 3.545 ;       ;       ; 3.545 ;
; SW[4]      ; HEX1[2]     ; 3.545 ;       ;       ; 3.545 ;
; SW[4]      ; HEX1[5]     ;       ; 3.983 ; 3.983 ;       ;
; SW[4]      ; HEX2[0]     ;       ; 4.082 ; 4.082 ;       ;
; SW[4]      ; HEX2[1]     ; 3.784 ;       ;       ; 3.784 ;
; SW[4]      ; HEX2[2]     ; 3.824 ;       ;       ; 3.824 ;
; SW[4]      ; HEX2[5]     ;       ; 4.118 ; 4.118 ;       ;
; SW[4]      ; LEDG[0]     ; 4.777 ;       ;       ; 4.777 ;
; SW[4]      ; LEDR[4]     ; 2.963 ;       ;       ; 2.963 ;
; SW[5]      ; HEX0[0]     ; 3.792 ;       ;       ; 3.792 ;
; SW[5]      ; HEX0[3]     ; 3.813 ;       ;       ; 3.813 ;
; SW[5]      ; HEX0[4]     ; 3.700 ;       ;       ; 3.700 ;
; SW[5]      ; HEX0[5]     ; 3.700 ;       ;       ; 3.700 ;
; SW[5]      ; HEX0[6]     ; 3.700 ;       ;       ; 3.700 ;
; SW[5]      ; HEX1[0]     ; 3.807 ;       ;       ; 3.807 ;
; SW[5]      ; HEX1[3]     ; 3.675 ;       ;       ; 3.675 ;
; SW[5]      ; HEX1[4]     ; 3.685 ;       ;       ; 3.685 ;
; SW[5]      ; HEX1[5]     ; 3.669 ;       ;       ; 3.669 ;
; SW[5]      ; HEX1[6]     ; 3.577 ;       ;       ; 3.577 ;
; SW[5]      ; HEX2[0]     ; 3.793 ;       ;       ; 3.793 ;
; SW[5]      ; HEX2[3]     ; 5.085 ;       ;       ; 5.085 ;
; SW[5]      ; HEX2[4]     ; 5.074 ;       ;       ; 5.074 ;
; SW[5]      ; HEX2[5]     ; 3.829 ;       ;       ; 3.829 ;
; SW[5]      ; HEX2[6]     ; 5.079 ;       ;       ; 5.079 ;
; SW[5]      ; LEDG[1]     ; 5.467 ;       ;       ; 5.467 ;
; SW[5]      ; LEDR[5]     ; 2.659 ;       ;       ; 2.659 ;
; SW[6]      ; LEDR[6]     ; 2.511 ;       ;       ; 2.511 ;
; SW[7]      ; LEDR[7]     ; 3.245 ;       ;       ; 3.245 ;
; SW[8]      ; HEX0[0]     ; 3.622 ; 3.622 ; 3.622 ; 3.622 ;
; SW[8]      ; HEX0[1]     ; 3.569 ; 3.569 ; 3.569 ; 3.569 ;
; SW[8]      ; HEX0[2]     ; 3.523 ; 3.523 ; 3.523 ; 3.523 ;
; SW[8]      ; HEX0[3]     ; 3.643 ; 3.643 ; 3.643 ; 3.643 ;
; SW[8]      ; HEX0[4]     ; 3.530 ; 3.530 ; 3.530 ; 3.530 ;
; SW[8]      ; HEX0[5]     ; 3.530 ; 3.530 ; 3.530 ; 3.530 ;
; SW[8]      ; HEX0[6]     ; 3.530 ; 3.530 ; 3.530 ; 3.530 ;
; SW[8]      ; HEX1[0]     ; 3.789 ; 3.789 ; 3.789 ; 3.789 ;
; SW[8]      ; HEX1[1]     ; 3.493 ; 3.493 ; 3.493 ; 3.493 ;
; SW[8]      ; HEX1[2]     ; 3.493 ; 3.493 ; 3.493 ; 3.493 ;
; SW[8]      ; HEX1[3]     ; 3.910 ; 3.910 ; 3.910 ; 3.910 ;
; SW[8]      ; HEX1[4]     ; 3.920 ; 3.920 ; 3.920 ; 3.920 ;
; SW[8]      ; HEX1[5]     ; 3.651 ; 3.651 ; 3.651 ; 3.651 ;
; SW[8]      ; HEX1[6]     ; 3.812 ; 3.812 ; 3.812 ; 3.812 ;
; SW[8]      ; HEX2[0]     ; 3.625 ; 3.625 ; 3.625 ; 3.625 ;
; SW[8]      ; HEX2[1]     ; 3.568 ; 3.568 ; 3.568 ; 3.568 ;
; SW[8]      ; HEX2[2]     ; 3.608 ; 3.608 ; 3.608 ; 3.608 ;
; SW[8]      ; HEX2[3]     ; 4.917 ; 4.917 ; 4.917 ; 4.917 ;
; SW[8]      ; HEX2[4]     ; 4.906 ; 4.906 ; 4.906 ; 4.906 ;
; SW[8]      ; HEX2[5]     ; 3.661 ; 3.661 ; 3.661 ; 3.661 ;
; SW[8]      ; HEX2[6]     ; 4.911 ; 4.911 ; 4.911 ; 4.911 ;
; SW[8]      ; LEDG[0]     ; 4.561 ; 4.561 ; 4.561 ; 4.561 ;
; SW[8]      ; LEDG[1]     ; 5.299 ; 5.299 ; 5.299 ; 5.299 ;
; SW[8]      ; LEDR[8]     ; 3.015 ;       ;       ; 3.015 ;
; SW[9]      ; HEX0[0]     ; 3.230 ; 3.630 ; 3.630 ; 3.230 ;
; SW[9]      ; HEX0[1]     ; 3.367 ; 3.643 ; 3.643 ; 3.367 ;
; SW[9]      ; HEX0[2]     ; 3.321 ; 3.597 ; 3.597 ; 3.321 ;
; SW[9]      ; HEX0[3]     ; 3.379 ; 3.651 ; 3.651 ; 3.379 ;
; SW[9]      ; HEX0[4]     ; 3.266 ; 3.538 ; 3.538 ; 3.266 ;
; SW[9]      ; HEX0[5]     ; 3.138 ; 3.538 ; 3.538 ; 3.138 ;
; SW[9]      ; HEX0[6]     ; 3.266 ; 3.538 ; 3.538 ; 3.266 ;
; SW[9]      ; HEX1[0]     ; 3.409 ; 3.679 ; 3.679 ; 3.409 ;
; SW[9]      ; HEX1[1]     ; 3.351 ; 3.498 ; 3.498 ; 3.351 ;
; SW[9]      ; HEX1[2]     ; 3.351 ; 3.498 ; 3.498 ; 3.351 ;
; SW[9]      ; HEX1[3]     ; 3.409 ; 3.800 ; 3.800 ; 3.409 ;
; SW[9]      ; HEX1[4]     ; 3.419 ; 3.810 ; 3.810 ; 3.419 ;
; SW[9]      ; HEX1[5]     ; 3.271 ; 3.541 ; 3.541 ; 3.271 ;
; SW[9]      ; HEX1[6]     ; 3.311 ; 3.702 ; 3.702 ; 3.311 ;
; SW[9]      ; HEX2[0]     ; 3.353 ; 3.671 ; 3.671 ; 3.353 ;
; SW[9]      ; HEX2[1]     ; 3.367 ; 3.641 ; 3.641 ; 3.367 ;
; SW[9]      ; HEX2[2]     ; 3.407 ; 3.681 ; 3.681 ; 3.407 ;
; SW[9]      ; HEX2[3]     ; 4.641 ; 4.995 ; 4.995 ; 4.641 ;
; SW[9]      ; HEX2[4]     ; 4.630 ; 4.984 ; 4.984 ; 4.630 ;
; SW[9]      ; HEX2[5]     ; 3.389 ; 3.707 ; 3.707 ; 3.389 ;
; SW[9]      ; HEX2[6]     ; 4.635 ; 4.989 ; 4.989 ; 4.635 ;
; SW[9]      ; LEDG[0]     ; 4.360 ; 4.634 ; 4.634 ; 4.360 ;
; SW[9]      ; LEDG[1]     ; 5.023 ; 5.377 ; 5.377 ; 5.023 ;
; SW[9]      ; LEDR[9]     ; 3.034 ;       ;       ; 3.034 ;
+------------+-------------+-------+-------+-------+-------+


+----------------------------------------------------------------------------+
; Multicorner Timing Analysis Summary                                        ;
+------------------+-------+------+----------+---------+---------------------+
; Clock            ; Setup ; Hold ; Recovery ; Removal ; Minimum Pulse Width ;
+------------------+-------+------+----------+---------+---------------------+
; Worst-case Slack ; N/A   ; N/A  ; N/A      ; N/A     ; N/A                 ;
; Design-wide TNS  ; 0.0   ; 0.0  ; 0.0      ; 0.0     ; 0.0                 ;
+------------------+-------+------+----------+---------+---------------------+


+--------------------------------------------------------------+
; Progagation Delay                                            ;
+------------+-------------+--------+--------+--------+--------+
; Input Port ; Output Port ; RR     ; RF     ; FR     ; FF     ;
+------------+-------------+--------+--------+--------+--------+
; SW[0]      ; HEX0[0]     ;        ; 9.373  ; 9.373  ;        ;
; SW[0]      ; HEX0[1]     ; 8.289  ;        ;        ; 8.289  ;
; SW[0]      ; HEX0[2]     ; 8.190  ;        ;        ; 8.190  ;
; SW[0]      ; HEX0[5]     ;        ; 9.069  ; 9.069  ;        ;
; SW[0]      ; HEX1[0]     ;        ; 10.284 ; 10.284 ;        ;
; SW[0]      ; HEX1[1]     ; 8.415  ;        ;        ; 8.415  ;
; SW[0]      ; HEX1[2]     ; 8.415  ;        ;        ; 8.415  ;
; SW[0]      ; HEX1[5]     ;        ; 9.931  ; 9.931  ;        ;
; SW[0]      ; HEX2[0]     ;        ; 8.478  ; 8.478  ;        ;
; SW[0]      ; HEX2[1]     ; 7.698  ;        ;        ; 7.698  ;
; SW[0]      ; HEX2[2]     ; 7.738  ;        ;        ; 7.738  ;
; SW[0]      ; HEX2[5]     ;        ; 8.530  ; 8.530  ;        ;
; SW[0]      ; LEDG[0]     ; 9.937  ;        ;        ; 9.937  ;
; SW[0]      ; LEDR[0]     ; 4.635  ;        ;        ; 4.635  ;
; SW[1]      ; HEX0[0]     ; 8.995  ;        ;        ; 8.995  ;
; SW[1]      ; HEX0[3]     ; 9.077  ;        ;        ; 9.077  ;
; SW[1]      ; HEX0[4]     ; 8.752  ;        ;        ; 8.752  ;
; SW[1]      ; HEX0[5]     ; 8.691  ;        ;        ; 8.691  ;
; SW[1]      ; HEX0[6]     ; 8.752  ;        ;        ; 8.752  ;
; SW[1]      ; HEX1[0]     ; 9.352  ;        ;        ; 9.352  ;
; SW[1]      ; HEX1[3]     ; 9.729  ;        ;        ; 9.729  ;
; SW[1]      ; HEX1[4]     ; 9.739  ;        ;        ; 9.739  ;
; SW[1]      ; HEX1[5]     ; 8.999  ;        ;        ; 8.999  ;
; SW[1]      ; HEX1[6]     ; 9.419  ;        ;        ; 9.419  ;
; SW[1]      ; HEX2[0]     ; 9.011  ;        ;        ; 9.011  ;
; SW[1]      ; HEX2[3]     ; 10.798 ;        ;        ; 10.798 ;
; SW[1]      ; HEX2[4]     ; 10.789 ;        ;        ; 10.789 ;
; SW[1]      ; HEX2[5]     ; 9.063  ;        ;        ; 9.063  ;
; SW[1]      ; HEX2[6]     ; 10.795 ;        ;        ; 10.795 ;
; SW[1]      ; LEDG[1]     ; 11.573 ;        ;        ; 11.573 ;
; SW[1]      ; LEDR[1]     ; 4.978  ;        ;        ; 4.978  ;
; SW[2]      ; HEX0[0]     ;        ; 8.487  ; 8.487  ;        ;
; SW[2]      ; HEX0[1]     ; 7.641  ;        ;        ; 7.641  ;
; SW[2]      ; HEX0[2]     ; 7.542  ;        ;        ; 7.542  ;
; SW[2]      ; HEX0[5]     ;        ; 8.183  ; 8.183  ;        ;
; SW[2]      ; HEX1[0]     ;        ; 9.956  ; 9.956  ;        ;
; SW[2]      ; HEX1[1]     ; 8.087  ;        ;        ; 8.087  ;
; SW[2]      ; HEX1[2]     ; 8.087  ;        ;        ; 8.087  ;
; SW[2]      ; HEX1[5]     ;        ; 9.603  ; 9.603  ;        ;
; SW[2]      ; HEX2[0]     ;        ; 9.047  ; 9.047  ;        ;
; SW[2]      ; HEX2[1]     ; 8.229  ;        ;        ; 8.229  ;
; SW[2]      ; HEX2[2]     ; 8.269  ;        ;        ; 8.269  ;
; SW[2]      ; HEX2[5]     ;        ; 9.099  ; 9.099  ;        ;
; SW[2]      ; LEDG[0]     ; 10.468 ;        ;        ; 10.468 ;
; SW[2]      ; LEDR[2]     ; 5.390  ;        ;        ; 5.390  ;
; SW[3]      ; HEX0[0]     ; 8.727  ;        ;        ; 8.727  ;
; SW[3]      ; HEX0[3]     ; 7.896  ;        ;        ; 7.896  ;
; SW[3]      ; HEX0[4]     ; 7.571  ;        ;        ; 7.571  ;
; SW[3]      ; HEX0[5]     ; 8.423  ;        ;        ; 8.423  ;
; SW[3]      ; HEX0[6]     ; 7.571  ;        ;        ; 7.571  ;
; SW[3]      ; HEX1[0]     ; 8.993  ;        ;        ; 8.993  ;
; SW[3]      ; HEX1[3]     ; 9.370  ;        ;        ; 9.370  ;
; SW[3]      ; HEX1[4]     ; 9.380  ;        ;        ; 9.380  ;
; SW[3]      ; HEX1[5]     ; 8.640  ;        ;        ; 8.640  ;
; SW[3]      ; HEX1[6]     ; 9.060  ;        ;        ; 9.060  ;
; SW[3]      ; HEX2[0]     ; 8.634  ;        ;        ; 8.634  ;
; SW[3]      ; HEX2[3]     ; 11.613 ;        ;        ; 11.613 ;
; SW[3]      ; HEX2[4]     ; 11.604 ;        ;        ; 11.604 ;
; SW[3]      ; HEX2[5]     ; 8.686  ;        ;        ; 8.686  ;
; SW[3]      ; HEX2[6]     ; 11.610 ;        ;        ; 11.610 ;
; SW[3]      ; LEDG[1]     ; 12.388 ;        ;        ; 12.388 ;
; SW[3]      ; LEDR[3]     ; 5.817  ;        ;        ; 5.817  ;
; SW[4]      ; HEX0[0]     ;        ; 9.445  ; 9.445  ;        ;
; SW[4]      ; HEX0[1]     ; 8.361  ;        ;        ; 8.361  ;
; SW[4]      ; HEX0[2]     ; 8.262  ;        ;        ; 8.262  ;
; SW[4]      ; HEX0[5]     ;        ; 9.141  ; 9.141  ;        ;
; SW[4]      ; HEX1[0]     ;        ; 9.230  ; 9.230  ;        ;
; SW[4]      ; HEX1[1]     ; 7.746  ;        ;        ; 7.746  ;
; SW[4]      ; HEX1[2]     ; 7.746  ;        ;        ; 7.746  ;
; SW[4]      ; HEX1[5]     ;        ; 8.877  ; 8.877  ;        ;
; SW[4]      ; HEX2[0]     ;        ; 9.179  ; 9.179  ;        ;
; SW[4]      ; HEX2[1]     ; 8.361  ;        ;        ; 8.361  ;
; SW[4]      ; HEX2[2]     ; 8.401  ;        ;        ; 8.401  ;
; SW[4]      ; HEX2[5]     ;        ; 9.231  ; 9.231  ;        ;
; SW[4]      ; LEDG[0]     ; 10.600 ;        ;        ; 10.600 ;
; SW[4]      ; LEDR[4]     ; 6.088  ;        ;        ; 6.088  ;
; SW[5]      ; HEX0[0]     ; 8.411  ;        ;        ; 8.411  ;
; SW[5]      ; HEX0[3]     ; 8.493  ;        ;        ; 8.493  ;
; SW[5]      ; HEX0[4]     ; 8.168  ;        ;        ; 8.168  ;
; SW[5]      ; HEX0[5]     ; 8.107  ;        ;        ; 8.107  ;
; SW[5]      ; HEX0[6]     ; 8.168  ;        ;        ; 8.168  ;
; SW[5]      ; HEX1[0]     ; 9.107  ;        ;        ; 9.107  ;
; SW[5]      ; HEX1[3]     ; 8.038  ;        ;        ; 8.038  ;
; SW[5]      ; HEX1[4]     ; 8.048  ;        ;        ; 8.048  ;
; SW[5]      ; HEX1[5]     ; 8.754  ;        ;        ; 8.754  ;
; SW[5]      ; HEX1[6]     ; 7.728  ;        ;        ; 7.728  ;
; SW[5]      ; HEX2[0]     ; 8.404  ;        ;        ; 8.404  ;
; SW[5]      ; HEX2[3]     ; 11.383 ;        ;        ; 11.383 ;
; SW[5]      ; HEX2[4]     ; 11.374 ;        ;        ; 11.374 ;
; SW[5]      ; HEX2[5]     ; 8.456  ;        ;        ; 8.456  ;
; SW[5]      ; HEX2[6]     ; 11.380 ;        ;        ; 11.380 ;
; SW[5]      ; LEDG[1]     ; 12.158 ;        ;        ; 12.158 ;
; SW[5]      ; LEDR[5]     ; 5.520  ;        ;        ; 5.520  ;
; SW[6]      ; LEDR[6]     ; 5.136  ;        ;        ; 5.136  ;
; SW[7]      ; LEDR[7]     ; 6.687  ;        ;        ; 6.687  ;
; SW[8]      ; HEX0[0]     ; 9.106  ; 9.106  ; 9.106  ; 9.106  ;
; SW[8]      ; HEX0[1]     ; 8.022  ; 8.022  ; 8.022  ; 8.022  ;
; SW[8]      ; HEX0[2]     ; 7.923  ; 7.923  ; 7.923  ; 7.923  ;
; SW[8]      ; HEX0[3]     ; 8.238  ; 8.238  ; 8.238  ; 8.238  ;
; SW[8]      ; HEX0[4]     ; 7.913  ; 7.913  ; 7.913  ; 7.913  ;
; SW[8]      ; HEX0[5]     ; 8.802  ; 8.802  ; 8.802  ; 8.802  ;
; SW[8]      ; HEX0[6]     ; 7.913  ; 7.913  ; 7.913  ; 7.913  ;
; SW[8]      ; HEX1[0]     ; 9.746  ; 9.746  ; 9.746  ; 9.746  ;
; SW[8]      ; HEX1[1]     ; 7.877  ; 7.877  ; 7.877  ; 7.877  ;
; SW[8]      ; HEX1[2]     ; 7.877  ; 7.877  ; 7.877  ; 7.877  ;
; SW[8]      ; HEX1[3]     ; 8.922  ; 8.922  ; 8.922  ; 8.922  ;
; SW[8]      ; HEX1[4]     ; 8.932  ; 8.932  ; 8.932  ; 8.932  ;
; SW[8]      ; HEX1[5]     ; 9.393  ; 9.393  ; 9.393  ; 9.393  ;
; SW[8]      ; HEX1[6]     ; 8.612  ; 8.612  ; 8.612  ; 8.612  ;
; SW[8]      ; HEX2[0]     ; 8.809  ; 8.809  ; 8.809  ; 8.809  ;
; SW[8]      ; HEX2[1]     ; 7.991  ; 7.991  ; 7.991  ; 7.991  ;
; SW[8]      ; HEX2[2]     ; 8.031  ; 8.031  ; 8.031  ; 8.031  ;
; SW[8]      ; HEX2[3]     ; 11.167 ; 11.167 ; 11.167 ; 11.167 ;
; SW[8]      ; HEX2[4]     ; 11.158 ; 11.158 ; 11.158 ; 11.158 ;
; SW[8]      ; HEX2[5]     ; 8.861  ; 8.861  ; 8.861  ; 8.861  ;
; SW[8]      ; HEX2[6]     ; 11.164 ; 11.164 ; 11.164 ; 11.164 ;
; SW[8]      ; LEDG[0]     ; 10.230 ; 10.230 ; 10.230 ; 10.230 ;
; SW[8]      ; LEDG[1]     ; 11.942 ; 11.942 ; 11.942 ; 11.942 ;
; SW[8]      ; LEDR[8]     ; 6.342  ;        ;        ; 6.342  ;
; SW[9]      ; HEX0[0]     ; 9.246  ; 8.322  ; 8.322  ; 9.246  ;
; SW[9]      ; HEX0[1]     ; 7.469  ; 8.162  ; 8.162  ; 7.469  ;
; SW[9]      ; HEX0[2]     ; 7.370  ; 8.063  ; 8.063  ; 7.370  ;
; SW[9]      ; HEX0[3]     ; 7.496  ; 8.279  ; 8.279  ; 7.496  ;
; SW[9]      ; HEX0[4]     ; 7.171  ; 7.954  ; 7.954  ; 7.171  ;
; SW[9]      ; HEX0[5]     ; 8.942  ; 8.018  ; 8.018  ; 8.942  ;
; SW[9]      ; HEX0[6]     ; 7.171  ; 7.954  ; 7.954  ; 7.171  ;
; SW[9]      ; HEX1[0]     ; 9.750  ; 9.091  ; 9.091  ; 9.750  ;
; SW[9]      ; HEX1[1]     ; 7.454  ; 7.881  ; 7.881  ; 7.454  ;
; SW[9]      ; HEX1[2]     ; 7.454  ; 7.881  ; 7.881  ; 7.454  ;
; SW[9]      ; HEX1[3]     ; 7.547  ; 8.578  ; 8.578  ; 7.547  ;
; SW[9]      ; HEX1[4]     ; 7.557  ; 8.588  ; 8.588  ; 7.557  ;
; SW[9]      ; HEX1[5]     ; 9.397  ; 8.738  ; 8.738  ; 9.397  ;
; SW[9]      ; HEX1[6]     ; 7.237  ; 8.268  ; 8.268  ; 7.237  ;
; SW[9]      ; HEX2[0]     ; 8.967  ; 8.329  ; 8.329  ; 8.967  ;
; SW[9]      ; HEX2[1]     ; 7.473  ; 8.149  ; 8.149  ; 7.473  ;
; SW[9]      ; HEX2[2]     ; 7.513  ; 8.189  ; 8.189  ; 7.513  ;
; SW[9]      ; HEX2[3]     ; 10.374 ; 11.308 ; 11.308 ; 10.374 ;
; SW[9]      ; HEX2[4]     ; 10.365 ; 11.299 ; 11.299 ; 10.365 ;
; SW[9]      ; HEX2[5]     ; 9.019  ; 8.381  ; 8.381  ; 9.019  ;
; SW[9]      ; HEX2[6]     ; 10.371 ; 11.305 ; 11.305 ; 10.371 ;
; SW[9]      ; LEDG[0]     ; 9.712  ; 10.388 ; 10.388 ; 9.712  ;
; SW[9]      ; LEDG[1]     ; 11.149 ; 12.083 ; 12.083 ; 11.149 ;
; SW[9]      ; LEDR[9]     ; 6.364  ;        ;        ; 6.364  ;
+------------+-------------+--------+--------+--------+--------+


+----------------------------------------------------------+
; Minimum Progagation Delay                                ;
+------------+-------------+-------+-------+-------+-------+
; Input Port ; Output Port ; RR    ; RF    ; FR    ; FF    ;
+------------+-------------+-------+-------+-------+-------+
; SW[0]      ; HEX0[0]     ;       ; 4.117 ; 4.117 ;       ;
; SW[0]      ; HEX0[1]     ; 3.765 ;       ;       ; 3.765 ;
; SW[0]      ; HEX0[2]     ; 3.719 ;       ;       ; 3.719 ;
; SW[0]      ; HEX0[5]     ;       ; 4.025 ; 4.025 ;       ;
; SW[0]      ; HEX1[0]     ;       ; 4.479 ; 4.479 ;       ;
; SW[0]      ; HEX1[1]     ; 3.768 ;       ;       ; 3.768 ;
; SW[0]      ; HEX1[2]     ; 3.768 ;       ;       ; 3.768 ;
; SW[0]      ; HEX1[5]     ;       ; 4.341 ; 4.341 ;       ;
; SW[0]      ; HEX2[0]     ;       ; 3.845 ; 3.845 ;       ;
; SW[0]      ; HEX2[1]     ; 3.542 ;       ;       ; 3.542 ;
; SW[0]      ; HEX2[2]     ; 3.582 ;       ;       ; 3.582 ;
; SW[0]      ; HEX2[5]     ;       ; 3.881 ; 3.881 ;       ;
; SW[0]      ; LEDG[0]     ; 4.535 ;       ;       ; 4.535 ;
; SW[0]      ; LEDR[0]     ; 2.289 ;       ;       ; 2.289 ;
; SW[1]      ; HEX0[0]     ; 4.015 ;       ;       ; 4.015 ;
; SW[1]      ; HEX0[3]     ; 4.036 ;       ;       ; 4.036 ;
; SW[1]      ; HEX0[4]     ; 3.923 ;       ;       ; 3.923 ;
; SW[1]      ; HEX0[5]     ; 3.923 ;       ;       ; 3.923 ;
; SW[1]      ; HEX0[6]     ; 3.923 ;       ;       ; 3.923 ;
; SW[1]      ; HEX1[0]     ; 4.177 ;       ;       ; 4.177 ;
; SW[1]      ; HEX1[3]     ; 4.298 ;       ;       ; 4.298 ;
; SW[1]      ; HEX1[4]     ; 4.308 ;       ;       ; 4.308 ;
; SW[1]      ; HEX1[5]     ; 4.039 ;       ;       ; 4.039 ;
; SW[1]      ; HEX1[6]     ; 4.200 ;       ;       ; 4.200 ;
; SW[1]      ; HEX2[0]     ; 3.609 ;       ;       ; 3.609 ;
; SW[1]      ; HEX2[3]     ; 4.898 ;       ;       ; 4.898 ;
; SW[1]      ; HEX2[4]     ; 4.887 ;       ;       ; 4.887 ;
; SW[1]      ; HEX2[5]     ; 3.645 ;       ;       ; 3.645 ;
; SW[1]      ; HEX2[6]     ; 4.892 ;       ;       ; 4.892 ;
; SW[1]      ; LEDG[1]     ; 5.280 ;       ;       ; 5.280 ;
; SW[1]      ; LEDR[1]     ; 2.423 ;       ;       ; 2.423 ;
; SW[2]      ; HEX0[0]     ;       ; 3.794 ; 3.794 ;       ;
; SW[2]      ; HEX0[1]     ; 3.511 ;       ;       ; 3.511 ;
; SW[2]      ; HEX0[2]     ; 3.465 ;       ;       ; 3.465 ;
; SW[2]      ; HEX0[5]     ;       ; 3.702 ; 3.702 ;       ;
; SW[2]      ; HEX1[0]     ;       ; 4.369 ; 4.369 ;       ;
; SW[2]      ; HEX1[1]     ; 3.658 ;       ;       ; 3.658 ;
; SW[2]      ; HEX1[2]     ; 3.658 ;       ;       ; 3.658 ;
; SW[2]      ; HEX1[5]     ;       ; 4.231 ; 4.231 ;       ;
; SW[2]      ; HEX2[0]     ;       ; 4.031 ; 4.031 ;       ;
; SW[2]      ; HEX2[1]     ; 3.733 ;       ;       ; 3.733 ;
; SW[2]      ; HEX2[2]     ; 3.773 ;       ;       ; 3.773 ;
; SW[2]      ; HEX2[5]     ;       ; 4.067 ; 4.067 ;       ;
; SW[2]      ; LEDG[0]     ; 4.726 ;       ;       ; 4.726 ;
; SW[2]      ; LEDR[2]     ; 2.613 ;       ;       ; 2.613 ;
; SW[3]      ; HEX0[0]     ; 3.643 ;       ;       ; 3.643 ;
; SW[3]      ; HEX0[3]     ; 3.664 ;       ;       ; 3.664 ;
; SW[3]      ; HEX0[4]     ; 3.551 ;       ;       ; 3.551 ;
; SW[3]      ; HEX0[5]     ; 3.551 ;       ;       ; 3.551 ;
; SW[3]      ; HEX0[6]     ; 3.551 ;       ;       ; 3.551 ;
; SW[3]      ; HEX1[0]     ; 4.095 ;       ;       ; 4.095 ;
; SW[3]      ; HEX1[3]     ; 4.216 ;       ;       ; 4.216 ;
; SW[3]      ; HEX1[4]     ; 4.226 ;       ;       ; 4.226 ;
; SW[3]      ; HEX1[5]     ; 3.957 ;       ;       ; 3.957 ;
; SW[3]      ; HEX1[6]     ; 4.118 ;       ;       ; 4.118 ;
; SW[3]      ; HEX2[0]     ; 3.935 ;       ;       ; 3.935 ;
; SW[3]      ; HEX2[3]     ; 5.227 ;       ;       ; 5.227 ;
; SW[3]      ; HEX2[4]     ; 5.216 ;       ;       ; 5.216 ;
; SW[3]      ; HEX2[5]     ; 3.971 ;       ;       ; 3.971 ;
; SW[3]      ; HEX2[6]     ; 5.221 ;       ;       ; 5.221 ;
; SW[3]      ; LEDG[1]     ; 5.609 ;       ;       ; 5.609 ;
; SW[3]      ; LEDR[3]     ; 2.865 ;       ;       ; 2.865 ;
; SW[4]      ; HEX0[0]     ;       ; 4.136 ; 4.136 ;       ;
; SW[4]      ; HEX0[1]     ; 3.784 ;       ;       ; 3.784 ;
; SW[4]      ; HEX0[2]     ; 3.738 ;       ;       ; 3.738 ;
; SW[4]      ; HEX0[5]     ;       ; 4.044 ; 4.044 ;       ;
; SW[4]      ; HEX1[0]     ;       ; 4.121 ; 4.121 ;       ;
; SW[4]      ; HEX1[1]     ; 3.545 ;       ;       ; 3.545 ;
; SW[4]      ; HEX1[2]     ; 3.545 ;       ;       ; 3.545 ;
; SW[4]      ; HEX1[5]     ;       ; 3.983 ; 3.983 ;       ;
; SW[4]      ; HEX2[0]     ;       ; 4.082 ; 4.082 ;       ;
; SW[4]      ; HEX2[1]     ; 3.784 ;       ;       ; 3.784 ;
; SW[4]      ; HEX2[2]     ; 3.824 ;       ;       ; 3.824 ;
; SW[4]      ; HEX2[5]     ;       ; 4.118 ; 4.118 ;       ;
; SW[4]      ; LEDG[0]     ; 4.777 ;       ;       ; 4.777 ;
; SW[4]      ; LEDR[4]     ; 2.963 ;       ;       ; 2.963 ;
; SW[5]      ; HEX0[0]     ; 3.792 ;       ;       ; 3.792 ;
; SW[5]      ; HEX0[3]     ; 3.813 ;       ;       ; 3.813 ;
; SW[5]      ; HEX0[4]     ; 3.700 ;       ;       ; 3.700 ;
; SW[5]      ; HEX0[5]     ; 3.700 ;       ;       ; 3.700 ;
; SW[5]      ; HEX0[6]     ; 3.700 ;       ;       ; 3.700 ;
; SW[5]      ; HEX1[0]     ; 3.807 ;       ;       ; 3.807 ;
; SW[5]      ; HEX1[3]     ; 3.675 ;       ;       ; 3.675 ;
; SW[5]      ; HEX1[4]     ; 3.685 ;       ;       ; 3.685 ;
; SW[5]      ; HEX1[5]     ; 3.669 ;       ;       ; 3.669 ;
; SW[5]      ; HEX1[6]     ; 3.577 ;       ;       ; 3.577 ;
; SW[5]      ; HEX2[0]     ; 3.793 ;       ;       ; 3.793 ;
; SW[5]      ; HEX2[3]     ; 5.085 ;       ;       ; 5.085 ;
; SW[5]      ; HEX2[4]     ; 5.074 ;       ;       ; 5.074 ;
; SW[5]      ; HEX2[5]     ; 3.829 ;       ;       ; 3.829 ;
; SW[5]      ; HEX2[6]     ; 5.079 ;       ;       ; 5.079 ;
; SW[5]      ; LEDG[1]     ; 5.467 ;       ;       ; 5.467 ;
; SW[5]      ; LEDR[5]     ; 2.659 ;       ;       ; 2.659 ;
; SW[6]      ; LEDR[6]     ; 2.511 ;       ;       ; 2.511 ;
; SW[7]      ; LEDR[7]     ; 3.245 ;       ;       ; 3.245 ;
; SW[8]      ; HEX0[0]     ; 3.622 ; 3.622 ; 3.622 ; 3.622 ;
; SW[8]      ; HEX0[1]     ; 3.569 ; 3.569 ; 3.569 ; 3.569 ;
; SW[8]      ; HEX0[2]     ; 3.523 ; 3.523 ; 3.523 ; 3.523 ;
; SW[8]      ; HEX0[3]     ; 3.643 ; 3.643 ; 3.643 ; 3.643 ;
; SW[8]      ; HEX0[4]     ; 3.530 ; 3.530 ; 3.530 ; 3.530 ;
; SW[8]      ; HEX0[5]     ; 3.530 ; 3.530 ; 3.530 ; 3.530 ;
; SW[8]      ; HEX0[6]     ; 3.530 ; 3.530 ; 3.530 ; 3.530 ;
; SW[8]      ; HEX1[0]     ; 3.789 ; 3.789 ; 3.789 ; 3.789 ;
; SW[8]      ; HEX1[1]     ; 3.493 ; 3.493 ; 3.493 ; 3.493 ;
; SW[8]      ; HEX1[2]     ; 3.493 ; 3.493 ; 3.493 ; 3.493 ;
; SW[8]      ; HEX1[3]     ; 3.910 ; 3.910 ; 3.910 ; 3.910 ;
; SW[8]      ; HEX1[4]     ; 3.920 ; 3.920 ; 3.920 ; 3.920 ;
; SW[8]      ; HEX1[5]     ; 3.651 ; 3.651 ; 3.651 ; 3.651 ;
; SW[8]      ; HEX1[6]     ; 3.812 ; 3.812 ; 3.812 ; 3.812 ;
; SW[8]      ; HEX2[0]     ; 3.625 ; 3.625 ; 3.625 ; 3.625 ;
; SW[8]      ; HEX2[1]     ; 3.568 ; 3.568 ; 3.568 ; 3.568 ;
; SW[8]      ; HEX2[2]     ; 3.608 ; 3.608 ; 3.608 ; 3.608 ;
; SW[8]      ; HEX2[3]     ; 4.917 ; 4.917 ; 4.917 ; 4.917 ;
; SW[8]      ; HEX2[4]     ; 4.906 ; 4.906 ; 4.906 ; 4.906 ;
; SW[8]      ; HEX2[5]     ; 3.661 ; 3.661 ; 3.661 ; 3.661 ;
; SW[8]      ; HEX2[6]     ; 4.911 ; 4.911 ; 4.911 ; 4.911 ;
; SW[8]      ; LEDG[0]     ; 4.561 ; 4.561 ; 4.561 ; 4.561 ;
; SW[8]      ; LEDG[1]     ; 5.299 ; 5.299 ; 5.299 ; 5.299 ;
; SW[8]      ; LEDR[8]     ; 3.015 ;       ;       ; 3.015 ;
; SW[9]      ; HEX0[0]     ; 3.230 ; 3.630 ; 3.630 ; 3.230 ;
; SW[9]      ; HEX0[1]     ; 3.367 ; 3.643 ; 3.643 ; 3.367 ;
; SW[9]      ; HEX0[2]     ; 3.321 ; 3.597 ; 3.597 ; 3.321 ;
; SW[9]      ; HEX0[3]     ; 3.379 ; 3.651 ; 3.651 ; 3.379 ;
; SW[9]      ; HEX0[4]     ; 3.266 ; 3.538 ; 3.538 ; 3.266 ;
; SW[9]      ; HEX0[5]     ; 3.138 ; 3.538 ; 3.538 ; 3.138 ;
; SW[9]      ; HEX0[6]     ; 3.266 ; 3.538 ; 3.538 ; 3.266 ;
; SW[9]      ; HEX1[0]     ; 3.409 ; 3.679 ; 3.679 ; 3.409 ;
; SW[9]      ; HEX1[1]     ; 3.351 ; 3.498 ; 3.498 ; 3.351 ;
; SW[9]      ; HEX1[2]     ; 3.351 ; 3.498 ; 3.498 ; 3.351 ;
; SW[9]      ; HEX1[3]     ; 3.409 ; 3.800 ; 3.800 ; 3.409 ;
; SW[9]      ; HEX1[4]     ; 3.419 ; 3.810 ; 3.810 ; 3.419 ;
; SW[9]      ; HEX1[5]     ; 3.271 ; 3.541 ; 3.541 ; 3.271 ;
; SW[9]      ; HEX1[6]     ; 3.311 ; 3.702 ; 3.702 ; 3.311 ;
; SW[9]      ; HEX2[0]     ; 3.353 ; 3.671 ; 3.671 ; 3.353 ;
; SW[9]      ; HEX2[1]     ; 3.367 ; 3.641 ; 3.641 ; 3.367 ;
; SW[9]      ; HEX2[2]     ; 3.407 ; 3.681 ; 3.681 ; 3.407 ;
; SW[9]      ; HEX2[3]     ; 4.641 ; 4.995 ; 4.995 ; 4.641 ;
; SW[9]      ; HEX2[4]     ; 4.630 ; 4.984 ; 4.984 ; 4.630 ;
; SW[9]      ; HEX2[5]     ; 3.389 ; 3.707 ; 3.707 ; 3.389 ;
; SW[9]      ; HEX2[6]     ; 4.635 ; 4.989 ; 4.989 ; 4.635 ;
; SW[9]      ; LEDG[0]     ; 4.360 ; 4.634 ; 4.634 ; 4.360 ;
; SW[9]      ; LEDG[1]     ; 5.023 ; 5.377 ; 5.377 ; 5.023 ;
; SW[9]      ; LEDR[9]     ; 3.034 ;       ;       ; 3.034 ;
+------------+-------------+-------+-------+-------+-------+


-------------------
; Clock Transfers ;
-------------------
Nothing to report.


---------------
; Report TCCS ;
---------------
No dedicated SERDES Transmitter circuitry present in device or used in design


---------------
; Report RSKM ;
---------------
No dedicated SERDES Receiver circuitry present in device or used in design


+------------------------------------------------+
; Unconstrained Paths                            ;
+---------------------------------+-------+------+
; Property                        ; Setup ; Hold ;
+---------------------------------+-------+------+
; Illegal Clocks                  ; 0     ; 0    ;
; Unconstrained Clocks            ; 0     ; 0    ;
; Unconstrained Input Ports       ; 10    ; 10   ;
; Unconstrained Input Port Paths  ; 143   ; 143  ;
; Unconstrained Output Ports      ; 33    ; 33   ;
; Unconstrained Output Port Paths ; 143   ; 143  ;
+---------------------------------+-------+------+


+------------------------------------+
; TimeQuest Timing Analyzer Messages ;
+------------------------------------+
Info: *******************************************************************
Info: Running Quartus II 64-Bit TimeQuest Timing Analyzer
    Info: Version 13.0.1 Build 232 06/12/2013 Service Pack 1 SJ Web Edition
    Info: Processing started: Thu Aug 17 14:02:52 2017
Info: Command: quartus_sta LAB105 -c LAB105
Info: qsta_default_script.tcl version: #1
Info (20030): Parallel compilation is enabled and will use 4 of the 4 processors detected
Info (21077): Low junction temperature is 0 degrees C
Info (21077): High junction temperature is 85 degrees C
Critical Warning (332012): Synopsys Design Constraints File file not found: 'LAB105.sdc'. A Synopsys Design Constraints File is required by the TimeQuest Timing Analyzer to get proper timing constraints. Without it, the Compiler will not properly optimize the design.
Info (332142): No user constrained base clocks found in the design. Calling "derive_clocks -period 1.0"
Info (332096): The command derive_clocks did not find any clocks to derive.  No clocks were created or changed.
Warning (332068): No clocks defined in design.
Info: Found TIMEQUEST_REPORT_SCRIPT_INCLUDE_DEFAULT_ANALYSIS = ON
Info (332159): No clocks to report
Info: Analyzing Slow Model
Info (332140): No fmax paths to report
Info (332140): No Setup paths to report
Info (332140): No Hold paths to report
Info (332140): No Recovery paths to report
Info (332140): No Removal paths to report
Info (332140): No Minimum Pulse Width paths to report
Info (332001): The selected device family is not supported by the report_metastability command.
Info: Analyzing Fast Model
Info (332142): No user constrained base clocks found in the design. Calling "derive_clocks -period 1.0"
Info (332096): The command derive_clocks did not find any clocks to derive.  No clocks were created or changed.
Warning (332068): No clocks defined in design.
Info (332140): No Setup paths to report
Info (332140): No Hold paths to report
Info (332140): No Recovery paths to report
Info (332140): No Removal paths to report
Info (332140): No Minimum Pulse Width paths to report
Info (332001): The selected device family is not supported by the report_metastability command.
Info (332102): Design is not fully constrained for setup requirements
Info (332102): Design is not fully constrained for hold requirements
Info: Quartus II 64-Bit TimeQuest Timing Analyzer was successful. 0 errors, 3 warnings
    Info: Peak virtual memory: 426 megabytes
    Info: Processing ended: Thu Aug 17 14:03:03 2017
    Info: Elapsed time: 00:00:11
    Info: Total CPU time (on all processors): 00:00:03


