TimeQuest Timing Analyzer report for LAB204
Thu Aug 24 15:01:07 2017
Quartus II 64-Bit Version 13.0.1 Build 232 06/12/2013 Service Pack 1 SJ Web Edition


---------------------
; Table of Contents ;
---------------------
  1. Legal Notice
  2. TimeQuest Timing Analyzer Summary
  3. Parallel Compilation
  4. Clocks
  5. Slow Model Fmax Summary
  6. Slow Model Setup Summary
  7. Slow Model Hold Summary
  8. Slow Model Recovery Summary
  9. Slow Model Removal Summary
 10. Slow Model Minimum Pulse Width Summary
 11. Propagation Delay
 12. Minimum Propagation Delay
 13. Fast Model Setup Summary
 14. Fast Model Hold Summary
 15. Fast Model Recovery Summary
 16. Fast Model Removal Summary
 17. Fast Model Minimum Pulse Width Summary
 18. Propagation Delay
 19. Minimum Propagation Delay
 20. Multicorner Timing Analysis Summary
 21. Progagation Delay
 22. Minimum Progagation Delay
 23. Clock Transfers
 24. Report TCCS
 25. Report RSKM
 26. Unconstrained Paths
 27. TimeQuest Timing Analyzer Messages



----------------
; Legal Notice ;
----------------
Copyright (C) 1991-2013 Altera Corporation
Your use of Altera Corporation's design tools, logic functions 
and other software and tools, and its AMPP partner logic 
functions, and any output files from any of the foregoing 
(including device programming or simulation files), and any 
associated documentation or information are expressly subject 
to the terms and conditions of the Altera Program License 
Subscription Agreement, Altera MegaCore Function License 
Agreement, or other applicable license agreement, including, 
without limitation, that your use is for the sole purpose of 
programming logic devices manufactured by Altera and sold by 
Altera or its authorized distributors.  Please refer to the 
applicable agreement for further details.



+----------------------------------------------------------------------------------------+
; TimeQuest Timing Analyzer Summary                                                      ;
+--------------------+-------------------------------------------------------------------+
; Quartus II Version ; Version 13.0.1 Build 232 06/12/2013 Service Pack 1 SJ Web Edition ;
; Revision Name      ; LAB204                                                            ;
; Device Family      ; Cyclone II                                                        ;
; Device Name        ; EP2C20F484C7                                                      ;
; Timing Models      ; Final                                                             ;
; Delay Model        ; Combined                                                          ;
; Rise/Fall Delays   ; Unavailable                                                       ;
+--------------------+-------------------------------------------------------------------+


+------------------------------------------+
; Parallel Compilation                     ;
+----------------------------+-------------+
; Processors                 ; Number      ;
+----------------------------+-------------+
; Number detected on machine ; 4           ;
; Maximum allowed            ; 4           ;
;                            ;             ;
; Average used               ; 1.00        ;
; Maximum used               ; 1           ;
;                            ;             ;
; Usage by Processor         ; % Time Used ;
;     Processor 1            ; 100.0%      ;
;     Processors 2-4         ;   0.0%      ;
+----------------------------+-------------+


----------
; Clocks ;
----------
No clocks to report.


---------------------------
; Slow Model Fmax Summary ;
---------------------------
No paths to report.


----------------------------
; Slow Model Setup Summary ;
----------------------------
No paths to report.


---------------------------
; Slow Model Hold Summary ;
---------------------------
No paths to report.


-------------------------------
; Slow Model Recovery Summary ;
-------------------------------
No paths to report.


------------------------------
; Slow Model Removal Summary ;
------------------------------
No paths to report.


------------------------------------------
; Slow Model Minimum Pulse Width Summary ;
------------------------------------------
No paths to report.


+--------------------------------------------------------------+
; Propagation Delay                                            ;
+------------+-------------+--------+--------+--------+--------+
; Input Port ; Output Port ; RR     ; RF     ; FR     ; FF     ;
+------------+-------------+--------+--------+--------+--------+
; SW[0]      ; HEX0[0]     ; 11.591 ; 11.591 ; 11.591 ; 11.591 ;
; SW[0]      ; HEX0[1]     ; 11.621 ; 11.621 ; 11.621 ; 11.621 ;
; SW[0]      ; HEX0[2]     ; 11.961 ; 11.961 ; 11.961 ; 11.961 ;
; SW[0]      ; HEX0[3]     ; 11.831 ; 11.831 ; 11.831 ; 11.831 ;
; SW[0]      ; HEX0[4]     ; 11.973 ; 11.973 ; 11.973 ; 11.973 ;
; SW[0]      ; HEX0[5]     ; 11.982 ; 11.982 ; 11.982 ; 11.982 ;
; SW[0]      ; HEX0[6]     ; 11.975 ; 11.975 ; 11.975 ; 11.975 ;
; SW[0]      ; HEX1[0]     ; 10.831 ; 10.831 ; 10.831 ; 10.831 ;
; SW[0]      ; HEX1[3]     ; 10.817 ; 10.817 ; 10.817 ; 10.817 ;
; SW[0]      ; HEX1[4]     ; 10.827 ; 10.827 ; 10.827 ; 10.827 ;
; SW[0]      ; HEX1[5]     ; 10.857 ; 10.857 ; 10.857 ; 10.857 ;
; SW[0]      ; HEX2[0]     ; 8.081  ; 8.081  ; 8.081  ; 8.081  ;
; SW[0]      ; HEX2[1]     ; 8.082  ; 8.082  ; 8.082  ; 8.082  ;
; SW[0]      ; HEX2[2]     ;        ; 8.125  ; 8.125  ;        ;
; SW[0]      ; HEX2[3]     ; 8.150  ; 8.150  ; 8.150  ; 8.150  ;
; SW[0]      ; HEX2[4]     ; 8.663  ;        ;        ; 8.663  ;
; SW[0]      ; HEX2[5]     ; 8.424  ;        ;        ; 8.424  ;
; SW[0]      ; HEX2[6]     ; 8.691  ;        ;        ; 8.691  ;
; SW[0]      ; LEDG[0]     ; 10.236 ; 10.236 ; 10.236 ; 10.236 ;
; SW[0]      ; LEDG[1]     ; 11.127 ; 11.127 ; 11.127 ; 11.127 ;
; SW[0]      ; LEDG[2]     ; 12.522 ; 12.522 ; 12.522 ; 12.522 ;
; SW[0]      ; LEDG[3]     ; 11.497 ; 11.497 ; 11.497 ; 11.497 ;
; SW[0]      ; LEDG[4]     ; 12.131 ;        ;        ; 12.131 ;
; SW[0]      ; LEDR[0]     ; 4.635  ;        ;        ; 4.635  ;
; SW[1]      ; HEX0[0]     ; 10.711 ; 10.711 ; 10.711 ; 10.711 ;
; SW[1]      ; HEX0[1]     ; 10.741 ; 10.741 ; 10.741 ; 10.741 ;
; SW[1]      ; HEX0[2]     ; 11.081 ; 11.081 ; 11.081 ; 11.081 ;
; SW[1]      ; HEX0[3]     ; 10.951 ; 10.951 ; 10.951 ; 10.951 ;
; SW[1]      ; HEX0[4]     ; 11.093 ; 11.093 ; 11.093 ; 11.093 ;
; SW[1]      ; HEX0[5]     ; 11.102 ; 11.102 ; 11.102 ; 11.102 ;
; SW[1]      ; HEX0[6]     ; 11.095 ; 11.095 ; 11.095 ; 11.095 ;
; SW[1]      ; HEX1[0]     ; 9.951  ; 9.951  ; 9.951  ; 9.951  ;
; SW[1]      ; HEX1[3]     ; 9.937  ; 9.937  ; 9.937  ; 9.937  ;
; SW[1]      ; HEX1[4]     ; 9.947  ; 9.947  ; 9.947  ; 9.947  ;
; SW[1]      ; HEX1[5]     ; 9.977  ; 9.977  ; 9.977  ; 9.977  ;
; SW[1]      ; HEX2[0]     ;        ; 7.803  ; 7.803  ;        ;
; SW[1]      ; HEX2[1]     ; 7.873  ; 7.873  ; 7.873  ; 7.873  ;
; SW[1]      ; HEX2[2]     ; 7.892  ;        ;        ; 7.892  ;
; SW[1]      ; HEX2[3]     ; 7.929  ; 7.929  ; 7.929  ; 7.929  ;
; SW[1]      ; HEX2[4]     ;        ; 8.455  ; 8.455  ;        ;
; SW[1]      ; HEX2[5]     ; 8.206  ;        ;        ; 8.206  ;
; SW[1]      ; HEX2[6]     ; 8.477  ; 8.477  ; 8.477  ; 8.477  ;
; SW[1]      ; LEDG[1]     ; 10.252 ; 10.252 ; 10.252 ; 10.252 ;
; SW[1]      ; LEDG[2]     ; 11.637 ; 11.637 ; 11.637 ; 11.637 ;
; SW[1]      ; LEDG[3]     ; 10.617 ; 10.617 ; 10.617 ; 10.617 ;
; SW[1]      ; LEDG[4]     ; 11.251 ;        ;        ; 11.251 ;
; SW[1]      ; LEDG[7]     ; 12.884 ;        ;        ; 12.884 ;
; SW[1]      ; LEDR[1]     ; 4.978  ;        ;        ; 4.978  ;
; SW[2]      ; HEX0[0]     ; 11.710 ; 11.710 ; 11.710 ; 11.710 ;
; SW[2]      ; HEX0[1]     ; 11.740 ; 11.740 ; 11.740 ; 11.740 ;
; SW[2]      ; HEX0[2]     ; 12.080 ; 12.080 ; 12.080 ; 12.080 ;
; SW[2]      ; HEX0[3]     ; 11.950 ; 11.950 ; 11.950 ; 11.950 ;
; SW[2]      ; HEX0[4]     ; 12.092 ; 12.092 ; 12.092 ; 12.092 ;
; SW[2]      ; HEX0[5]     ; 12.101 ; 12.101 ; 12.101 ; 12.101 ;
; SW[2]      ; HEX0[6]     ; 12.094 ; 12.094 ; 12.094 ; 12.094 ;
; SW[2]      ; HEX1[0]     ; 10.950 ; 10.950 ; 10.950 ; 10.950 ;
; SW[2]      ; HEX1[3]     ; 10.936 ; 10.936 ; 10.936 ; 10.936 ;
; SW[2]      ; HEX1[4]     ; 10.946 ; 10.946 ; 10.946 ; 10.946 ;
; SW[2]      ; HEX1[5]     ; 10.976 ; 10.976 ; 10.976 ; 10.976 ;
; SW[2]      ; HEX2[0]     ; 8.129  ; 8.129  ; 8.129  ; 8.129  ;
; SW[2]      ; HEX2[1]     ; 7.761  ;        ;        ; 7.761  ;
; SW[2]      ; HEX2[2]     ;        ; 7.785  ; 7.785  ;        ;
; SW[2]      ; HEX2[3]     ; 8.212  ; 8.212  ; 8.212  ; 8.212  ;
; SW[2]      ; HEX2[4]     ; 8.342  ;        ;        ; 8.342  ;
; SW[2]      ; HEX2[5]     ;        ; 8.488  ; 8.488  ;        ;
; SW[2]      ; HEX2[6]     ; 8.759  ; 8.759  ; 8.759  ; 8.759  ;
; SW[2]      ; LEDG[2]     ; 12.686 ; 12.686 ; 12.686 ; 12.686 ;
; SW[2]      ; LEDG[3]     ; 11.616 ; 11.616 ; 11.616 ; 11.616 ;
; SW[2]      ; LEDG[4]     ; 12.250 ;        ;        ; 12.250 ;
; SW[2]      ; LEDG[7]     ; 12.774 ;        ;        ; 12.774 ;
; SW[2]      ; LEDR[2]     ; 5.387  ;        ;        ; 5.387  ;
; SW[3]      ; HEX0[0]     ; 9.896  ; 9.896  ; 9.896  ; 9.896  ;
; SW[3]      ; HEX0[1]     ; 9.926  ; 9.926  ; 9.926  ; 9.926  ;
; SW[3]      ; HEX0[2]     ; 10.266 ; 10.266 ; 10.266 ; 10.266 ;
; SW[3]      ; HEX0[3]     ; 10.136 ; 10.136 ; 10.136 ; 10.136 ;
; SW[3]      ; HEX0[4]     ; 10.278 ; 10.278 ; 10.278 ; 10.278 ;
; SW[3]      ; HEX0[5]     ; 10.287 ; 10.287 ; 10.287 ; 10.287 ;
; SW[3]      ; HEX0[6]     ; 10.280 ; 10.280 ; 10.280 ; 10.280 ;
; SW[3]      ; HEX1[0]     ; 9.136  ; 9.136  ; 9.136  ; 9.136  ;
; SW[3]      ; HEX1[3]     ; 9.122  ; 9.122  ; 9.122  ; 9.122  ;
; SW[3]      ; HEX1[4]     ; 9.132  ; 9.132  ; 9.132  ; 9.132  ;
; SW[3]      ; HEX1[5]     ; 9.162  ; 9.162  ; 9.162  ; 9.162  ;
; SW[3]      ; HEX2[0]     ;        ; 7.476  ; 7.476  ;        ;
; SW[3]      ; HEX2[3]     ;        ; 7.544  ; 7.544  ;        ;
; SW[3]      ; HEX2[5]     ;        ; 7.819  ; 7.819  ;        ;
; SW[3]      ; HEX2[6]     ;        ; 8.083  ; 8.083  ;        ;
; SW[3]      ; LEDG[3]     ; 9.802  ; 9.802  ; 9.802  ; 9.802  ;
; SW[3]      ; LEDG[4]     ; 10.440 ;        ;        ; 10.440 ;
; SW[3]      ; LEDG[7]     ; 12.842 ;        ;        ; 12.842 ;
; SW[3]      ; LEDR[3]     ; 5.800  ;        ;        ; 5.800  ;
; SW[4]      ; HEX0[0]     ; 12.120 ; 12.120 ; 12.120 ; 12.120 ;
; SW[4]      ; HEX0[1]     ; 12.150 ; 12.150 ; 12.150 ; 12.150 ;
; SW[4]      ; HEX0[2]     ; 12.490 ; 12.490 ; 12.490 ; 12.490 ;
; SW[4]      ; HEX0[3]     ; 12.360 ; 12.360 ; 12.360 ; 12.360 ;
; SW[4]      ; HEX0[4]     ; 12.502 ; 12.502 ; 12.502 ; 12.502 ;
; SW[4]      ; HEX0[5]     ; 12.511 ; 12.511 ; 12.511 ; 12.511 ;
; SW[4]      ; HEX0[6]     ; 12.504 ; 12.504 ; 12.504 ; 12.504 ;
; SW[4]      ; HEX1[0]     ; 11.360 ; 11.360 ; 11.360 ; 11.360 ;
; SW[4]      ; HEX1[3]     ; 11.346 ; 11.346 ; 11.346 ; 11.346 ;
; SW[4]      ; HEX1[4]     ; 11.356 ; 11.356 ; 11.356 ; 11.356 ;
; SW[4]      ; HEX1[5]     ; 11.386 ; 11.386 ; 11.386 ; 11.386 ;
; SW[4]      ; HEX3[0]     ; 7.267  ; 7.267  ; 7.267  ; 7.267  ;
; SW[4]      ; HEX3[1]     ; 7.787  ; 7.787  ; 7.787  ; 7.787  ;
; SW[4]      ; HEX3[2]     ;        ; 7.795  ; 7.795  ;        ;
; SW[4]      ; HEX3[3]     ; 7.223  ; 7.223  ; 7.223  ; 7.223  ;
; SW[4]      ; HEX3[4]     ; 6.908  ;        ;        ; 6.908  ;
; SW[4]      ; HEX3[5]     ; 7.285  ;        ;        ; 7.285  ;
; SW[4]      ; HEX3[6]     ; 7.643  ;        ;        ; 7.643  ;
; SW[4]      ; LEDG[0]     ; 10.006 ; 10.006 ; 10.006 ; 10.006 ;
; SW[4]      ; LEDG[1]     ; 11.656 ; 11.656 ; 11.656 ; 11.656 ;
; SW[4]      ; LEDG[2]     ; 13.051 ; 13.051 ; 13.051 ; 13.051 ;
; SW[4]      ; LEDG[3]     ; 12.026 ; 12.026 ; 12.026 ; 12.026 ;
; SW[4]      ; LEDG[4]     ; 12.660 ;        ;        ; 12.660 ;
; SW[4]      ; LEDR[4]     ; 5.305  ;        ;        ; 5.305  ;
; SW[5]      ; HEX0[0]     ; 10.531 ; 10.531 ; 10.531 ; 10.531 ;
; SW[5]      ; HEX0[1]     ; 10.561 ; 10.561 ; 10.561 ; 10.561 ;
; SW[5]      ; HEX0[2]     ; 10.901 ; 10.901 ; 10.901 ; 10.901 ;
; SW[5]      ; HEX0[3]     ; 10.771 ; 10.771 ; 10.771 ; 10.771 ;
; SW[5]      ; HEX0[4]     ; 10.913 ; 10.913 ; 10.913 ; 10.913 ;
; SW[5]      ; HEX0[5]     ; 10.922 ; 10.922 ; 10.922 ; 10.922 ;
; SW[5]      ; HEX0[6]     ; 10.915 ; 10.915 ; 10.915 ; 10.915 ;
; SW[5]      ; HEX1[0]     ; 9.771  ; 9.771  ; 9.771  ; 9.771  ;
; SW[5]      ; HEX1[3]     ; 9.757  ; 9.757  ; 9.757  ; 9.757  ;
; SW[5]      ; HEX1[4]     ; 9.767  ; 9.767  ; 9.767  ; 9.767  ;
; SW[5]      ; HEX1[5]     ; 9.797  ; 9.797  ; 9.797  ; 9.797  ;
; SW[5]      ; HEX3[0]     ;        ; 7.633  ; 7.633  ;        ;
; SW[5]      ; HEX3[1]     ; 8.146  ; 8.146  ; 8.146  ; 8.146  ;
; SW[5]      ; HEX3[2]     ; 8.146  ;        ;        ; 8.146  ;
; SW[5]      ; HEX3[3]     ; 7.579  ; 7.579  ; 7.579  ; 7.579  ;
; SW[5]      ; HEX3[4]     ;        ; 7.228  ; 7.228  ;        ;
; SW[5]      ; HEX3[5]     ; 7.638  ;        ;        ; 7.638  ;
; SW[5]      ; HEX3[6]     ; 7.998  ; 7.998  ; 7.998  ; 7.998  ;
; SW[5]      ; LEDG[1]     ; 10.071 ; 10.071 ; 10.071 ; 10.071 ;
; SW[5]      ; LEDG[2]     ; 11.457 ; 11.457 ; 11.457 ; 11.457 ;
; SW[5]      ; LEDG[3]     ; 10.437 ; 10.437 ; 10.437 ; 10.437 ;
; SW[5]      ; LEDG[4]     ; 11.071 ;        ;        ; 11.071 ;
; SW[5]      ; LEDG[7]     ; 12.180 ;        ;        ; 12.180 ;
; SW[5]      ; LEDR[5]     ; 5.847  ;        ;        ; 5.847  ;
; SW[6]      ; HEX0[0]     ; 11.033 ; 11.033 ; 11.033 ; 11.033 ;
; SW[6]      ; HEX0[1]     ; 11.063 ; 11.063 ; 11.063 ; 11.063 ;
; SW[6]      ; HEX0[2]     ; 11.403 ; 11.403 ; 11.403 ; 11.403 ;
; SW[6]      ; HEX0[3]     ; 11.273 ; 11.273 ; 11.273 ; 11.273 ;
; SW[6]      ; HEX0[4]     ; 11.415 ; 11.415 ; 11.415 ; 11.415 ;
; SW[6]      ; HEX0[5]     ; 11.424 ; 11.424 ; 11.424 ; 11.424 ;
; SW[6]      ; HEX0[6]     ; 11.417 ; 11.417 ; 11.417 ; 11.417 ;
; SW[6]      ; HEX1[0]     ; 10.273 ; 10.273 ; 10.273 ; 10.273 ;
; SW[6]      ; HEX1[3]     ; 10.259 ; 10.259 ; 10.259 ; 10.259 ;
; SW[6]      ; HEX1[4]     ; 10.269 ; 10.269 ; 10.269 ; 10.269 ;
; SW[6]      ; HEX1[5]     ; 10.299 ; 10.299 ; 10.299 ; 10.299 ;
; SW[6]      ; HEX3[0]     ; 7.422  ; 7.422  ; 7.422  ; 7.422  ;
; SW[6]      ; HEX3[1]     ; 7.943  ;        ;        ; 7.943  ;
; SW[6]      ; HEX3[2]     ;        ; 7.898  ; 7.898  ;        ;
; SW[6]      ; HEX3[3]     ; 7.373  ; 7.373  ; 7.373  ; 7.373  ;
; SW[6]      ; HEX3[4]     ; 7.051  ;        ;        ; 7.051  ;
; SW[6]      ; HEX3[5]     ;        ; 7.432  ; 7.432  ;        ;
; SW[6]      ; HEX3[6]     ; 7.793  ; 7.793  ; 7.793  ; 7.793  ;
; SW[6]      ; LEDG[2]     ; 11.960 ; 11.960 ; 11.960 ; 11.960 ;
; SW[6]      ; LEDG[3]     ; 10.939 ; 10.939 ; 10.939 ; 10.939 ;
; SW[6]      ; LEDG[4]     ; 11.573 ;        ;        ; 11.573 ;
; SW[6]      ; LEDG[7]     ; 11.973 ;        ;        ; 11.973 ;
; SW[6]      ; LEDR[6]     ; 5.136  ;        ;        ; 5.136  ;
; SW[7]      ; HEX0[0]     ; 8.805  ; 8.805  ; 8.805  ; 8.805  ;
; SW[7]      ; HEX0[1]     ; 8.835  ; 8.835  ; 8.835  ; 8.835  ;
; SW[7]      ; HEX0[2]     ; 9.175  ; 9.175  ; 9.175  ; 9.175  ;
; SW[7]      ; HEX0[3]     ; 9.045  ; 9.045  ; 9.045  ; 9.045  ;
; SW[7]      ; HEX0[4]     ; 9.187  ; 9.187  ; 9.187  ; 9.187  ;
; SW[7]      ; HEX0[5]     ; 9.196  ; 9.196  ; 9.196  ; 9.196  ;
; SW[7]      ; HEX0[6]     ; 9.189  ; 9.189  ; 9.189  ; 9.189  ;
; SW[7]      ; HEX1[0]     ; 8.045  ; 8.045  ; 8.045  ; 8.045  ;
; SW[7]      ; HEX1[3]     ; 8.031  ; 8.031  ; 8.031  ; 8.031  ;
; SW[7]      ; HEX1[4]     ; 8.041  ; 8.041  ; 8.041  ; 8.041  ;
; SW[7]      ; HEX1[5]     ; 8.071  ; 8.071  ; 8.071  ; 8.071  ;
; SW[7]      ; HEX3[0]     ;        ; 6.436  ; 6.436  ;        ;
; SW[7]      ; HEX3[3]     ;        ; 6.381  ; 6.381  ;        ;
; SW[7]      ; HEX3[5]     ;        ; 6.439  ; 6.439  ;        ;
; SW[7]      ; HEX3[6]     ;        ; 6.798  ; 6.798  ;        ;
; SW[7]      ; LEDG[3]     ; 8.711  ; 8.711  ; 8.711  ; 8.711  ;
; SW[7]      ; LEDG[4]     ; 9.345  ;        ;        ; 9.345  ;
; SW[7]      ; LEDG[7]     ; 10.984 ;        ;        ; 10.984 ;
; SW[7]      ; LEDR[7]     ; 6.701  ;        ;        ; 6.701  ;
; SW[8]      ; HEX0[0]     ; 10.818 ; 10.818 ; 10.818 ; 10.818 ;
; SW[8]      ; HEX0[1]     ; 10.848 ; 10.848 ; 10.848 ; 10.848 ;
; SW[8]      ; HEX0[2]     ; 11.188 ; 11.188 ; 11.188 ; 11.188 ;
; SW[8]      ; HEX0[3]     ; 11.058 ; 11.058 ; 11.058 ; 11.058 ;
; SW[8]      ; HEX0[4]     ; 11.200 ; 11.200 ; 11.200 ; 11.200 ;
; SW[8]      ; HEX0[5]     ; 11.209 ; 11.209 ; 11.209 ; 11.209 ;
; SW[8]      ; HEX0[6]     ; 11.202 ; 11.202 ; 11.202 ; 11.202 ;
; SW[8]      ; HEX1[0]     ; 10.058 ; 10.058 ; 10.058 ; 10.058 ;
; SW[8]      ; HEX1[3]     ; 10.044 ; 10.044 ; 10.044 ; 10.044 ;
; SW[8]      ; HEX1[4]     ; 10.054 ; 10.054 ; 10.054 ; 10.054 ;
; SW[8]      ; HEX1[5]     ; 10.084 ; 10.084 ; 10.084 ; 10.084 ;
; SW[8]      ; LEDG[0]     ; 8.911  ; 8.911  ; 8.911  ; 8.911  ;
; SW[8]      ; LEDG[1]     ; 10.354 ; 10.354 ; 10.354 ; 10.354 ;
; SW[8]      ; LEDG[2]     ; 11.749 ; 11.749 ; 11.749 ; 11.749 ;
; SW[8]      ; LEDG[3]     ; 10.724 ; 10.724 ; 10.724 ; 10.724 ;
; SW[8]      ; LEDG[4]     ; 11.358 ;        ;        ; 11.358 ;
; SW[8]      ; LEDR[8]     ; 6.342  ;        ;        ; 6.342  ;
; SW[9]      ; LEDR[9]     ; 6.304  ;        ;        ; 6.304  ;
+------------+-------------+--------+--------+--------+--------+


+--------------------------------------------------------------+
; Minimum Propagation Delay                                    ;
+------------+-------------+--------+--------+--------+--------+
; Input Port ; Output Port ; RR     ; RF     ; FR     ; FF     ;
+------------+-------------+--------+--------+--------+--------+
; SW[0]      ; HEX0[0]     ; 8.068  ; 8.068  ; 8.068  ; 8.068  ;
; SW[0]      ; HEX0[1]     ; 7.995  ; 7.995  ; 7.995  ; 7.995  ;
; SW[0]      ; HEX0[2]     ; 8.289  ; 8.289  ; 8.289  ; 8.289  ;
; SW[0]      ; HEX0[3]     ; 8.326  ; 8.326  ; 8.326  ; 8.326  ;
; SW[0]      ; HEX0[4]     ; 8.357  ; 8.357  ; 8.357  ; 8.357  ;
; SW[0]      ; HEX0[5]     ; 8.467  ; 8.467  ; 8.467  ; 8.467  ;
; SW[0]      ; HEX0[6]     ; 8.462  ; 8.462  ; 8.462  ; 8.462  ;
; SW[0]      ; HEX1[0]     ; 9.599  ; 9.599  ; 9.599  ; 9.599  ;
; SW[0]      ; HEX1[3]     ; 9.585  ; 9.585  ; 9.585  ; 9.585  ;
; SW[0]      ; HEX1[4]     ; 9.595  ; 9.595  ; 9.595  ; 9.595  ;
; SW[0]      ; HEX1[5]     ; 9.625  ; 9.625  ; 9.625  ; 9.625  ;
; SW[0]      ; HEX2[0]     ; 8.081  ; 8.081  ; 8.081  ; 8.081  ;
; SW[0]      ; HEX2[1]     ; 8.082  ; 8.082  ; 8.082  ; 8.082  ;
; SW[0]      ; HEX2[2]     ;        ; 8.125  ; 8.125  ;        ;
; SW[0]      ; HEX2[3]     ; 8.150  ; 8.150  ; 8.150  ; 8.150  ;
; SW[0]      ; HEX2[4]     ; 8.663  ;        ;        ; 8.663  ;
; SW[0]      ; HEX2[5]     ; 8.424  ;        ;        ; 8.424  ;
; SW[0]      ; HEX2[6]     ; 8.691  ;        ;        ; 8.691  ;
; SW[0]      ; LEDG[0]     ; 10.236 ; 10.236 ; 10.236 ; 10.236 ;
; SW[0]      ; LEDG[1]     ; 11.127 ; 11.127 ; 11.127 ; 11.127 ;
; SW[0]      ; LEDG[2]     ; 12.522 ; 12.522 ; 12.522 ; 12.522 ;
; SW[0]      ; LEDG[3]     ; 11.497 ; 11.497 ; 11.497 ; 11.497 ;
; SW[0]      ; LEDG[4]     ; 12.131 ;        ;        ; 12.131 ;
; SW[0]      ; LEDR[0]     ; 4.635  ;        ;        ; 4.635  ;
; SW[1]      ; HEX0[0]     ; 9.142  ; 9.142  ; 9.142  ; 9.142  ;
; SW[1]      ; HEX0[1]     ; 9.459  ; 9.459  ; 9.459  ; 9.459  ;
; SW[1]      ; HEX0[2]     ; 9.794  ; 9.794  ; 9.794  ; 9.794  ;
; SW[1]      ; HEX0[3]     ; 9.391  ; 9.391  ; 9.391  ; 9.391  ;
; SW[1]      ; HEX0[4]     ; 9.824  ; 9.824  ; 9.824  ; 9.824  ;
; SW[1]      ; HEX0[5]     ; 9.536  ; 9.536  ; 9.536  ; 9.536  ;
; SW[1]      ; HEX0[6]     ; 9.531  ; 9.531  ; 9.531  ; 9.531  ;
; SW[1]      ; HEX1[0]     ; 8.714  ; 8.714  ; 8.714  ; 8.714  ;
; SW[1]      ; HEX1[3]     ; 8.700  ; 8.700  ; 8.700  ; 8.700  ;
; SW[1]      ; HEX1[4]     ; 8.710  ; 8.710  ; 8.710  ; 8.710  ;
; SW[1]      ; HEX1[5]     ; 8.740  ; 8.740  ; 8.740  ; 8.740  ;
; SW[1]      ; HEX2[0]     ;        ; 7.803  ; 7.803  ;        ;
; SW[1]      ; HEX2[1]     ; 7.873  ; 7.873  ; 7.873  ; 7.873  ;
; SW[1]      ; HEX2[2]     ; 7.892  ;        ;        ; 7.892  ;
; SW[1]      ; HEX2[3]     ; 7.929  ; 7.929  ; 7.929  ; 7.929  ;
; SW[1]      ; HEX2[4]     ;        ; 8.455  ; 8.455  ;        ;
; SW[1]      ; HEX2[5]     ; 8.206  ;        ;        ; 8.206  ;
; SW[1]      ; HEX2[6]     ; 8.477  ; 8.477  ; 8.477  ; 8.477  ;
; SW[1]      ; LEDG[1]     ; 10.252 ; 10.252 ; 10.252 ; 10.252 ;
; SW[1]      ; LEDG[2]     ; 11.637 ; 11.637 ; 11.637 ; 11.637 ;
; SW[1]      ; LEDG[3]     ; 10.617 ; 10.617 ; 10.617 ; 10.617 ;
; SW[1]      ; LEDG[4]     ; 11.251 ;        ;        ; 11.251 ;
; SW[1]      ; LEDG[7]     ; 12.884 ;        ;        ; 12.884 ;
; SW[1]      ; LEDR[1]     ; 4.978  ;        ;        ; 4.978  ;
; SW[2]      ; HEX0[0]     ; 10.191 ; 10.191 ; 10.191 ; 10.191 ;
; SW[2]      ; HEX0[1]     ; 10.508 ; 10.508 ; 10.508 ; 10.508 ;
; SW[2]      ; HEX0[2]     ; 10.843 ; 10.843 ; 10.843 ; 10.843 ;
; SW[2]      ; HEX0[3]     ; 10.440 ; 10.440 ; 10.440 ; 10.440 ;
; SW[2]      ; HEX0[4]     ; 10.873 ; 10.873 ; 10.873 ; 10.873 ;
; SW[2]      ; HEX0[5]     ; 10.585 ; 10.585 ; 10.585 ; 10.585 ;
; SW[2]      ; HEX0[6]     ; 10.580 ; 10.580 ; 10.580 ; 10.580 ;
; SW[2]      ; HEX1[0]     ; 9.763  ; 9.763  ; 9.763  ; 9.763  ;
; SW[2]      ; HEX1[3]     ; 9.749  ; 9.749  ; 9.749  ; 9.749  ;
; SW[2]      ; HEX1[4]     ; 9.759  ; 9.759  ; 9.759  ; 9.759  ;
; SW[2]      ; HEX1[5]     ; 9.789  ; 9.789  ; 9.789  ; 9.789  ;
; SW[2]      ; HEX2[0]     ; 8.129  ; 8.129  ; 8.129  ; 8.129  ;
; SW[2]      ; HEX2[1]     ; 7.761  ;        ;        ; 7.761  ;
; SW[2]      ; HEX2[2]     ;        ; 7.785  ; 7.785  ;        ;
; SW[2]      ; HEX2[3]     ; 8.212  ; 8.212  ; 8.212  ; 8.212  ;
; SW[2]      ; HEX2[4]     ; 8.342  ;        ;        ; 8.342  ;
; SW[2]      ; HEX2[5]     ;        ; 8.488  ; 8.488  ;        ;
; SW[2]      ; HEX2[6]     ; 8.759  ; 8.759  ; 8.759  ; 8.759  ;
; SW[2]      ; LEDG[2]     ; 12.686 ; 12.686 ; 12.686 ; 12.686 ;
; SW[2]      ; LEDG[3]     ; 10.500 ; 10.500 ; 10.500 ; 10.500 ;
; SW[2]      ; LEDG[4]     ; 11.136 ;        ;        ; 11.136 ;
; SW[2]      ; LEDG[7]     ; 12.774 ;        ;        ; 12.774 ;
; SW[2]      ; LEDR[2]     ; 5.387  ;        ;        ; 5.387  ;
; SW[3]      ; HEX0[0]     ; 9.520  ; 9.520  ; 9.520  ; 9.520  ;
; SW[3]      ; HEX0[1]     ; 9.832  ; 9.832  ; 9.832  ; 9.832  ;
; SW[3]      ; HEX0[2]     ; 10.167 ; 10.167 ; 10.167 ; 10.167 ;
; SW[3]      ; HEX0[3]     ; 9.769  ; 9.769  ; 9.769  ; 9.769  ;
; SW[3]      ; HEX0[4]     ; 10.197 ; 10.197 ; 10.197 ; 10.197 ;
; SW[3]      ; HEX0[5]     ; 9.914  ; 9.914  ; 9.914  ; 9.914  ;
; SW[3]      ; HEX0[6]     ; 9.909  ; 9.909  ; 9.909  ; 9.909  ;
; SW[3]      ; HEX1[0]     ; 9.096  ; 9.136  ; 9.136  ; 9.096  ;
; SW[3]      ; HEX1[3]     ; 9.082  ; 9.122  ; 9.122  ; 9.082  ;
; SW[3]      ; HEX1[4]     ; 9.092  ; 9.132  ; 9.132  ; 9.092  ;
; SW[3]      ; HEX1[5]     ; 9.122  ; 9.162  ; 9.162  ; 9.122  ;
; SW[3]      ; HEX2[0]     ;        ; 7.476  ; 7.476  ;        ;
; SW[3]      ; HEX2[3]     ;        ; 7.544  ; 7.544  ;        ;
; SW[3]      ; HEX2[5]     ;        ; 7.819  ; 7.819  ;        ;
; SW[3]      ; HEX2[6]     ;        ; 8.083  ; 8.083  ;        ;
; SW[3]      ; LEDG[3]     ; 9.802  ; 9.802  ; 9.802  ; 9.802  ;
; SW[3]      ; LEDG[4]     ; 10.440 ;        ;        ; 10.440 ;
; SW[3]      ; LEDG[7]     ; 12.842 ;        ;        ; 12.842 ;
; SW[3]      ; LEDR[3]     ; 5.800  ;        ;        ; 5.800  ;
; SW[4]      ; HEX0[0]     ; 7.838  ; 7.838  ; 7.838  ; 7.838  ;
; SW[4]      ; HEX0[1]     ; 7.765  ; 7.765  ; 7.765  ; 7.765  ;
; SW[4]      ; HEX0[2]     ; 8.059  ; 8.059  ; 8.059  ; 8.059  ;
; SW[4]      ; HEX0[3]     ; 8.096  ; 8.096  ; 8.096  ; 8.096  ;
; SW[4]      ; HEX0[4]     ; 8.127  ; 8.127  ; 8.127  ; 8.127  ;
; SW[4]      ; HEX0[5]     ; 8.237  ; 8.237  ; 8.237  ; 8.237  ;
; SW[4]      ; HEX0[6]     ; 8.232  ; 8.232  ; 8.232  ; 8.232  ;
; SW[4]      ; HEX1[0]     ; 10.128 ; 10.128 ; 10.128 ; 10.128 ;
; SW[4]      ; HEX1[3]     ; 10.114 ; 10.114 ; 10.114 ; 10.114 ;
; SW[4]      ; HEX1[4]     ; 10.124 ; 10.124 ; 10.124 ; 10.124 ;
; SW[4]      ; HEX1[5]     ; 10.154 ; 10.154 ; 10.154 ; 10.154 ;
; SW[4]      ; HEX3[0]     ; 7.267  ; 7.267  ; 7.267  ; 7.267  ;
; SW[4]      ; HEX3[1]     ; 7.787  ; 7.787  ; 7.787  ; 7.787  ;
; SW[4]      ; HEX3[2]     ;        ; 7.795  ; 7.795  ;        ;
; SW[4]      ; HEX3[3]     ; 7.223  ; 7.223  ; 7.223  ; 7.223  ;
; SW[4]      ; HEX3[4]     ; 6.908  ;        ;        ; 6.908  ;
; SW[4]      ; HEX3[5]     ; 7.285  ;        ;        ; 7.285  ;
; SW[4]      ; HEX3[6]     ; 7.643  ;        ;        ; 7.643  ;
; SW[4]      ; LEDG[0]     ; 10.006 ; 10.006 ; 10.006 ; 10.006 ;
; SW[4]      ; LEDG[1]     ; 11.656 ; 11.656 ; 11.656 ; 11.656 ;
; SW[4]      ; LEDG[2]     ; 13.051 ; 13.051 ; 13.051 ; 13.051 ;
; SW[4]      ; LEDG[3]     ; 12.026 ; 12.026 ; 12.026 ; 12.026 ;
; SW[4]      ; LEDG[4]     ; 12.660 ;        ;        ; 12.660 ;
; SW[4]      ; LEDR[4]     ; 5.305  ;        ;        ; 5.305  ;
; SW[5]      ; HEX0[0]     ; 8.962  ; 8.962  ; 8.962  ; 8.962  ;
; SW[5]      ; HEX0[1]     ; 9.279  ; 9.279  ; 9.279  ; 9.279  ;
; SW[5]      ; HEX0[2]     ; 9.614  ; 9.614  ; 9.614  ; 9.614  ;
; SW[5]      ; HEX0[3]     ; 9.211  ; 9.211  ; 9.211  ; 9.211  ;
; SW[5]      ; HEX0[4]     ; 9.644  ; 9.644  ; 9.644  ; 9.644  ;
; SW[5]      ; HEX0[5]     ; 9.356  ; 9.356  ; 9.356  ; 9.356  ;
; SW[5]      ; HEX0[6]     ; 9.351  ; 9.351  ; 9.351  ; 9.351  ;
; SW[5]      ; HEX1[0]     ; 8.534  ; 8.534  ; 8.534  ; 8.534  ;
; SW[5]      ; HEX1[3]     ; 8.520  ; 8.520  ; 8.520  ; 8.520  ;
; SW[5]      ; HEX1[4]     ; 8.530  ; 8.530  ; 8.530  ; 8.530  ;
; SW[5]      ; HEX1[5]     ; 8.560  ; 8.560  ; 8.560  ; 8.560  ;
; SW[5]      ; HEX3[0]     ;        ; 7.633  ; 7.633  ;        ;
; SW[5]      ; HEX3[1]     ; 8.146  ; 8.146  ; 8.146  ; 8.146  ;
; SW[5]      ; HEX3[2]     ; 8.146  ;        ;        ; 8.146  ;
; SW[5]      ; HEX3[3]     ; 7.579  ; 7.579  ; 7.579  ; 7.579  ;
; SW[5]      ; HEX3[4]     ;        ; 7.228  ; 7.228  ;        ;
; SW[5]      ; HEX3[5]     ; 7.638  ;        ;        ; 7.638  ;
; SW[5]      ; HEX3[6]     ; 7.998  ; 7.998  ; 7.998  ; 7.998  ;
; SW[5]      ; LEDG[1]     ; 10.071 ; 10.071 ; 10.071 ; 10.071 ;
; SW[5]      ; LEDG[2]     ; 11.457 ; 11.457 ; 11.457 ; 11.457 ;
; SW[5]      ; LEDG[3]     ; 10.437 ; 10.437 ; 10.437 ; 10.437 ;
; SW[5]      ; LEDG[4]     ; 11.071 ;        ;        ; 11.071 ;
; SW[5]      ; LEDG[7]     ; 12.180 ;        ;        ; 12.180 ;
; SW[5]      ; LEDR[5]     ; 5.847  ;        ;        ; 5.847  ;
; SW[6]      ; HEX0[0]     ; 9.465  ; 9.465  ; 9.465  ; 9.465  ;
; SW[6]      ; HEX0[1]     ; 9.782  ; 9.782  ; 9.782  ; 9.782  ;
; SW[6]      ; HEX0[2]     ; 10.117 ; 10.117 ; 10.117 ; 10.117 ;
; SW[6]      ; HEX0[3]     ; 9.714  ; 9.714  ; 9.714  ; 9.714  ;
; SW[6]      ; HEX0[4]     ; 10.147 ; 10.147 ; 10.147 ; 10.147 ;
; SW[6]      ; HEX0[5]     ; 9.859  ; 9.859  ; 9.859  ; 9.859  ;
; SW[6]      ; HEX0[6]     ; 9.854  ; 9.854  ; 9.854  ; 9.854  ;
; SW[6]      ; HEX1[0]     ; 9.037  ; 9.037  ; 9.037  ; 9.037  ;
; SW[6]      ; HEX1[3]     ; 9.023  ; 9.023  ; 9.023  ; 9.023  ;
; SW[6]      ; HEX1[4]     ; 9.033  ; 9.033  ; 9.033  ; 9.033  ;
; SW[6]      ; HEX1[5]     ; 9.063  ; 9.063  ; 9.063  ; 9.063  ;
; SW[6]      ; HEX3[0]     ; 7.422  ; 7.422  ; 7.422  ; 7.422  ;
; SW[6]      ; HEX3[1]     ; 7.943  ;        ;        ; 7.943  ;
; SW[6]      ; HEX3[2]     ;        ; 7.898  ; 7.898  ;        ;
; SW[6]      ; HEX3[3]     ; 7.373  ; 7.373  ; 7.373  ; 7.373  ;
; SW[6]      ; HEX3[4]     ; 7.051  ;        ;        ; 7.051  ;
; SW[6]      ; HEX3[5]     ;        ; 7.432  ; 7.432  ;        ;
; SW[6]      ; HEX3[6]     ; 7.793  ; 7.793  ; 7.793  ; 7.793  ;
; SW[6]      ; LEDG[2]     ; 11.960 ; 11.960 ; 11.960 ; 11.960 ;
; SW[6]      ; LEDG[3]     ; 9.778  ; 9.778  ; 9.778  ; 9.778  ;
; SW[6]      ; LEDG[4]     ; 10.414 ;        ;        ; 10.414 ;
; SW[6]      ; LEDG[7]     ; 11.973 ;        ;        ; 11.973 ;
; SW[6]      ; LEDR[6]     ; 5.136  ;        ;        ; 5.136  ;
; SW[7]      ; HEX0[0]     ; 8.425  ; 8.425  ; 8.425  ; 8.425  ;
; SW[7]      ; HEX0[1]     ; 8.737  ; 8.737  ; 8.737  ; 8.737  ;
; SW[7]      ; HEX0[2]     ; 9.072  ; 9.072  ; 9.072  ; 9.072  ;
; SW[7]      ; HEX0[3]     ; 8.674  ; 8.674  ; 8.674  ; 8.674  ;
; SW[7]      ; HEX0[4]     ; 9.102  ; 9.102  ; 9.102  ; 9.102  ;
; SW[7]      ; HEX0[5]     ; 8.819  ; 8.819  ; 8.819  ; 8.819  ;
; SW[7]      ; HEX0[6]     ; 8.814  ; 8.814  ; 8.814  ; 8.814  ;
; SW[7]      ; HEX1[0]     ; 8.001  ; 8.045  ; 8.045  ; 8.001  ;
; SW[7]      ; HEX1[3]     ; 7.987  ; 8.031  ; 8.031  ; 7.987  ;
; SW[7]      ; HEX1[4]     ; 7.997  ; 8.041  ; 8.041  ; 7.997  ;
; SW[7]      ; HEX1[5]     ; 8.027  ; 8.071  ; 8.071  ; 8.027  ;
; SW[7]      ; HEX3[0]     ;        ; 6.436  ; 6.436  ;        ;
; SW[7]      ; HEX3[3]     ;        ; 6.381  ; 6.381  ;        ;
; SW[7]      ; HEX3[5]     ;        ; 6.439  ; 6.439  ;        ;
; SW[7]      ; HEX3[6]     ;        ; 6.798  ; 6.798  ;        ;
; SW[7]      ; LEDG[3]     ; 8.711  ; 8.711  ; 8.711  ; 8.711  ;
; SW[7]      ; LEDG[4]     ; 9.345  ;        ;        ; 9.345  ;
; SW[7]      ; LEDG[7]     ; 10.984 ;        ;        ; 10.984 ;
; SW[7]      ; LEDR[7]     ; 6.701  ;        ;        ; 6.701  ;
; SW[8]      ; HEX0[0]     ; 6.743  ; 6.743  ; 6.743  ; 6.743  ;
; SW[8]      ; HEX0[1]     ; 6.670  ; 6.670  ; 6.670  ; 6.670  ;
; SW[8]      ; HEX0[2]     ; 6.964  ; 6.964  ; 6.964  ; 6.964  ;
; SW[8]      ; HEX0[3]     ; 7.001  ; 7.001  ; 7.001  ; 7.001  ;
; SW[8]      ; HEX0[4]     ; 7.032  ; 7.032  ; 7.032  ; 7.032  ;
; SW[8]      ; HEX0[5]     ; 7.142  ; 7.142  ; 7.142  ; 7.142  ;
; SW[8]      ; HEX0[6]     ; 7.137  ; 7.137  ; 7.137  ; 7.137  ;
; SW[8]      ; HEX1[0]     ; 8.826  ; 8.826  ; 8.826  ; 8.826  ;
; SW[8]      ; HEX1[3]     ; 8.812  ; 8.812  ; 8.812  ; 8.812  ;
; SW[8]      ; HEX1[4]     ; 8.822  ; 8.822  ; 8.822  ; 8.822  ;
; SW[8]      ; HEX1[5]     ; 8.852  ; 8.852  ; 8.852  ; 8.852  ;
; SW[8]      ; LEDG[0]     ; 8.911  ; 8.911  ; 8.911  ; 8.911  ;
; SW[8]      ; LEDG[1]     ; 10.354 ; 10.354 ; 10.354 ; 10.354 ;
; SW[8]      ; LEDG[2]     ; 11.749 ; 11.749 ; 11.749 ; 11.749 ;
; SW[8]      ; LEDG[3]     ; 10.724 ; 10.724 ; 10.724 ; 10.724 ;
; SW[8]      ; LEDG[4]     ; 11.358 ;        ;        ; 11.358 ;
; SW[8]      ; LEDR[8]     ; 6.342  ;        ;        ; 6.342  ;
; SW[9]      ; LEDR[9]     ; 6.304  ;        ;        ; 6.304  ;
+------------+-------------+--------+--------+--------+--------+


----------------------------
; Fast Model Setup Summary ;
----------------------------
No paths to report.


---------------------------
; Fast Model Hold Summary ;
---------------------------
No paths to report.


-------------------------------
; Fast Model Recovery Summary ;
-------------------------------
No paths to report.


------------------------------
; Fast Model Removal Summary ;
------------------------------
No paths to report.


------------------------------------------
; Fast Model Minimum Pulse Width Summary ;
------------------------------------------
No paths to report.


+----------------------------------------------------------+
; Propagation Delay                                        ;
+------------+-------------+-------+-------+-------+-------+
; Input Port ; Output Port ; RR    ; RF    ; FR    ; FF    ;
+------------+-------------+-------+-------+-------+-------+
; SW[0]      ; HEX0[0]     ; 4.922 ; 4.922 ; 4.922 ; 4.922 ;
; SW[0]      ; HEX0[1]     ; 4.952 ; 4.952 ; 4.952 ; 4.952 ;
; SW[0]      ; HEX0[2]     ; 5.078 ; 5.078 ; 5.078 ; 5.078 ;
; SW[0]      ; HEX0[3]     ; 5.019 ; 5.019 ; 5.019 ; 5.019 ;
; SW[0]      ; HEX0[4]     ; 5.094 ; 5.094 ; 5.094 ; 5.094 ;
; SW[0]      ; HEX0[5]     ; 5.100 ; 5.100 ; 5.100 ; 5.100 ;
; SW[0]      ; HEX0[6]     ; 5.094 ; 5.094 ; 5.094 ; 5.094 ;
; SW[0]      ; HEX1[0]     ; 4.687 ; 4.687 ; 4.687 ; 4.687 ;
; SW[0]      ; HEX1[3]     ; 4.670 ; 4.670 ; 4.670 ; 4.670 ;
; SW[0]      ; HEX1[4]     ; 4.680 ; 4.680 ; 4.680 ; 4.680 ;
; SW[0]      ; HEX1[5]     ; 4.709 ; 4.709 ; 4.709 ; 4.709 ;
; SW[0]      ; HEX2[0]     ; 3.723 ; 3.723 ; 3.723 ; 3.723 ;
; SW[0]      ; HEX2[1]     ; 3.724 ; 3.724 ; 3.724 ; 3.724 ;
; SW[0]      ; HEX2[2]     ;       ; 3.767 ; 3.767 ;       ;
; SW[0]      ; HEX2[3]     ; 3.785 ; 3.785 ; 3.785 ; 3.785 ;
; SW[0]      ; HEX2[4]     ; 3.948 ;       ;       ; 3.948 ;
; SW[0]      ; HEX2[5]     ; 3.860 ;       ;       ; 3.860 ;
; SW[0]      ; HEX2[6]     ; 3.965 ;       ;       ; 3.965 ;
; SW[0]      ; LEDG[0]     ; 4.717 ; 4.717 ; 4.717 ; 4.717 ;
; SW[0]      ; LEDG[1]     ; 4.920 ; 4.920 ; 4.920 ; 4.920 ;
; SW[0]      ; LEDG[2]     ; 5.545 ; 5.545 ; 5.545 ; 5.545 ;
; SW[0]      ; LEDG[3]     ; 5.087 ; 5.087 ; 5.087 ; 5.087 ;
; SW[0]      ; LEDG[4]     ; 5.347 ;       ;       ; 5.347 ;
; SW[0]      ; LEDR[0]     ; 2.289 ;       ;       ; 2.289 ;
; SW[1]      ; HEX0[0]     ; 4.619 ; 4.619 ; 4.619 ; 4.619 ;
; SW[1]      ; HEX0[1]     ; 4.649 ; 4.649 ; 4.649 ; 4.649 ;
; SW[1]      ; HEX0[2]     ; 4.775 ; 4.775 ; 4.775 ; 4.775 ;
; SW[1]      ; HEX0[3]     ; 4.716 ; 4.716 ; 4.716 ; 4.716 ;
; SW[1]      ; HEX0[4]     ; 4.791 ; 4.791 ; 4.791 ; 4.791 ;
; SW[1]      ; HEX0[5]     ; 4.797 ; 4.797 ; 4.797 ; 4.797 ;
; SW[1]      ; HEX0[6]     ; 4.791 ; 4.791 ; 4.791 ; 4.791 ;
; SW[1]      ; HEX1[0]     ; 4.384 ; 4.384 ; 4.384 ; 4.384 ;
; SW[1]      ; HEX1[3]     ; 4.367 ; 4.367 ; 4.367 ; 4.367 ;
; SW[1]      ; HEX1[4]     ; 4.377 ; 4.377 ; 4.377 ; 4.377 ;
; SW[1]      ; HEX1[5]     ; 4.406 ; 4.406 ; 4.406 ; 4.406 ;
; SW[1]      ; HEX2[0]     ;       ; 3.637 ; 3.637 ;       ;
; SW[1]      ; HEX2[1]     ; 3.660 ; 3.660 ; 3.660 ; 3.660 ;
; SW[1]      ; HEX2[2]     ; 3.684 ;       ;       ; 3.684 ;
; SW[1]      ; HEX2[3]     ; 3.713 ; 3.713 ; 3.713 ; 3.713 ;
; SW[1]      ; HEX2[4]     ;       ; 3.886 ; 3.886 ;       ;
; SW[1]      ; HEX2[5]     ; 3.791 ;       ;       ; 3.791 ;
; SW[1]      ; HEX2[6]     ; 3.901 ; 3.901 ; 3.901 ; 3.901 ;
; SW[1]      ; LEDG[1]     ; 4.619 ; 4.619 ; 4.619 ; 4.619 ;
; SW[1]      ; LEDG[2]     ; 5.237 ; 5.237 ; 5.237 ; 5.237 ;
; SW[1]      ; LEDG[3]     ; 4.784 ; 4.784 ; 4.784 ; 4.784 ;
; SW[1]      ; LEDG[4]     ; 5.044 ;       ;       ; 5.044 ;
; SW[1]      ; LEDG[7]     ; 5.618 ;       ;       ; 5.618 ;
; SW[1]      ; LEDR[1]     ; 2.423 ;       ;       ; 2.423 ;
; SW[2]      ; HEX0[0]     ; 4.995 ; 4.995 ; 4.995 ; 4.995 ;
; SW[2]      ; HEX0[1]     ; 5.025 ; 5.025 ; 5.025 ; 5.025 ;
; SW[2]      ; HEX0[2]     ; 5.151 ; 5.151 ; 5.151 ; 5.151 ;
; SW[2]      ; HEX0[3]     ; 5.092 ; 5.092 ; 5.092 ; 5.092 ;
; SW[2]      ; HEX0[4]     ; 5.167 ; 5.167 ; 5.167 ; 5.167 ;
; SW[2]      ; HEX0[5]     ; 5.173 ; 5.173 ; 5.173 ; 5.173 ;
; SW[2]      ; HEX0[6]     ; 5.167 ; 5.167 ; 5.167 ; 5.167 ;
; SW[2]      ; HEX1[0]     ; 4.760 ; 4.760 ; 4.760 ; 4.760 ;
; SW[2]      ; HEX1[3]     ; 4.743 ; 4.743 ; 4.743 ; 4.743 ;
; SW[2]      ; HEX1[4]     ; 4.753 ; 4.753 ; 4.753 ; 4.753 ;
; SW[2]      ; HEX1[5]     ; 4.782 ; 4.782 ; 4.782 ; 4.782 ;
; SW[2]      ; HEX2[0]     ; 3.727 ; 3.727 ; 3.727 ; 3.727 ;
; SW[2]      ; HEX2[1]     ; 3.637 ;       ;       ; 3.637 ;
; SW[2]      ; HEX2[2]     ;       ; 3.644 ; 3.644 ;       ;
; SW[2]      ; HEX2[3]     ; 3.800 ; 3.800 ; 3.800 ; 3.800 ;
; SW[2]      ; HEX2[4]     ; 3.842 ;       ;       ; 3.842 ;
; SW[2]      ; HEX2[5]     ;       ; 3.877 ; 3.877 ;       ;
; SW[2]      ; HEX2[6]     ; 3.986 ; 3.986 ; 3.986 ; 3.986 ;
; SW[2]      ; LEDG[2]     ; 5.615 ; 5.615 ; 5.615 ; 5.615 ;
; SW[2]      ; LEDG[3]     ; 5.160 ; 5.160 ; 5.160 ; 5.160 ;
; SW[2]      ; LEDG[4]     ; 5.420 ;       ;       ; 5.420 ;
; SW[2]      ; LEDG[7]     ; 5.575 ;       ;       ; 5.575 ;
; SW[2]      ; LEDR[2]     ; 2.611 ;       ;       ; 2.611 ;
; SW[3]      ; HEX0[0]     ; 4.328 ; 4.328 ; 4.328 ; 4.328 ;
; SW[3]      ; HEX0[1]     ; 4.358 ; 4.358 ; 4.358 ; 4.358 ;
; SW[3]      ; HEX0[2]     ; 4.484 ; 4.484 ; 4.484 ; 4.484 ;
; SW[3]      ; HEX0[3]     ; 4.425 ; 4.425 ; 4.425 ; 4.425 ;
; SW[3]      ; HEX0[4]     ; 4.500 ; 4.500 ; 4.500 ; 4.500 ;
; SW[3]      ; HEX0[5]     ; 4.506 ; 4.506 ; 4.506 ; 4.506 ;
; SW[3]      ; HEX0[6]     ; 4.500 ; 4.500 ; 4.500 ; 4.500 ;
; SW[3]      ; HEX1[0]     ; 4.093 ; 4.093 ; 4.093 ; 4.093 ;
; SW[3]      ; HEX1[3]     ; 4.076 ; 4.076 ; 4.076 ; 4.076 ;
; SW[3]      ; HEX1[4]     ; 4.086 ; 4.086 ; 4.086 ; 4.086 ;
; SW[3]      ; HEX1[5]     ; 4.115 ; 4.115 ; 4.115 ; 4.115 ;
; SW[3]      ; HEX2[0]     ;       ; 3.548 ; 3.548 ;       ;
; SW[3]      ; HEX2[3]     ;       ; 3.608 ; 3.608 ;       ;
; SW[3]      ; HEX2[5]     ;       ; 3.684 ; 3.684 ;       ;
; SW[3]      ; HEX2[6]     ;       ; 3.788 ; 3.788 ;       ;
; SW[3]      ; LEDG[3]     ; 4.493 ; 4.493 ; 4.493 ; 4.493 ;
; SW[3]      ; LEDG[4]     ; 4.757 ;       ;       ; 4.757 ;
; SW[3]      ; LEDG[7]     ; 5.634 ;       ;       ; 5.634 ;
; SW[3]      ; LEDR[3]     ; 2.854 ;       ;       ; 2.854 ;
; SW[4]      ; HEX0[0]     ; 5.113 ; 5.113 ; 5.113 ; 5.113 ;
; SW[4]      ; HEX0[1]     ; 5.143 ; 5.143 ; 5.143 ; 5.143 ;
; SW[4]      ; HEX0[2]     ; 5.269 ; 5.269 ; 5.269 ; 5.269 ;
; SW[4]      ; HEX0[3]     ; 5.210 ; 5.210 ; 5.210 ; 5.210 ;
; SW[4]      ; HEX0[4]     ; 5.285 ; 5.285 ; 5.285 ; 5.285 ;
; SW[4]      ; HEX0[5]     ; 5.291 ; 5.291 ; 5.291 ; 5.291 ;
; SW[4]      ; HEX0[6]     ; 5.285 ; 5.285 ; 5.285 ; 5.285 ;
; SW[4]      ; HEX1[0]     ; 4.878 ; 4.878 ; 4.878 ; 4.878 ;
; SW[4]      ; HEX1[3]     ; 4.861 ; 4.861 ; 4.861 ; 4.861 ;
; SW[4]      ; HEX1[4]     ; 4.871 ; 4.871 ; 4.871 ; 4.871 ;
; SW[4]      ; HEX1[5]     ; 4.900 ; 4.900 ; 4.900 ; 4.900 ;
; SW[4]      ; HEX3[0]     ; 3.420 ; 3.420 ; 3.420 ; 3.420 ;
; SW[4]      ; HEX3[1]     ; 3.688 ; 3.688 ; 3.688 ; 3.688 ;
; SW[4]      ; HEX3[2]     ;       ; 3.695 ; 3.695 ;       ;
; SW[4]      ; HEX3[3]     ; 3.393 ; 3.393 ; 3.393 ; 3.393 ;
; SW[4]      ; HEX3[4]     ; 3.272 ;       ;       ; 3.272 ;
; SW[4]      ; HEX3[5]     ; 3.437 ;       ;       ; 3.437 ;
; SW[4]      ; HEX3[6]     ; 3.583 ;       ;       ; 3.583 ;
; SW[4]      ; LEDG[0]     ; 4.621 ; 4.621 ; 4.621 ; 4.621 ;
; SW[4]      ; LEDG[1]     ; 5.111 ; 5.111 ; 5.111 ; 5.111 ;
; SW[4]      ; LEDG[2]     ; 5.736 ; 5.736 ; 5.736 ; 5.736 ;
; SW[4]      ; LEDG[3]     ; 5.278 ; 5.278 ; 5.278 ; 5.278 ;
; SW[4]      ; LEDG[4]     ; 5.538 ;       ;       ; 5.538 ;
; SW[4]      ; LEDR[4]     ; 2.626 ;       ;       ; 2.626 ;
; SW[5]      ; HEX0[0]     ; 4.554 ; 4.554 ; 4.554 ; 4.554 ;
; SW[5]      ; HEX0[1]     ; 4.584 ; 4.584 ; 4.584 ; 4.584 ;
; SW[5]      ; HEX0[2]     ; 4.710 ; 4.710 ; 4.710 ; 4.710 ;
; SW[5]      ; HEX0[3]     ; 4.651 ; 4.651 ; 4.651 ; 4.651 ;
; SW[5]      ; HEX0[4]     ; 4.726 ; 4.726 ; 4.726 ; 4.726 ;
; SW[5]      ; HEX0[5]     ; 4.732 ; 4.732 ; 4.732 ; 4.732 ;
; SW[5]      ; HEX0[6]     ; 4.726 ; 4.726 ; 4.726 ; 4.726 ;
; SW[5]      ; HEX1[0]     ; 4.319 ; 4.319 ; 4.319 ; 4.319 ;
; SW[5]      ; HEX1[3]     ; 4.302 ; 4.302 ; 4.302 ; 4.302 ;
; SW[5]      ; HEX1[4]     ; 4.312 ; 4.312 ; 4.312 ; 4.312 ;
; SW[5]      ; HEX1[5]     ; 4.341 ; 4.341 ; 4.341 ; 4.341 ;
; SW[5]      ; HEX3[0]     ;       ; 3.528 ; 3.528 ;       ;
; SW[5]      ; HEX3[1]     ; 3.794 ; 3.794 ; 3.794 ; 3.794 ;
; SW[5]      ; HEX3[2]     ; 3.788 ;       ;       ; 3.788 ;
; SW[5]      ; HEX3[3]     ; 3.493 ; 3.493 ; 3.493 ; 3.493 ;
; SW[5]      ; HEX3[4]     ;       ; 3.368 ; 3.368 ;       ;
; SW[5]      ; HEX3[5]     ; 3.534 ;       ;       ; 3.534 ;
; SW[5]      ; HEX3[6]     ; 3.682 ; 3.682 ; 3.682 ; 3.682 ;
; SW[5]      ; LEDG[1]     ; 4.554 ; 4.554 ; 4.554 ; 4.554 ;
; SW[5]      ; LEDG[2]     ; 5.170 ; 5.170 ; 5.170 ; 5.170 ;
; SW[5]      ; LEDG[3]     ; 4.719 ; 4.719 ; 4.719 ; 4.719 ;
; SW[5]      ; LEDG[4]     ; 4.979 ;       ;       ; 4.979 ;
; SW[5]      ; LEDG[7]     ; 5.322 ;       ;       ; 5.322 ;
; SW[5]      ; LEDR[5]     ; 2.803 ;       ;       ; 2.803 ;
; SW[6]      ; HEX0[0]     ; 4.690 ; 4.690 ; 4.690 ; 4.690 ;
; SW[6]      ; HEX0[1]     ; 4.720 ; 4.720 ; 4.720 ; 4.720 ;
; SW[6]      ; HEX0[2]     ; 4.846 ; 4.846 ; 4.846 ; 4.846 ;
; SW[6]      ; HEX0[3]     ; 4.787 ; 4.787 ; 4.787 ; 4.787 ;
; SW[6]      ; HEX0[4]     ; 4.862 ; 4.862 ; 4.862 ; 4.862 ;
; SW[6]      ; HEX0[5]     ; 4.868 ; 4.868 ; 4.868 ; 4.868 ;
; SW[6]      ; HEX0[6]     ; 4.862 ; 4.862 ; 4.862 ; 4.862 ;
; SW[6]      ; HEX1[0]     ; 4.455 ; 4.455 ; 4.455 ; 4.455 ;
; SW[6]      ; HEX1[3]     ; 4.438 ; 4.438 ; 4.438 ; 4.438 ;
; SW[6]      ; HEX1[4]     ; 4.448 ; 4.448 ; 4.448 ; 4.448 ;
; SW[6]      ; HEX1[5]     ; 4.477 ; 4.477 ; 4.477 ; 4.477 ;
; SW[6]      ; HEX3[0]     ; 3.465 ; 3.465 ; 3.465 ; 3.465 ;
; SW[6]      ; HEX3[1]     ; 3.730 ;       ;       ; 3.730 ;
; SW[6]      ; HEX3[2]     ;       ; 3.727 ; 3.727 ;       ;
; SW[6]      ; HEX3[3]     ; 3.430 ; 3.430 ; 3.430 ; 3.430 ;
; SW[6]      ; HEX3[4]     ; 3.305 ;       ;       ; 3.305 ;
; SW[6]      ; HEX3[5]     ;       ; 3.472 ; 3.472 ;       ;
; SW[6]      ; HEX3[6]     ; 3.620 ; 3.620 ; 3.620 ; 3.620 ;
; SW[6]      ; LEDG[2]     ; 5.305 ; 5.305 ; 5.305 ; 5.305 ;
; SW[6]      ; LEDG[3]     ; 4.855 ; 4.855 ; 4.855 ; 4.855 ;
; SW[6]      ; LEDG[4]     ; 5.115 ;       ;       ; 5.115 ;
; SW[6]      ; LEDG[7]     ; 5.260 ;       ;       ; 5.260 ;
; SW[6]      ; LEDR[6]     ; 2.511 ;       ;       ; 2.511 ;
; SW[7]      ; HEX0[0]     ; 3.789 ; 3.789 ; 3.789 ; 3.789 ;
; SW[7]      ; HEX0[1]     ; 3.819 ; 3.819 ; 3.819 ; 3.819 ;
; SW[7]      ; HEX0[2]     ; 3.945 ; 3.945 ; 3.945 ; 3.945 ;
; SW[7]      ; HEX0[3]     ; 3.886 ; 3.886 ; 3.886 ; 3.886 ;
; SW[7]      ; HEX0[4]     ; 3.961 ; 3.961 ; 3.961 ; 3.961 ;
; SW[7]      ; HEX0[5]     ; 3.967 ; 3.967 ; 3.967 ; 3.967 ;
; SW[7]      ; HEX0[6]     ; 3.961 ; 3.961 ; 3.961 ; 3.961 ;
; SW[7]      ; HEX1[0]     ; 3.554 ; 3.554 ; 3.554 ; 3.554 ;
; SW[7]      ; HEX1[3]     ; 3.537 ; 3.537 ; 3.537 ; 3.537 ;
; SW[7]      ; HEX1[4]     ; 3.547 ; 3.547 ; 3.547 ; 3.547 ;
; SW[7]      ; HEX1[5]     ; 3.576 ; 3.576 ; 3.576 ; 3.576 ;
; SW[7]      ; HEX3[0]     ;       ; 3.028 ; 3.028 ;       ;
; SW[7]      ; HEX3[3]     ;       ; 2.991 ; 2.991 ;       ;
; SW[7]      ; HEX3[5]     ;       ; 3.031 ; 3.031 ;       ;
; SW[7]      ; HEX3[6]     ;       ; 3.178 ; 3.178 ;       ;
; SW[7]      ; LEDG[3]     ; 3.954 ; 3.954 ; 3.954 ; 3.954 ;
; SW[7]      ; LEDG[4]     ; 4.218 ;       ;       ; 4.218 ;
; SW[7]      ; LEDG[7]     ; 4.821 ;       ;       ; 4.821 ;
; SW[7]      ; LEDR[7]     ; 3.252 ;       ;       ; 3.252 ;
; SW[8]      ; HEX0[0]     ; 4.504 ; 4.504 ; 4.504 ; 4.504 ;
; SW[8]      ; HEX0[1]     ; 4.534 ; 4.534 ; 4.534 ; 4.534 ;
; SW[8]      ; HEX0[2]     ; 4.660 ; 4.660 ; 4.660 ; 4.660 ;
; SW[8]      ; HEX0[3]     ; 4.601 ; 4.601 ; 4.601 ; 4.601 ;
; SW[8]      ; HEX0[4]     ; 4.676 ; 4.676 ; 4.676 ; 4.676 ;
; SW[8]      ; HEX0[5]     ; 4.682 ; 4.682 ; 4.682 ; 4.682 ;
; SW[8]      ; HEX0[6]     ; 4.676 ; 4.676 ; 4.676 ; 4.676 ;
; SW[8]      ; HEX1[0]     ; 4.269 ; 4.269 ; 4.269 ; 4.269 ;
; SW[8]      ; HEX1[3]     ; 4.252 ; 4.252 ; 4.252 ; 4.252 ;
; SW[8]      ; HEX1[4]     ; 4.262 ; 4.262 ; 4.262 ; 4.262 ;
; SW[8]      ; HEX1[5]     ; 4.291 ; 4.291 ; 4.291 ; 4.291 ;
; SW[8]      ; LEDG[0]     ; 4.100 ; 4.100 ; 4.100 ; 4.100 ;
; SW[8]      ; LEDG[1]     ; 4.502 ; 4.502 ; 4.502 ; 4.502 ;
; SW[8]      ; LEDG[2]     ; 5.127 ; 5.127 ; 5.127 ; 5.127 ;
; SW[8]      ; LEDG[3]     ; 4.669 ; 4.669 ; 4.669 ; 4.669 ;
; SW[8]      ; LEDG[4]     ; 4.929 ;       ;       ; 4.929 ;
; SW[8]      ; LEDR[8]     ; 3.015 ;       ;       ; 3.015 ;
; SW[9]      ; LEDR[9]     ; 3.009 ;       ;       ; 3.009 ;
+------------+-------------+-------+-------+-------+-------+


+----------------------------------------------------------+
; Minimum Propagation Delay                                ;
+------------+-------------+-------+-------+-------+-------+
; Input Port ; Output Port ; RR    ; RF    ; FR    ; FF    ;
+------------+-------------+-------+-------+-------+-------+
; SW[0]      ; HEX0[0]     ; 3.694 ; 3.694 ; 3.694 ; 3.694 ;
; SW[0]      ; HEX0[1]     ; 3.680 ; 3.680 ; 3.680 ; 3.680 ;
; SW[0]      ; HEX0[2]     ; 3.804 ; 3.804 ; 3.804 ; 3.804 ;
; SW[0]      ; HEX0[3]     ; 3.802 ; 3.802 ; 3.802 ; 3.802 ;
; SW[0]      ; HEX0[4]     ; 3.829 ; 3.829 ; 3.829 ; 3.829 ;
; SW[0]      ; HEX0[5]     ; 3.877 ; 3.877 ; 3.877 ; 3.877 ;
; SW[0]      ; HEX0[6]     ; 3.875 ; 3.875 ; 3.875 ; 3.875 ;
; SW[0]      ; HEX1[0]     ; 4.263 ; 4.263 ; 4.263 ; 4.263 ;
; SW[0]      ; HEX1[3]     ; 4.246 ; 4.246 ; 4.246 ; 4.246 ;
; SW[0]      ; HEX1[4]     ; 4.256 ; 4.256 ; 4.256 ; 4.256 ;
; SW[0]      ; HEX1[5]     ; 4.285 ; 4.285 ; 4.285 ; 4.285 ;
; SW[0]      ; HEX2[0]     ; 3.723 ; 3.723 ; 3.723 ; 3.723 ;
; SW[0]      ; HEX2[1]     ; 3.724 ; 3.724 ; 3.724 ; 3.724 ;
; SW[0]      ; HEX2[2]     ;       ; 3.767 ; 3.767 ;       ;
; SW[0]      ; HEX2[3]     ; 3.785 ; 3.785 ; 3.785 ; 3.785 ;
; SW[0]      ; HEX2[4]     ; 3.948 ;       ;       ; 3.948 ;
; SW[0]      ; HEX2[5]     ; 3.860 ;       ;       ; 3.860 ;
; SW[0]      ; HEX2[6]     ; 3.965 ;       ;       ; 3.965 ;
; SW[0]      ; LEDG[0]     ; 4.717 ; 4.717 ; 4.717 ; 4.717 ;
; SW[0]      ; LEDG[1]     ; 4.920 ; 4.920 ; 4.920 ; 4.920 ;
; SW[0]      ; LEDG[2]     ; 5.545 ; 5.545 ; 5.545 ; 5.545 ;
; SW[0]      ; LEDG[3]     ; 5.087 ; 5.087 ; 5.087 ; 5.087 ;
; SW[0]      ; LEDG[4]     ; 5.347 ;       ;       ; 5.347 ;
; SW[0]      ; LEDR[0]     ; 2.289 ;       ;       ; 2.289 ;
; SW[1]      ; HEX0[0]     ; 4.085 ; 4.085 ; 4.085 ; 4.085 ;
; SW[1]      ; HEX0[1]     ; 4.203 ; 4.203 ; 4.203 ; 4.203 ;
; SW[1]      ; HEX0[2]     ; 4.325 ; 4.325 ; 4.325 ; 4.325 ;
; SW[1]      ; HEX0[3]     ; 4.184 ; 4.184 ; 4.184 ; 4.184 ;
; SW[1]      ; HEX0[4]     ; 4.352 ; 4.352 ; 4.352 ; 4.352 ;
; SW[1]      ; HEX0[5]     ; 4.264 ; 4.264 ; 4.264 ; 4.264 ;
; SW[1]      ; HEX0[6]     ; 4.259 ; 4.259 ; 4.259 ; 4.259 ;
; SW[1]      ; HEX1[0]     ; 3.955 ; 3.955 ; 3.955 ; 3.955 ;
; SW[1]      ; HEX1[3]     ; 3.938 ; 3.938 ; 3.938 ; 3.938 ;
; SW[1]      ; HEX1[4]     ; 3.948 ; 3.948 ; 3.948 ; 3.948 ;
; SW[1]      ; HEX1[5]     ; 3.977 ; 3.977 ; 3.977 ; 3.977 ;
; SW[1]      ; HEX2[0]     ;       ; 3.637 ; 3.637 ;       ;
; SW[1]      ; HEX2[1]     ; 3.660 ; 3.660 ; 3.660 ; 3.660 ;
; SW[1]      ; HEX2[2]     ; 3.684 ;       ;       ; 3.684 ;
; SW[1]      ; HEX2[3]     ; 3.713 ; 3.713 ; 3.713 ; 3.713 ;
; SW[1]      ; HEX2[4]     ;       ; 3.886 ; 3.886 ;       ;
; SW[1]      ; HEX2[5]     ; 3.791 ;       ;       ; 3.791 ;
; SW[1]      ; HEX2[6]     ; 3.901 ; 3.901 ; 3.901 ; 3.901 ;
; SW[1]      ; LEDG[1]     ; 4.619 ; 4.619 ; 4.619 ; 4.619 ;
; SW[1]      ; LEDG[2]     ; 5.237 ; 5.237 ; 5.237 ; 5.237 ;
; SW[1]      ; LEDG[3]     ; 4.784 ; 4.784 ; 4.784 ; 4.784 ;
; SW[1]      ; LEDG[4]     ; 5.044 ;       ;       ; 5.044 ;
; SW[1]      ; LEDG[7]     ; 5.618 ;       ;       ; 5.618 ;
; SW[1]      ; LEDR[1]     ; 2.423 ;       ;       ; 2.423 ;
; SW[2]      ; HEX0[0]     ; 4.463 ; 4.463 ; 4.463 ; 4.463 ;
; SW[2]      ; HEX0[1]     ; 4.581 ; 4.581 ; 4.581 ; 4.581 ;
; SW[2]      ; HEX0[2]     ; 4.703 ; 4.703 ; 4.703 ; 4.703 ;
; SW[2]      ; HEX0[3]     ; 4.562 ; 4.562 ; 4.562 ; 4.562 ;
; SW[2]      ; HEX0[4]     ; 4.730 ; 4.730 ; 4.730 ; 4.730 ;
; SW[2]      ; HEX0[5]     ; 4.642 ; 4.642 ; 4.642 ; 4.642 ;
; SW[2]      ; HEX0[6]     ; 4.637 ; 4.637 ; 4.637 ; 4.637 ;
; SW[2]      ; HEX1[0]     ; 4.333 ; 4.333 ; 4.333 ; 4.333 ;
; SW[2]      ; HEX1[3]     ; 4.316 ; 4.316 ; 4.316 ; 4.316 ;
; SW[2]      ; HEX1[4]     ; 4.326 ; 4.326 ; 4.326 ; 4.326 ;
; SW[2]      ; HEX1[5]     ; 4.355 ; 4.355 ; 4.355 ; 4.355 ;
; SW[2]      ; HEX2[0]     ; 3.727 ; 3.727 ; 3.727 ; 3.727 ;
; SW[2]      ; HEX2[1]     ; 3.637 ;       ;       ; 3.637 ;
; SW[2]      ; HEX2[2]     ;       ; 3.644 ; 3.644 ;       ;
; SW[2]      ; HEX2[3]     ; 3.800 ; 3.800 ; 3.800 ; 3.800 ;
; SW[2]      ; HEX2[4]     ; 3.842 ;       ;       ; 3.842 ;
; SW[2]      ; HEX2[5]     ;       ; 3.877 ; 3.877 ;       ;
; SW[2]      ; HEX2[6]     ; 3.986 ; 3.986 ; 3.986 ; 3.986 ;
; SW[2]      ; LEDG[2]     ; 5.615 ; 5.615 ; 5.615 ; 5.615 ;
; SW[2]      ; LEDG[3]     ; 4.785 ; 4.785 ; 4.785 ; 4.785 ;
; SW[2]      ; LEDG[4]     ; 5.048 ;       ;       ; 5.048 ;
; SW[2]      ; LEDG[7]     ; 5.575 ;       ;       ; 5.575 ;
; SW[2]      ; LEDR[2]     ; 2.611 ;       ;       ; 2.611 ;
; SW[3]      ; HEX0[0]     ; 4.220 ; 4.220 ; 4.220 ; 4.220 ;
; SW[3]      ; HEX0[1]     ; 4.328 ; 4.328 ; 4.328 ; 4.328 ;
; SW[3]      ; HEX0[2]     ; 4.450 ; 4.450 ; 4.450 ; 4.450 ;
; SW[3]      ; HEX0[3]     ; 4.319 ; 4.319 ; 4.319 ; 4.319 ;
; SW[3]      ; HEX0[4]     ; 4.477 ; 4.477 ; 4.477 ; 4.477 ;
; SW[3]      ; HEX0[5]     ; 4.399 ; 4.399 ; 4.399 ; 4.399 ;
; SW[3]      ; HEX0[6]     ; 4.394 ; 4.394 ; 4.394 ; 4.394 ;
; SW[3]      ; HEX1[0]     ; 4.088 ; 4.093 ; 4.093 ; 4.088 ;
; SW[3]      ; HEX1[3]     ; 4.071 ; 4.076 ; 4.076 ; 4.071 ;
; SW[3]      ; HEX1[4]     ; 4.081 ; 4.086 ; 4.086 ; 4.081 ;
; SW[3]      ; HEX1[5]     ; 4.110 ; 4.115 ; 4.115 ; 4.110 ;
; SW[3]      ; HEX2[0]     ;       ; 3.548 ; 3.548 ;       ;
; SW[3]      ; HEX2[3]     ;       ; 3.608 ; 3.608 ;       ;
; SW[3]      ; HEX2[5]     ;       ; 3.684 ; 3.684 ;       ;
; SW[3]      ; HEX2[6]     ;       ; 3.788 ; 3.788 ;       ;
; SW[3]      ; LEDG[3]     ; 4.493 ; 4.493 ; 4.493 ; 4.493 ;
; SW[3]      ; LEDG[4]     ; 4.757 ;       ;       ; 4.757 ;
; SW[3]      ; LEDG[7]     ; 5.634 ;       ;       ; 5.634 ;
; SW[3]      ; LEDR[3]     ; 2.854 ;       ;       ; 2.854 ;
; SW[4]      ; HEX0[0]     ; 3.598 ; 3.598 ; 3.598 ; 3.598 ;
; SW[4]      ; HEX0[1]     ; 3.584 ; 3.584 ; 3.584 ; 3.584 ;
; SW[4]      ; HEX0[2]     ; 3.708 ; 3.708 ; 3.708 ; 3.708 ;
; SW[4]      ; HEX0[3]     ; 3.706 ; 3.706 ; 3.706 ; 3.706 ;
; SW[4]      ; HEX0[4]     ; 3.733 ; 3.733 ; 3.733 ; 3.733 ;
; SW[4]      ; HEX0[5]     ; 3.781 ; 3.781 ; 3.781 ; 3.781 ;
; SW[4]      ; HEX0[6]     ; 3.779 ; 3.779 ; 3.779 ; 3.779 ;
; SW[4]      ; HEX1[0]     ; 4.454 ; 4.454 ; 4.454 ; 4.454 ;
; SW[4]      ; HEX1[3]     ; 4.437 ; 4.437 ; 4.437 ; 4.437 ;
; SW[4]      ; HEX1[4]     ; 4.447 ; 4.447 ; 4.447 ; 4.447 ;
; SW[4]      ; HEX1[5]     ; 4.476 ; 4.476 ; 4.476 ; 4.476 ;
; SW[4]      ; HEX3[0]     ; 3.420 ; 3.420 ; 3.420 ; 3.420 ;
; SW[4]      ; HEX3[1]     ; 3.688 ; 3.688 ; 3.688 ; 3.688 ;
; SW[4]      ; HEX3[2]     ;       ; 3.695 ; 3.695 ;       ;
; SW[4]      ; HEX3[3]     ; 3.393 ; 3.393 ; 3.393 ; 3.393 ;
; SW[4]      ; HEX3[4]     ; 3.272 ;       ;       ; 3.272 ;
; SW[4]      ; HEX3[5]     ; 3.437 ;       ;       ; 3.437 ;
; SW[4]      ; HEX3[6]     ; 3.583 ;       ;       ; 3.583 ;
; SW[4]      ; LEDG[0]     ; 4.621 ; 4.621 ; 4.621 ; 4.621 ;
; SW[4]      ; LEDG[1]     ; 5.111 ; 5.111 ; 5.111 ; 5.111 ;
; SW[4]      ; LEDG[2]     ; 5.736 ; 5.736 ; 5.736 ; 5.736 ;
; SW[4]      ; LEDG[3]     ; 5.278 ; 5.278 ; 5.278 ; 5.278 ;
; SW[4]      ; LEDG[4]     ; 5.538 ;       ;       ; 5.538 ;
; SW[4]      ; LEDR[4]     ; 2.626 ;       ;       ; 2.626 ;
; SW[5]      ; HEX0[0]     ; 4.018 ; 4.018 ; 4.018 ; 4.018 ;
; SW[5]      ; HEX0[1]     ; 4.136 ; 4.136 ; 4.136 ; 4.136 ;
; SW[5]      ; HEX0[2]     ; 4.258 ; 4.258 ; 4.258 ; 4.258 ;
; SW[5]      ; HEX0[3]     ; 4.117 ; 4.117 ; 4.117 ; 4.117 ;
; SW[5]      ; HEX0[4]     ; 4.285 ; 4.285 ; 4.285 ; 4.285 ;
; SW[5]      ; HEX0[5]     ; 4.197 ; 4.197 ; 4.197 ; 4.197 ;
; SW[5]      ; HEX0[6]     ; 4.192 ; 4.192 ; 4.192 ; 4.192 ;
; SW[5]      ; HEX1[0]     ; 3.888 ; 3.888 ; 3.888 ; 3.888 ;
; SW[5]      ; HEX1[3]     ; 3.871 ; 3.871 ; 3.871 ; 3.871 ;
; SW[5]      ; HEX1[4]     ; 3.881 ; 3.881 ; 3.881 ; 3.881 ;
; SW[5]      ; HEX1[5]     ; 3.910 ; 3.910 ; 3.910 ; 3.910 ;
; SW[5]      ; HEX3[0]     ;       ; 3.528 ; 3.528 ;       ;
; SW[5]      ; HEX3[1]     ; 3.794 ; 3.794 ; 3.794 ; 3.794 ;
; SW[5]      ; HEX3[2]     ; 3.788 ;       ;       ; 3.788 ;
; SW[5]      ; HEX3[3]     ; 3.493 ; 3.493 ; 3.493 ; 3.493 ;
; SW[5]      ; HEX3[4]     ;       ; 3.368 ; 3.368 ;       ;
; SW[5]      ; HEX3[5]     ; 3.534 ;       ;       ; 3.534 ;
; SW[5]      ; HEX3[6]     ; 3.682 ; 3.682 ; 3.682 ; 3.682 ;
; SW[5]      ; LEDG[1]     ; 4.554 ; 4.554 ; 4.554 ; 4.554 ;
; SW[5]      ; LEDG[2]     ; 5.170 ; 5.170 ; 5.170 ; 5.170 ;
; SW[5]      ; LEDG[3]     ; 4.719 ; 4.719 ; 4.719 ; 4.719 ;
; SW[5]      ; LEDG[4]     ; 4.979 ;       ;       ; 4.979 ;
; SW[5]      ; LEDG[7]     ; 5.322 ;       ;       ; 5.322 ;
; SW[5]      ; LEDR[5]     ; 2.803 ;       ;       ; 2.803 ;
; SW[6]      ; HEX0[0]     ; 4.153 ; 4.153 ; 4.153 ; 4.153 ;
; SW[6]      ; HEX0[1]     ; 4.271 ; 4.271 ; 4.271 ; 4.271 ;
; SW[6]      ; HEX0[2]     ; 4.393 ; 4.393 ; 4.393 ; 4.393 ;
; SW[6]      ; HEX0[3]     ; 4.252 ; 4.252 ; 4.252 ; 4.252 ;
; SW[6]      ; HEX0[4]     ; 4.420 ; 4.420 ; 4.420 ; 4.420 ;
; SW[6]      ; HEX0[5]     ; 4.332 ; 4.332 ; 4.332 ; 4.332 ;
; SW[6]      ; HEX0[6]     ; 4.327 ; 4.327 ; 4.327 ; 4.327 ;
; SW[6]      ; HEX1[0]     ; 4.023 ; 4.023 ; 4.023 ; 4.023 ;
; SW[6]      ; HEX1[3]     ; 4.006 ; 4.006 ; 4.006 ; 4.006 ;
; SW[6]      ; HEX1[4]     ; 4.016 ; 4.016 ; 4.016 ; 4.016 ;
; SW[6]      ; HEX1[5]     ; 4.045 ; 4.045 ; 4.045 ; 4.045 ;
; SW[6]      ; HEX3[0]     ; 3.465 ; 3.465 ; 3.465 ; 3.465 ;
; SW[6]      ; HEX3[1]     ; 3.730 ;       ;       ; 3.730 ;
; SW[6]      ; HEX3[2]     ;       ; 3.727 ; 3.727 ;       ;
; SW[6]      ; HEX3[3]     ; 3.430 ; 3.430 ; 3.430 ; 3.430 ;
; SW[6]      ; HEX3[4]     ; 3.305 ;       ;       ; 3.305 ;
; SW[6]      ; HEX3[5]     ;       ; 3.472 ; 3.472 ;       ;
; SW[6]      ; HEX3[6]     ; 3.620 ; 3.620 ; 3.620 ; 3.620 ;
; SW[6]      ; LEDG[2]     ; 5.305 ; 5.305 ; 5.305 ; 5.305 ;
; SW[6]      ; LEDG[3]     ; 4.451 ; 4.451 ; 4.451 ; 4.451 ;
; SW[6]      ; LEDG[4]     ; 4.714 ;       ;       ; 4.714 ;
; SW[6]      ; LEDG[7]     ; 5.260 ;       ;       ; 5.260 ;
; SW[6]      ; LEDR[6]     ; 2.511 ;       ;       ; 2.511 ;
; SW[7]      ; HEX0[0]     ; 3.681 ; 3.681 ; 3.681 ; 3.681 ;
; SW[7]      ; HEX0[1]     ; 3.789 ; 3.789 ; 3.789 ; 3.789 ;
; SW[7]      ; HEX0[2]     ; 3.911 ; 3.911 ; 3.911 ; 3.911 ;
; SW[7]      ; HEX0[3]     ; 3.780 ; 3.780 ; 3.780 ; 3.780 ;
; SW[7]      ; HEX0[4]     ; 3.938 ; 3.938 ; 3.938 ; 3.938 ;
; SW[7]      ; HEX0[5]     ; 3.860 ; 3.860 ; 3.860 ; 3.860 ;
; SW[7]      ; HEX0[6]     ; 3.855 ; 3.855 ; 3.855 ; 3.855 ;
; SW[7]      ; HEX1[0]     ; 3.549 ; 3.554 ; 3.554 ; 3.549 ;
; SW[7]      ; HEX1[3]     ; 3.532 ; 3.537 ; 3.537 ; 3.532 ;
; SW[7]      ; HEX1[4]     ; 3.542 ; 3.547 ; 3.547 ; 3.542 ;
; SW[7]      ; HEX1[5]     ; 3.571 ; 3.576 ; 3.576 ; 3.571 ;
; SW[7]      ; HEX3[0]     ;       ; 3.028 ; 3.028 ;       ;
; SW[7]      ; HEX3[3]     ;       ; 2.991 ; 2.991 ;       ;
; SW[7]      ; HEX3[5]     ;       ; 3.031 ; 3.031 ;       ;
; SW[7]      ; HEX3[6]     ;       ; 3.178 ; 3.178 ;       ;
; SW[7]      ; LEDG[3]     ; 3.954 ; 3.954 ; 3.954 ; 3.954 ;
; SW[7]      ; LEDG[4]     ; 4.218 ;       ;       ; 4.218 ;
; SW[7]      ; LEDG[7]     ; 4.821 ;       ;       ; 4.821 ;
; SW[7]      ; LEDR[7]     ; 3.252 ;       ;       ; 3.252 ;
; SW[8]      ; HEX0[0]     ; 3.077 ; 3.077 ; 3.077 ; 3.077 ;
; SW[8]      ; HEX0[1]     ; 3.063 ; 3.063 ; 3.063 ; 3.063 ;
; SW[8]      ; HEX0[2]     ; 3.187 ; 3.187 ; 3.187 ; 3.187 ;
; SW[8]      ; HEX0[3]     ; 3.185 ; 3.185 ; 3.185 ; 3.185 ;
; SW[8]      ; HEX0[4]     ; 3.212 ; 3.212 ; 3.212 ; 3.212 ;
; SW[8]      ; HEX0[5]     ; 3.260 ; 3.260 ; 3.260 ; 3.260 ;
; SW[8]      ; HEX0[6]     ; 3.258 ; 3.258 ; 3.258 ; 3.258 ;
; SW[8]      ; HEX1[0]     ; 3.845 ; 3.845 ; 3.845 ; 3.845 ;
; SW[8]      ; HEX1[3]     ; 3.828 ; 3.828 ; 3.828 ; 3.828 ;
; SW[8]      ; HEX1[4]     ; 3.838 ; 3.838 ; 3.838 ; 3.838 ;
; SW[8]      ; HEX1[5]     ; 3.867 ; 3.867 ; 3.867 ; 3.867 ;
; SW[8]      ; LEDG[0]     ; 4.100 ; 4.100 ; 4.100 ; 4.100 ;
; SW[8]      ; LEDG[1]     ; 4.502 ; 4.502 ; 4.502 ; 4.502 ;
; SW[8]      ; LEDG[2]     ; 5.127 ; 5.127 ; 5.127 ; 5.127 ;
; SW[8]      ; LEDG[3]     ; 4.669 ; 4.669 ; 4.669 ; 4.669 ;
; SW[8]      ; LEDG[4]     ; 4.929 ;       ;       ; 4.929 ;
; SW[8]      ; LEDR[8]     ; 3.015 ;       ;       ; 3.015 ;
; SW[9]      ; LEDR[9]     ; 3.009 ;       ;       ; 3.009 ;
+------------+-------------+-------+-------+-------+-------+


+----------------------------------------------------------------------------+
; Multicorner Timing Analysis Summary                                        ;
+------------------+-------+------+----------+---------+---------------------+
; Clock            ; Setup ; Hold ; Recovery ; Removal ; Minimum Pulse Width ;
+------------------+-------+------+----------+---------+---------------------+
; Worst-case Slack ; N/A   ; N/A  ; N/A      ; N/A     ; N/A                 ;
; Design-wide TNS  ; 0.0   ; 0.0  ; 0.0      ; 0.0     ; 0.0                 ;
+------------------+-------+------+----------+---------+---------------------+


+--------------------------------------------------------------+
; Progagation Delay                                            ;
+------------+-------------+--------+--------+--------+--------+
; Input Port ; Output Port ; RR     ; RF     ; FR     ; FF     ;
+------------+-------------+--------+--------+--------+--------+
; SW[0]      ; HEX0[0]     ; 11.591 ; 11.591 ; 11.591 ; 11.591 ;
; SW[0]      ; HEX0[1]     ; 11.621 ; 11.621 ; 11.621 ; 11.621 ;
; SW[0]      ; HEX0[2]     ; 11.961 ; 11.961 ; 11.961 ; 11.961 ;
; SW[0]      ; HEX0[3]     ; 11.831 ; 11.831 ; 11.831 ; 11.831 ;
; SW[0]      ; HEX0[4]     ; 11.973 ; 11.973 ; 11.973 ; 11.973 ;
; SW[0]      ; HEX0[5]     ; 11.982 ; 11.982 ; 11.982 ; 11.982 ;
; SW[0]      ; HEX0[6]     ; 11.975 ; 11.975 ; 11.975 ; 11.975 ;
; SW[0]      ; HEX1[0]     ; 10.831 ; 10.831 ; 10.831 ; 10.831 ;
; SW[0]      ; HEX1[3]     ; 10.817 ; 10.817 ; 10.817 ; 10.817 ;
; SW[0]      ; HEX1[4]     ; 10.827 ; 10.827 ; 10.827 ; 10.827 ;
; SW[0]      ; HEX1[5]     ; 10.857 ; 10.857 ; 10.857 ; 10.857 ;
; SW[0]      ; HEX2[0]     ; 8.081  ; 8.081  ; 8.081  ; 8.081  ;
; SW[0]      ; HEX2[1]     ; 8.082  ; 8.082  ; 8.082  ; 8.082  ;
; SW[0]      ; HEX2[2]     ;        ; 8.125  ; 8.125  ;        ;
; SW[0]      ; HEX2[3]     ; 8.150  ; 8.150  ; 8.150  ; 8.150  ;
; SW[0]      ; HEX2[4]     ; 8.663  ;        ;        ; 8.663  ;
; SW[0]      ; HEX2[5]     ; 8.424  ;        ;        ; 8.424  ;
; SW[0]      ; HEX2[6]     ; 8.691  ;        ;        ; 8.691  ;
; SW[0]      ; LEDG[0]     ; 10.236 ; 10.236 ; 10.236 ; 10.236 ;
; SW[0]      ; LEDG[1]     ; 11.127 ; 11.127 ; 11.127 ; 11.127 ;
; SW[0]      ; LEDG[2]     ; 12.522 ; 12.522 ; 12.522 ; 12.522 ;
; SW[0]      ; LEDG[3]     ; 11.497 ; 11.497 ; 11.497 ; 11.497 ;
; SW[0]      ; LEDG[4]     ; 12.131 ;        ;        ; 12.131 ;
; SW[0]      ; LEDR[0]     ; 4.635  ;        ;        ; 4.635  ;
; SW[1]      ; HEX0[0]     ; 10.711 ; 10.711 ; 10.711 ; 10.711 ;
; SW[1]      ; HEX0[1]     ; 10.741 ; 10.741 ; 10.741 ; 10.741 ;
; SW[1]      ; HEX0[2]     ; 11.081 ; 11.081 ; 11.081 ; 11.081 ;
; SW[1]      ; HEX0[3]     ; 10.951 ; 10.951 ; 10.951 ; 10.951 ;
; SW[1]      ; HEX0[4]     ; 11.093 ; 11.093 ; 11.093 ; 11.093 ;
; SW[1]      ; HEX0[5]     ; 11.102 ; 11.102 ; 11.102 ; 11.102 ;
; SW[1]      ; HEX0[6]     ; 11.095 ; 11.095 ; 11.095 ; 11.095 ;
; SW[1]      ; HEX1[0]     ; 9.951  ; 9.951  ; 9.951  ; 9.951  ;
; SW[1]      ; HEX1[3]     ; 9.937  ; 9.937  ; 9.937  ; 9.937  ;
; SW[1]      ; HEX1[4]     ; 9.947  ; 9.947  ; 9.947  ; 9.947  ;
; SW[1]      ; HEX1[5]     ; 9.977  ; 9.977  ; 9.977  ; 9.977  ;
; SW[1]      ; HEX2[0]     ;        ; 7.803  ; 7.803  ;        ;
; SW[1]      ; HEX2[1]     ; 7.873  ; 7.873  ; 7.873  ; 7.873  ;
; SW[1]      ; HEX2[2]     ; 7.892  ;        ;        ; 7.892  ;
; SW[1]      ; HEX2[3]     ; 7.929  ; 7.929  ; 7.929  ; 7.929  ;
; SW[1]      ; HEX2[4]     ;        ; 8.455  ; 8.455  ;        ;
; SW[1]      ; HEX2[5]     ; 8.206  ;        ;        ; 8.206  ;
; SW[1]      ; HEX2[6]     ; 8.477  ; 8.477  ; 8.477  ; 8.477  ;
; SW[1]      ; LEDG[1]     ; 10.252 ; 10.252 ; 10.252 ; 10.252 ;
; SW[1]      ; LEDG[2]     ; 11.637 ; 11.637 ; 11.637 ; 11.637 ;
; SW[1]      ; LEDG[3]     ; 10.617 ; 10.617 ; 10.617 ; 10.617 ;
; SW[1]      ; LEDG[4]     ; 11.251 ;        ;        ; 11.251 ;
; SW[1]      ; LEDG[7]     ; 12.884 ;        ;        ; 12.884 ;
; SW[1]      ; LEDR[1]     ; 4.978  ;        ;        ; 4.978  ;
; SW[2]      ; HEX0[0]     ; 11.710 ; 11.710 ; 11.710 ; 11.710 ;
; SW[2]      ; HEX0[1]     ; 11.740 ; 11.740 ; 11.740 ; 11.740 ;
; SW[2]      ; HEX0[2]     ; 12.080 ; 12.080 ; 12.080 ; 12.080 ;
; SW[2]      ; HEX0[3]     ; 11.950 ; 11.950 ; 11.950 ; 11.950 ;
; SW[2]      ; HEX0[4]     ; 12.092 ; 12.092 ; 12.092 ; 12.092 ;
; SW[2]      ; HEX0[5]     ; 12.101 ; 12.101 ; 12.101 ; 12.101 ;
; SW[2]      ; HEX0[6]     ; 12.094 ; 12.094 ; 12.094 ; 12.094 ;
; SW[2]      ; HEX1[0]     ; 10.950 ; 10.950 ; 10.950 ; 10.950 ;
; SW[2]      ; HEX1[3]     ; 10.936 ; 10.936 ; 10.936 ; 10.936 ;
; SW[2]      ; HEX1[4]     ; 10.946 ; 10.946 ; 10.946 ; 10.946 ;
; SW[2]      ; HEX1[5]     ; 10.976 ; 10.976 ; 10.976 ; 10.976 ;
; SW[2]      ; HEX2[0]     ; 8.129  ; 8.129  ; 8.129  ; 8.129  ;
; SW[2]      ; HEX2[1]     ; 7.761  ;        ;        ; 7.761  ;
; SW[2]      ; HEX2[2]     ;        ; 7.785  ; 7.785  ;        ;
; SW[2]      ; HEX2[3]     ; 8.212  ; 8.212  ; 8.212  ; 8.212  ;
; SW[2]      ; HEX2[4]     ; 8.342  ;        ;        ; 8.342  ;
; SW[2]      ; HEX2[5]     ;        ; 8.488  ; 8.488  ;        ;
; SW[2]      ; HEX2[6]     ; 8.759  ; 8.759  ; 8.759  ; 8.759  ;
; SW[2]      ; LEDG[2]     ; 12.686 ; 12.686 ; 12.686 ; 12.686 ;
; SW[2]      ; LEDG[3]     ; 11.616 ; 11.616 ; 11.616 ; 11.616 ;
; SW[2]      ; LEDG[4]     ; 12.250 ;        ;        ; 12.250 ;
; SW[2]      ; LEDG[7]     ; 12.774 ;        ;        ; 12.774 ;
; SW[2]      ; LEDR[2]     ; 5.387  ;        ;        ; 5.387  ;
; SW[3]      ; HEX0[0]     ; 9.896  ; 9.896  ; 9.896  ; 9.896  ;
; SW[3]      ; HEX0[1]     ; 9.926  ; 9.926  ; 9.926  ; 9.926  ;
; SW[3]      ; HEX0[2]     ; 10.266 ; 10.266 ; 10.266 ; 10.266 ;
; SW[3]      ; HEX0[3]     ; 10.136 ; 10.136 ; 10.136 ; 10.136 ;
; SW[3]      ; HEX0[4]     ; 10.278 ; 10.278 ; 10.278 ; 10.278 ;
; SW[3]      ; HEX0[5]     ; 10.287 ; 10.287 ; 10.287 ; 10.287 ;
; SW[3]      ; HEX0[6]     ; 10.280 ; 10.280 ; 10.280 ; 10.280 ;
; SW[3]      ; HEX1[0]     ; 9.136  ; 9.136  ; 9.136  ; 9.136  ;
; SW[3]      ; HEX1[3]     ; 9.122  ; 9.122  ; 9.122  ; 9.122  ;
; SW[3]      ; HEX1[4]     ; 9.132  ; 9.132  ; 9.132  ; 9.132  ;
; SW[3]      ; HEX1[5]     ; 9.162  ; 9.162  ; 9.162  ; 9.162  ;
; SW[3]      ; HEX2[0]     ;        ; 7.476  ; 7.476  ;        ;
; SW[3]      ; HEX2[3]     ;        ; 7.544  ; 7.544  ;        ;
; SW[3]      ; HEX2[5]     ;        ; 7.819  ; 7.819  ;        ;
; SW[3]      ; HEX2[6]     ;        ; 8.083  ; 8.083  ;        ;
; SW[3]      ; LEDG[3]     ; 9.802  ; 9.802  ; 9.802  ; 9.802  ;
; SW[3]      ; LEDG[4]     ; 10.440 ;        ;        ; 10.440 ;
; SW[3]      ; LEDG[7]     ; 12.842 ;        ;        ; 12.842 ;
; SW[3]      ; LEDR[3]     ; 5.800  ;        ;        ; 5.800  ;
; SW[4]      ; HEX0[0]     ; 12.120 ; 12.120 ; 12.120 ; 12.120 ;
; SW[4]      ; HEX0[1]     ; 12.150 ; 12.150 ; 12.150 ; 12.150 ;
; SW[4]      ; HEX0[2]     ; 12.490 ; 12.490 ; 12.490 ; 12.490 ;
; SW[4]      ; HEX0[3]     ; 12.360 ; 12.360 ; 12.360 ; 12.360 ;
; SW[4]      ; HEX0[4]     ; 12.502 ; 12.502 ; 12.502 ; 12.502 ;
; SW[4]      ; HEX0[5]     ; 12.511 ; 12.511 ; 12.511 ; 12.511 ;
; SW[4]      ; HEX0[6]     ; 12.504 ; 12.504 ; 12.504 ; 12.504 ;
; SW[4]      ; HEX1[0]     ; 11.360 ; 11.360 ; 11.360 ; 11.360 ;
; SW[4]      ; HEX1[3]     ; 11.346 ; 11.346 ; 11.346 ; 11.346 ;
; SW[4]      ; HEX1[4]     ; 11.356 ; 11.356 ; 11.356 ; 11.356 ;
; SW[4]      ; HEX1[5]     ; 11.386 ; 11.386 ; 11.386 ; 11.386 ;
; SW[4]      ; HEX3[0]     ; 7.267  ; 7.267  ; 7.267  ; 7.267  ;
; SW[4]      ; HEX3[1]     ; 7.787  ; 7.787  ; 7.787  ; 7.787  ;
; SW[4]      ; HEX3[2]     ;        ; 7.795  ; 7.795  ;        ;
; SW[4]      ; HEX3[3]     ; 7.223  ; 7.223  ; 7.223  ; 7.223  ;
; SW[4]      ; HEX3[4]     ; 6.908  ;        ;        ; 6.908  ;
; SW[4]      ; HEX3[5]     ; 7.285  ;        ;        ; 7.285  ;
; SW[4]      ; HEX3[6]     ; 7.643  ;        ;        ; 7.643  ;
; SW[4]      ; LEDG[0]     ; 10.006 ; 10.006 ; 10.006 ; 10.006 ;
; SW[4]      ; LEDG[1]     ; 11.656 ; 11.656 ; 11.656 ; 11.656 ;
; SW[4]      ; LEDG[2]     ; 13.051 ; 13.051 ; 13.051 ; 13.051 ;
; SW[4]      ; LEDG[3]     ; 12.026 ; 12.026 ; 12.026 ; 12.026 ;
; SW[4]      ; LEDG[4]     ; 12.660 ;        ;        ; 12.660 ;
; SW[4]      ; LEDR[4]     ; 5.305  ;        ;        ; 5.305  ;
; SW[5]      ; HEX0[0]     ; 10.531 ; 10.531 ; 10.531 ; 10.531 ;
; SW[5]      ; HEX0[1]     ; 10.561 ; 10.561 ; 10.561 ; 10.561 ;
; SW[5]      ; HEX0[2]     ; 10.901 ; 10.901 ; 10.901 ; 10.901 ;
; SW[5]      ; HEX0[3]     ; 10.771 ; 10.771 ; 10.771 ; 10.771 ;
; SW[5]      ; HEX0[4]     ; 10.913 ; 10.913 ; 10.913 ; 10.913 ;
; SW[5]      ; HEX0[5]     ; 10.922 ; 10.922 ; 10.922 ; 10.922 ;
; SW[5]      ; HEX0[6]     ; 10.915 ; 10.915 ; 10.915 ; 10.915 ;
; SW[5]      ; HEX1[0]     ; 9.771  ; 9.771  ; 9.771  ; 9.771  ;
; SW[5]      ; HEX1[3]     ; 9.757  ; 9.757  ; 9.757  ; 9.757  ;
; SW[5]      ; HEX1[4]     ; 9.767  ; 9.767  ; 9.767  ; 9.767  ;
; SW[5]      ; HEX1[5]     ; 9.797  ; 9.797  ; 9.797  ; 9.797  ;
; SW[5]      ; HEX3[0]     ;        ; 7.633  ; 7.633  ;        ;
; SW[5]      ; HEX3[1]     ; 8.146  ; 8.146  ; 8.146  ; 8.146  ;
; SW[5]      ; HEX3[2]     ; 8.146  ;        ;        ; 8.146  ;
; SW[5]      ; HEX3[3]     ; 7.579  ; 7.579  ; 7.579  ; 7.579  ;
; SW[5]      ; HEX3[4]     ;        ; 7.228  ; 7.228  ;        ;
; SW[5]      ; HEX3[5]     ; 7.638  ;        ;        ; 7.638  ;
; SW[5]      ; HEX3[6]     ; 7.998  ; 7.998  ; 7.998  ; 7.998  ;
; SW[5]      ; LEDG[1]     ; 10.071 ; 10.071 ; 10.071 ; 10.071 ;
; SW[5]      ; LEDG[2]     ; 11.457 ; 11.457 ; 11.457 ; 11.457 ;
; SW[5]      ; LEDG[3]     ; 10.437 ; 10.437 ; 10.437 ; 10.437 ;
; SW[5]      ; LEDG[4]     ; 11.071 ;        ;        ; 11.071 ;
; SW[5]      ; LEDG[7]     ; 12.180 ;        ;        ; 12.180 ;
; SW[5]      ; LEDR[5]     ; 5.847  ;        ;        ; 5.847  ;
; SW[6]      ; HEX0[0]     ; 11.033 ; 11.033 ; 11.033 ; 11.033 ;
; SW[6]      ; HEX0[1]     ; 11.063 ; 11.063 ; 11.063 ; 11.063 ;
; SW[6]      ; HEX0[2]     ; 11.403 ; 11.403 ; 11.403 ; 11.403 ;
; SW[6]      ; HEX0[3]     ; 11.273 ; 11.273 ; 11.273 ; 11.273 ;
; SW[6]      ; HEX0[4]     ; 11.415 ; 11.415 ; 11.415 ; 11.415 ;
; SW[6]      ; HEX0[5]     ; 11.424 ; 11.424 ; 11.424 ; 11.424 ;
; SW[6]      ; HEX0[6]     ; 11.417 ; 11.417 ; 11.417 ; 11.417 ;
; SW[6]      ; HEX1[0]     ; 10.273 ; 10.273 ; 10.273 ; 10.273 ;
; SW[6]      ; HEX1[3]     ; 10.259 ; 10.259 ; 10.259 ; 10.259 ;
; SW[6]      ; HEX1[4]     ; 10.269 ; 10.269 ; 10.269 ; 10.269 ;
; SW[6]      ; HEX1[5]     ; 10.299 ; 10.299 ; 10.299 ; 10.299 ;
; SW[6]      ; HEX3[0]     ; 7.422  ; 7.422  ; 7.422  ; 7.422  ;
; SW[6]      ; HEX3[1]     ; 7.943  ;        ;        ; 7.943  ;
; SW[6]      ; HEX3[2]     ;        ; 7.898  ; 7.898  ;        ;
; SW[6]      ; HEX3[3]     ; 7.373  ; 7.373  ; 7.373  ; 7.373  ;
; SW[6]      ; HEX3[4]     ; 7.051  ;        ;        ; 7.051  ;
; SW[6]      ; HEX3[5]     ;        ; 7.432  ; 7.432  ;        ;
; SW[6]      ; HEX3[6]     ; 7.793  ; 7.793  ; 7.793  ; 7.793  ;
; SW[6]      ; LEDG[2]     ; 11.960 ; 11.960 ; 11.960 ; 11.960 ;
; SW[6]      ; LEDG[3]     ; 10.939 ; 10.939 ; 10.939 ; 10.939 ;
; SW[6]      ; LEDG[4]     ; 11.573 ;        ;        ; 11.573 ;
; SW[6]      ; LEDG[7]     ; 11.973 ;        ;        ; 11.973 ;
; SW[6]      ; LEDR[6]     ; 5.136  ;        ;        ; 5.136  ;
; SW[7]      ; HEX0[0]     ; 8.805  ; 8.805  ; 8.805  ; 8.805  ;
; SW[7]      ; HEX0[1]     ; 8.835  ; 8.835  ; 8.835  ; 8.835  ;
; SW[7]      ; HEX0[2]     ; 9.175  ; 9.175  ; 9.175  ; 9.175  ;
; SW[7]      ; HEX0[3]     ; 9.045  ; 9.045  ; 9.045  ; 9.045  ;
; SW[7]      ; HEX0[4]     ; 9.187  ; 9.187  ; 9.187  ; 9.187  ;
; SW[7]      ; HEX0[5]     ; 9.196  ; 9.196  ; 9.196  ; 9.196  ;
; SW[7]      ; HEX0[6]     ; 9.189  ; 9.189  ; 9.189  ; 9.189  ;
; SW[7]      ; HEX1[0]     ; 8.045  ; 8.045  ; 8.045  ; 8.045  ;
; SW[7]      ; HEX1[3]     ; 8.031  ; 8.031  ; 8.031  ; 8.031  ;
; SW[7]      ; HEX1[4]     ; 8.041  ; 8.041  ; 8.041  ; 8.041  ;
; SW[7]      ; HEX1[5]     ; 8.071  ; 8.071  ; 8.071  ; 8.071  ;
; SW[7]      ; HEX3[0]     ;        ; 6.436  ; 6.436  ;        ;
; SW[7]      ; HEX3[3]     ;        ; 6.381  ; 6.381  ;        ;
; SW[7]      ; HEX3[5]     ;        ; 6.439  ; 6.439  ;        ;
; SW[7]      ; HEX3[6]     ;        ; 6.798  ; 6.798  ;        ;
; SW[7]      ; LEDG[3]     ; 8.711  ; 8.711  ; 8.711  ; 8.711  ;
; SW[7]      ; LEDG[4]     ; 9.345  ;        ;        ; 9.345  ;
; SW[7]      ; LEDG[7]     ; 10.984 ;        ;        ; 10.984 ;
; SW[7]      ; LEDR[7]     ; 6.701  ;        ;        ; 6.701  ;
; SW[8]      ; HEX0[0]     ; 10.818 ; 10.818 ; 10.818 ; 10.818 ;
; SW[8]      ; HEX0[1]     ; 10.848 ; 10.848 ; 10.848 ; 10.848 ;
; SW[8]      ; HEX0[2]     ; 11.188 ; 11.188 ; 11.188 ; 11.188 ;
; SW[8]      ; HEX0[3]     ; 11.058 ; 11.058 ; 11.058 ; 11.058 ;
; SW[8]      ; HEX0[4]     ; 11.200 ; 11.200 ; 11.200 ; 11.200 ;
; SW[8]      ; HEX0[5]     ; 11.209 ; 11.209 ; 11.209 ; 11.209 ;
; SW[8]      ; HEX0[6]     ; 11.202 ; 11.202 ; 11.202 ; 11.202 ;
; SW[8]      ; HEX1[0]     ; 10.058 ; 10.058 ; 10.058 ; 10.058 ;
; SW[8]      ; HEX1[3]     ; 10.044 ; 10.044 ; 10.044 ; 10.044 ;
; SW[8]      ; HEX1[4]     ; 10.054 ; 10.054 ; 10.054 ; 10.054 ;
; SW[8]      ; HEX1[5]     ; 10.084 ; 10.084 ; 10.084 ; 10.084 ;
; SW[8]      ; LEDG[0]     ; 8.911  ; 8.911  ; 8.911  ; 8.911  ;
; SW[8]      ; LEDG[1]     ; 10.354 ; 10.354 ; 10.354 ; 10.354 ;
; SW[8]      ; LEDG[2]     ; 11.749 ; 11.749 ; 11.749 ; 11.749 ;
; SW[8]      ; LEDG[3]     ; 10.724 ; 10.724 ; 10.724 ; 10.724 ;
; SW[8]      ; LEDG[4]     ; 11.358 ;        ;        ; 11.358 ;
; SW[8]      ; LEDR[8]     ; 6.342  ;        ;        ; 6.342  ;
; SW[9]      ; LEDR[9]     ; 6.304  ;        ;        ; 6.304  ;
+------------+-------------+--------+--------+--------+--------+


+----------------------------------------------------------+
; Minimum Progagation Delay                                ;
+------------+-------------+-------+-------+-------+-------+
; Input Port ; Output Port ; RR    ; RF    ; FR    ; FF    ;
+------------+-------------+-------+-------+-------+-------+
; SW[0]      ; HEX0[0]     ; 3.694 ; 3.694 ; 3.694 ; 3.694 ;
; SW[0]      ; HEX0[1]     ; 3.680 ; 3.680 ; 3.680 ; 3.680 ;
; SW[0]      ; HEX0[2]     ; 3.804 ; 3.804 ; 3.804 ; 3.804 ;
; SW[0]      ; HEX0[3]     ; 3.802 ; 3.802 ; 3.802 ; 3.802 ;
; SW[0]      ; HEX0[4]     ; 3.829 ; 3.829 ; 3.829 ; 3.829 ;
; SW[0]      ; HEX0[5]     ; 3.877 ; 3.877 ; 3.877 ; 3.877 ;
; SW[0]      ; HEX0[6]     ; 3.875 ; 3.875 ; 3.875 ; 3.875 ;
; SW[0]      ; HEX1[0]     ; 4.263 ; 4.263 ; 4.263 ; 4.263 ;
; SW[0]      ; HEX1[3]     ; 4.246 ; 4.246 ; 4.246 ; 4.246 ;
; SW[0]      ; HEX1[4]     ; 4.256 ; 4.256 ; 4.256 ; 4.256 ;
; SW[0]      ; HEX1[5]     ; 4.285 ; 4.285 ; 4.285 ; 4.285 ;
; SW[0]      ; HEX2[0]     ; 3.723 ; 3.723 ; 3.723 ; 3.723 ;
; SW[0]      ; HEX2[1]     ; 3.724 ; 3.724 ; 3.724 ; 3.724 ;
; SW[0]      ; HEX2[2]     ;       ; 3.767 ; 3.767 ;       ;
; SW[0]      ; HEX2[3]     ; 3.785 ; 3.785 ; 3.785 ; 3.785 ;
; SW[0]      ; HEX2[4]     ; 3.948 ;       ;       ; 3.948 ;
; SW[0]      ; HEX2[5]     ; 3.860 ;       ;       ; 3.860 ;
; SW[0]      ; HEX2[6]     ; 3.965 ;       ;       ; 3.965 ;
; SW[0]      ; LEDG[0]     ; 4.717 ; 4.717 ; 4.717 ; 4.717 ;
; SW[0]      ; LEDG[1]     ; 4.920 ; 4.920 ; 4.920 ; 4.920 ;
; SW[0]      ; LEDG[2]     ; 5.545 ; 5.545 ; 5.545 ; 5.545 ;
; SW[0]      ; LEDG[3]     ; 5.087 ; 5.087 ; 5.087 ; 5.087 ;
; SW[0]      ; LEDG[4]     ; 5.347 ;       ;       ; 5.347 ;
; SW[0]      ; LEDR[0]     ; 2.289 ;       ;       ; 2.289 ;
; SW[1]      ; HEX0[0]     ; 4.085 ; 4.085 ; 4.085 ; 4.085 ;
; SW[1]      ; HEX0[1]     ; 4.203 ; 4.203 ; 4.203 ; 4.203 ;
; SW[1]      ; HEX0[2]     ; 4.325 ; 4.325 ; 4.325 ; 4.325 ;
; SW[1]      ; HEX0[3]     ; 4.184 ; 4.184 ; 4.184 ; 4.184 ;
; SW[1]      ; HEX0[4]     ; 4.352 ; 4.352 ; 4.352 ; 4.352 ;
; SW[1]      ; HEX0[5]     ; 4.264 ; 4.264 ; 4.264 ; 4.264 ;
; SW[1]      ; HEX0[6]     ; 4.259 ; 4.259 ; 4.259 ; 4.259 ;
; SW[1]      ; HEX1[0]     ; 3.955 ; 3.955 ; 3.955 ; 3.955 ;
; SW[1]      ; HEX1[3]     ; 3.938 ; 3.938 ; 3.938 ; 3.938 ;
; SW[1]      ; HEX1[4]     ; 3.948 ; 3.948 ; 3.948 ; 3.948 ;
; SW[1]      ; HEX1[5]     ; 3.977 ; 3.977 ; 3.977 ; 3.977 ;
; SW[1]      ; HEX2[0]     ;       ; 3.637 ; 3.637 ;       ;
; SW[1]      ; HEX2[1]     ; 3.660 ; 3.660 ; 3.660 ; 3.660 ;
; SW[1]      ; HEX2[2]     ; 3.684 ;       ;       ; 3.684 ;
; SW[1]      ; HEX2[3]     ; 3.713 ; 3.713 ; 3.713 ; 3.713 ;
; SW[1]      ; HEX2[4]     ;       ; 3.886 ; 3.886 ;       ;
; SW[1]      ; HEX2[5]     ; 3.791 ;       ;       ; 3.791 ;
; SW[1]      ; HEX2[6]     ; 3.901 ; 3.901 ; 3.901 ; 3.901 ;
; SW[1]      ; LEDG[1]     ; 4.619 ; 4.619 ; 4.619 ; 4.619 ;
; SW[1]      ; LEDG[2]     ; 5.237 ; 5.237 ; 5.237 ; 5.237 ;
; SW[1]      ; LEDG[3]     ; 4.784 ; 4.784 ; 4.784 ; 4.784 ;
; SW[1]      ; LEDG[4]     ; 5.044 ;       ;       ; 5.044 ;
; SW[1]      ; LEDG[7]     ; 5.618 ;       ;       ; 5.618 ;
; SW[1]      ; LEDR[1]     ; 2.423 ;       ;       ; 2.423 ;
; SW[2]      ; HEX0[0]     ; 4.463 ; 4.463 ; 4.463 ; 4.463 ;
; SW[2]      ; HEX0[1]     ; 4.581 ; 4.581 ; 4.581 ; 4.581 ;
; SW[2]      ; HEX0[2]     ; 4.703 ; 4.703 ; 4.703 ; 4.703 ;
; SW[2]      ; HEX0[3]     ; 4.562 ; 4.562 ; 4.562 ; 4.562 ;
; SW[2]      ; HEX0[4]     ; 4.730 ; 4.730 ; 4.730 ; 4.730 ;
; SW[2]      ; HEX0[5]     ; 4.642 ; 4.642 ; 4.642 ; 4.642 ;
; SW[2]      ; HEX0[6]     ; 4.637 ; 4.637 ; 4.637 ; 4.637 ;
; SW[2]      ; HEX1[0]     ; 4.333 ; 4.333 ; 4.333 ; 4.333 ;
; SW[2]      ; HEX1[3]     ; 4.316 ; 4.316 ; 4.316 ; 4.316 ;
; SW[2]      ; HEX1[4]     ; 4.326 ; 4.326 ; 4.326 ; 4.326 ;
; SW[2]      ; HEX1[5]     ; 4.355 ; 4.355 ; 4.355 ; 4.355 ;
; SW[2]      ; HEX2[0]     ; 3.727 ; 3.727 ; 3.727 ; 3.727 ;
; SW[2]      ; HEX2[1]     ; 3.637 ;       ;       ; 3.637 ;
; SW[2]      ; HEX2[2]     ;       ; 3.644 ; 3.644 ;       ;
; SW[2]      ; HEX2[3]     ; 3.800 ; 3.800 ; 3.800 ; 3.800 ;
; SW[2]      ; HEX2[4]     ; 3.842 ;       ;       ; 3.842 ;
; SW[2]      ; HEX2[5]     ;       ; 3.877 ; 3.877 ;       ;
; SW[2]      ; HEX2[6]     ; 3.986 ; 3.986 ; 3.986 ; 3.986 ;
; SW[2]      ; LEDG[2]     ; 5.615 ; 5.615 ; 5.615 ; 5.615 ;
; SW[2]      ; LEDG[3]     ; 4.785 ; 4.785 ; 4.785 ; 4.785 ;
; SW[2]      ; LEDG[4]     ; 5.048 ;       ;       ; 5.048 ;
; SW[2]      ; LEDG[7]     ; 5.575 ;       ;       ; 5.575 ;
; SW[2]      ; LEDR[2]     ; 2.611 ;       ;       ; 2.611 ;
; SW[3]      ; HEX0[0]     ; 4.220 ; 4.220 ; 4.220 ; 4.220 ;
; SW[3]      ; HEX0[1]     ; 4.328 ; 4.328 ; 4.328 ; 4.328 ;
; SW[3]      ; HEX0[2]     ; 4.450 ; 4.450 ; 4.450 ; 4.450 ;
; SW[3]      ; HEX0[3]     ; 4.319 ; 4.319 ; 4.319 ; 4.319 ;
; SW[3]      ; HEX0[4]     ; 4.477 ; 4.477 ; 4.477 ; 4.477 ;
; SW[3]      ; HEX0[5]     ; 4.399 ; 4.399 ; 4.399 ; 4.399 ;
; SW[3]      ; HEX0[6]     ; 4.394 ; 4.394 ; 4.394 ; 4.394 ;
; SW[3]      ; HEX1[0]     ; 4.088 ; 4.093 ; 4.093 ; 4.088 ;
; SW[3]      ; HEX1[3]     ; 4.071 ; 4.076 ; 4.076 ; 4.071 ;
; SW[3]      ; HEX1[4]     ; 4.081 ; 4.086 ; 4.086 ; 4.081 ;
; SW[3]      ; HEX1[5]     ; 4.110 ; 4.115 ; 4.115 ; 4.110 ;
; SW[3]      ; HEX2[0]     ;       ; 3.548 ; 3.548 ;       ;
; SW[3]      ; HEX2[3]     ;       ; 3.608 ; 3.608 ;       ;
; SW[3]      ; HEX2[5]     ;       ; 3.684 ; 3.684 ;       ;
; SW[3]      ; HEX2[6]     ;       ; 3.788 ; 3.788 ;       ;
; SW[3]      ; LEDG[3]     ; 4.493 ; 4.493 ; 4.493 ; 4.493 ;
; SW[3]      ; LEDG[4]     ; 4.757 ;       ;       ; 4.757 ;
; SW[3]      ; LEDG[7]     ; 5.634 ;       ;       ; 5.634 ;
; SW[3]      ; LEDR[3]     ; 2.854 ;       ;       ; 2.854 ;
; SW[4]      ; HEX0[0]     ; 3.598 ; 3.598 ; 3.598 ; 3.598 ;
; SW[4]      ; HEX0[1]     ; 3.584 ; 3.584 ; 3.584 ; 3.584 ;
; SW[4]      ; HEX0[2]     ; 3.708 ; 3.708 ; 3.708 ; 3.708 ;
; SW[4]      ; HEX0[3]     ; 3.706 ; 3.706 ; 3.706 ; 3.706 ;
; SW[4]      ; HEX0[4]     ; 3.733 ; 3.733 ; 3.733 ; 3.733 ;
; SW[4]      ; HEX0[5]     ; 3.781 ; 3.781 ; 3.781 ; 3.781 ;
; SW[4]      ; HEX0[6]     ; 3.779 ; 3.779 ; 3.779 ; 3.779 ;
; SW[4]      ; HEX1[0]     ; 4.454 ; 4.454 ; 4.454 ; 4.454 ;
; SW[4]      ; HEX1[3]     ; 4.437 ; 4.437 ; 4.437 ; 4.437 ;
; SW[4]      ; HEX1[4]     ; 4.447 ; 4.447 ; 4.447 ; 4.447 ;
; SW[4]      ; HEX1[5]     ; 4.476 ; 4.476 ; 4.476 ; 4.476 ;
; SW[4]      ; HEX3[0]     ; 3.420 ; 3.420 ; 3.420 ; 3.420 ;
; SW[4]      ; HEX3[1]     ; 3.688 ; 3.688 ; 3.688 ; 3.688 ;
; SW[4]      ; HEX3[2]     ;       ; 3.695 ; 3.695 ;       ;
; SW[4]      ; HEX3[3]     ; 3.393 ; 3.393 ; 3.393 ; 3.393 ;
; SW[4]      ; HEX3[4]     ; 3.272 ;       ;       ; 3.272 ;
; SW[4]      ; HEX3[5]     ; 3.437 ;       ;       ; 3.437 ;
; SW[4]      ; HEX3[6]     ; 3.583 ;       ;       ; 3.583 ;
; SW[4]      ; LEDG[0]     ; 4.621 ; 4.621 ; 4.621 ; 4.621 ;
; SW[4]      ; LEDG[1]     ; 5.111 ; 5.111 ; 5.111 ; 5.111 ;
; SW[4]      ; LEDG[2]     ; 5.736 ; 5.736 ; 5.736 ; 5.736 ;
; SW[4]      ; LEDG[3]     ; 5.278 ; 5.278 ; 5.278 ; 5.278 ;
; SW[4]      ; LEDG[4]     ; 5.538 ;       ;       ; 5.538 ;
; SW[4]      ; LEDR[4]     ; 2.626 ;       ;       ; 2.626 ;
; SW[5]      ; HEX0[0]     ; 4.018 ; 4.018 ; 4.018 ; 4.018 ;
; SW[5]      ; HEX0[1]     ; 4.136 ; 4.136 ; 4.136 ; 4.136 ;
; SW[5]      ; HEX0[2]     ; 4.258 ; 4.258 ; 4.258 ; 4.258 ;
; SW[5]      ; HEX0[3]     ; 4.117 ; 4.117 ; 4.117 ; 4.117 ;
; SW[5]      ; HEX0[4]     ; 4.285 ; 4.285 ; 4.285 ; 4.285 ;
; SW[5]      ; HEX0[5]     ; 4.197 ; 4.197 ; 4.197 ; 4.197 ;
; SW[5]      ; HEX0[6]     ; 4.192 ; 4.192 ; 4.192 ; 4.192 ;
; SW[5]      ; HEX1[0]     ; 3.888 ; 3.888 ; 3.888 ; 3.888 ;
; SW[5]      ; HEX1[3]     ; 3.871 ; 3.871 ; 3.871 ; 3.871 ;
; SW[5]      ; HEX1[4]     ; 3.881 ; 3.881 ; 3.881 ; 3.881 ;
; SW[5]      ; HEX1[5]     ; 3.910 ; 3.910 ; 3.910 ; 3.910 ;
; SW[5]      ; HEX3[0]     ;       ; 3.528 ; 3.528 ;       ;
; SW[5]      ; HEX3[1]     ; 3.794 ; 3.794 ; 3.794 ; 3.794 ;
; SW[5]      ; HEX3[2]     ; 3.788 ;       ;       ; 3.788 ;
; SW[5]      ; HEX3[3]     ; 3.493 ; 3.493 ; 3.493 ; 3.493 ;
; SW[5]      ; HEX3[4]     ;       ; 3.368 ; 3.368 ;       ;
; SW[5]      ; HEX3[5]     ; 3.534 ;       ;       ; 3.534 ;
; SW[5]      ; HEX3[6]     ; 3.682 ; 3.682 ; 3.682 ; 3.682 ;
; SW[5]      ; LEDG[1]     ; 4.554 ; 4.554 ; 4.554 ; 4.554 ;
; SW[5]      ; LEDG[2]     ; 5.170 ; 5.170 ; 5.170 ; 5.170 ;
; SW[5]      ; LEDG[3]     ; 4.719 ; 4.719 ; 4.719 ; 4.719 ;
; SW[5]      ; LEDG[4]     ; 4.979 ;       ;       ; 4.979 ;
; SW[5]      ; LEDG[7]     ; 5.322 ;       ;       ; 5.322 ;
; SW[5]      ; LEDR[5]     ; 2.803 ;       ;       ; 2.803 ;
; SW[6]      ; HEX0[0]     ; 4.153 ; 4.153 ; 4.153 ; 4.153 ;
; SW[6]      ; HEX0[1]     ; 4.271 ; 4.271 ; 4.271 ; 4.271 ;
; SW[6]      ; HEX0[2]     ; 4.393 ; 4.393 ; 4.393 ; 4.393 ;
; SW[6]      ; HEX0[3]     ; 4.252 ; 4.252 ; 4.252 ; 4.252 ;
; SW[6]      ; HEX0[4]     ; 4.420 ; 4.420 ; 4.420 ; 4.420 ;
; SW[6]      ; HEX0[5]     ; 4.332 ; 4.332 ; 4.332 ; 4.332 ;
; SW[6]      ; HEX0[6]     ; 4.327 ; 4.327 ; 4.327 ; 4.327 ;
; SW[6]      ; HEX1[0]     ; 4.023 ; 4.023 ; 4.023 ; 4.023 ;
; SW[6]      ; HEX1[3]     ; 4.006 ; 4.006 ; 4.006 ; 4.006 ;
; SW[6]      ; HEX1[4]     ; 4.016 ; 4.016 ; 4.016 ; 4.016 ;
; SW[6]      ; HEX1[5]     ; 4.045 ; 4.045 ; 4.045 ; 4.045 ;
; SW[6]      ; HEX3[0]     ; 3.465 ; 3.465 ; 3.465 ; 3.465 ;
; SW[6]      ; HEX3[1]     ; 3.730 ;       ;       ; 3.730 ;
; SW[6]      ; HEX3[2]     ;       ; 3.727 ; 3.727 ;       ;
; SW[6]      ; HEX3[3]     ; 3.430 ; 3.430 ; 3.430 ; 3.430 ;
; SW[6]      ; HEX3[4]     ; 3.305 ;       ;       ; 3.305 ;
; SW[6]      ; HEX3[5]     ;       ; 3.472 ; 3.472 ;       ;
; SW[6]      ; HEX3[6]     ; 3.620 ; 3.620 ; 3.620 ; 3.620 ;
; SW[6]      ; LEDG[2]     ; 5.305 ; 5.305 ; 5.305 ; 5.305 ;
; SW[6]      ; LEDG[3]     ; 4.451 ; 4.451 ; 4.451 ; 4.451 ;
; SW[6]      ; LEDG[4]     ; 4.714 ;       ;       ; 4.714 ;
; SW[6]      ; LEDG[7]     ; 5.260 ;       ;       ; 5.260 ;
; SW[6]      ; LEDR[6]     ; 2.511 ;       ;       ; 2.511 ;
; SW[7]      ; HEX0[0]     ; 3.681 ; 3.681 ; 3.681 ; 3.681 ;
; SW[7]      ; HEX0[1]     ; 3.789 ; 3.789 ; 3.789 ; 3.789 ;
; SW[7]      ; HEX0[2]     ; 3.911 ; 3.911 ; 3.911 ; 3.911 ;
; SW[7]      ; HEX0[3]     ; 3.780 ; 3.780 ; 3.780 ; 3.780 ;
; SW[7]      ; HEX0[4]     ; 3.938 ; 3.938 ; 3.938 ; 3.938 ;
; SW[7]      ; HEX0[5]     ; 3.860 ; 3.860 ; 3.860 ; 3.860 ;
; SW[7]      ; HEX0[6]     ; 3.855 ; 3.855 ; 3.855 ; 3.855 ;
; SW[7]      ; HEX1[0]     ; 3.549 ; 3.554 ; 3.554 ; 3.549 ;
; SW[7]      ; HEX1[3]     ; 3.532 ; 3.537 ; 3.537 ; 3.532 ;
; SW[7]      ; HEX1[4]     ; 3.542 ; 3.547 ; 3.547 ; 3.542 ;
; SW[7]      ; HEX1[5]     ; 3.571 ; 3.576 ; 3.576 ; 3.571 ;
; SW[7]      ; HEX3[0]     ;       ; 3.028 ; 3.028 ;       ;
; SW[7]      ; HEX3[3]     ;       ; 2.991 ; 2.991 ;       ;
; SW[7]      ; HEX3[5]     ;       ; 3.031 ; 3.031 ;       ;
; SW[7]      ; HEX3[6]     ;       ; 3.178 ; 3.178 ;       ;
; SW[7]      ; LEDG[3]     ; 3.954 ; 3.954 ; 3.954 ; 3.954 ;
; SW[7]      ; LEDG[4]     ; 4.218 ;       ;       ; 4.218 ;
; SW[7]      ; LEDG[7]     ; 4.821 ;       ;       ; 4.821 ;
; SW[7]      ; LEDR[7]     ; 3.252 ;       ;       ; 3.252 ;
; SW[8]      ; HEX0[0]     ; 3.077 ; 3.077 ; 3.077 ; 3.077 ;
; SW[8]      ; HEX0[1]     ; 3.063 ; 3.063 ; 3.063 ; 3.063 ;
; SW[8]      ; HEX0[2]     ; 3.187 ; 3.187 ; 3.187 ; 3.187 ;
; SW[8]      ; HEX0[3]     ; 3.185 ; 3.185 ; 3.185 ; 3.185 ;
; SW[8]      ; HEX0[4]     ; 3.212 ; 3.212 ; 3.212 ; 3.212 ;
; SW[8]      ; HEX0[5]     ; 3.260 ; 3.260 ; 3.260 ; 3.260 ;
; SW[8]      ; HEX0[6]     ; 3.258 ; 3.258 ; 3.258 ; 3.258 ;
; SW[8]      ; HEX1[0]     ; 3.845 ; 3.845 ; 3.845 ; 3.845 ;
; SW[8]      ; HEX1[3]     ; 3.828 ; 3.828 ; 3.828 ; 3.828 ;
; SW[8]      ; HEX1[4]     ; 3.838 ; 3.838 ; 3.838 ; 3.838 ;
; SW[8]      ; HEX1[5]     ; 3.867 ; 3.867 ; 3.867 ; 3.867 ;
; SW[8]      ; LEDG[0]     ; 4.100 ; 4.100 ; 4.100 ; 4.100 ;
; SW[8]      ; LEDG[1]     ; 4.502 ; 4.502 ; 4.502 ; 4.502 ;
; SW[8]      ; LEDG[2]     ; 5.127 ; 5.127 ; 5.127 ; 5.127 ;
; SW[8]      ; LEDG[3]     ; 4.669 ; 4.669 ; 4.669 ; 4.669 ;
; SW[8]      ; LEDG[4]     ; 4.929 ;       ;       ; 4.929 ;
; SW[8]      ; LEDR[8]     ; 3.015 ;       ;       ; 3.015 ;
; SW[9]      ; LEDR[9]     ; 3.009 ;       ;       ; 3.009 ;
+------------+-------------+-------+-------+-------+-------+


-------------------
; Clock Transfers ;
-------------------
Nothing to report.


---------------
; Report TCCS ;
---------------
No dedicated SERDES Transmitter circuitry present in device or used in design


---------------
; Report RSKM ;
---------------
No dedicated SERDES Receiver circuitry present in device or used in design


+------------------------------------------------+
; Unconstrained Paths                            ;
+---------------------------------+-------+------+
; Property                        ; Setup ; Hold ;
+---------------------------------+-------+------+
; Illegal Clocks                  ; 0     ; 0    ;
; Unconstrained Clocks            ; 0     ; 0    ;
; Unconstrained Input Ports       ; 10    ; 10   ;
; Unconstrained Input Port Paths  ; 198   ; 198  ;
; Unconstrained Output Ports      ; 41    ; 41   ;
; Unconstrained Output Port Paths ; 198   ; 198  ;
+---------------------------------+-------+------+


+------------------------------------+
; TimeQuest Timing Analyzer Messages ;
+------------------------------------+
Info: *******************************************************************
Info: Running Quartus II 64-Bit TimeQuest Timing Analyzer
    Info: Version 13.0.1 Build 232 06/12/2013 Service Pack 1 SJ Web Edition
    Info: Processing started: Thu Aug 24 15:00:56 2017
Info: Command: quartus_sta LAB204 -c LAB204
Info: qsta_default_script.tcl version: #1
Info (20030): Parallel compilation is enabled and will use 4 of the 4 processors detected
Info (21077): Low junction temperature is 0 degrees C
Info (21077): High junction temperature is 85 degrees C
Critical Warning (332012): Synopsys Design Constraints File file not found: 'LAB204.sdc'. A Synopsys Design Constraints File is required by the TimeQuest Timing Analyzer to get proper timing constraints. Without it, the Compiler will not properly optimize the design.
Info (332142): No user constrained base clocks found in the design. Calling "derive_clocks -period 1.0"
Info (332096): The command derive_clocks did not find any clocks to derive.  No clocks were created or changed.
Warning (332068): No clocks defined in design.
Info: Found TIMEQUEST_REPORT_SCRIPT_INCLUDE_DEFAULT_ANALYSIS = ON
Info (332159): No clocks to report
Info: Analyzing Slow Model
Info (332140): No fmax paths to report
Info (332140): No Setup paths to report
Info (332140): No Hold paths to report
Info (332140): No Recovery paths to report
Info (332140): No Removal paths to report
Info (332140): No Minimum Pulse Width paths to report
Info (332001): The selected device family is not supported by the report_metastability command.
Info: Analyzing Fast Model
Info (332142): No user constrained base clocks found in the design. Calling "derive_clocks -period 1.0"
Info (332096): The command derive_clocks did not find any clocks to derive.  No clocks were created or changed.
Warning (332068): No clocks defined in design.
Info (332140): No Setup paths to report
Info (332140): No Hold paths to report
Info (332140): No Recovery paths to report
Info (332140): No Removal paths to report
Info (332140): No Minimum Pulse Width paths to report
Info (332001): The selected device family is not supported by the report_metastability command.
Info (332102): Design is not fully constrained for setup requirements
Info (332102): Design is not fully constrained for hold requirements
Info: Quartus II 64-Bit TimeQuest Timing Analyzer was successful. 0 errors, 3 warnings
    Info: Peak virtual memory: 426 megabytes
    Info: Processing ended: Thu Aug 24 15:01:07 2017
    Info: Elapsed time: 00:00:11
    Info: Total CPU time (on all processors): 00:00:03


