TimeQuest Timing Analyzer report for LAB205
Thu Aug 24 15:45:38 2017
Quartus II 64-Bit Version 13.0.1 Build 232 06/12/2013 Service Pack 1 SJ Web Edition


---------------------
; Table of Contents ;
---------------------
  1. Legal Notice
  2. TimeQuest Timing Analyzer Summary
  3. Parallel Compilation
  4. Clocks
  5. Slow Model Fmax Summary
  6. Slow Model Setup Summary
  7. Slow Model Hold Summary
  8. Slow Model Recovery Summary
  9. Slow Model Removal Summary
 10. Slow Model Minimum Pulse Width Summary
 11. Propagation Delay
 12. Minimum Propagation Delay
 13. Fast Model Setup Summary
 14. Fast Model Hold Summary
 15. Fast Model Recovery Summary
 16. Fast Model Removal Summary
 17. Fast Model Minimum Pulse Width Summary
 18. Propagation Delay
 19. Minimum Propagation Delay
 20. Multicorner Timing Analysis Summary
 21. Progagation Delay
 22. Minimum Progagation Delay
 23. Clock Transfers
 24. Report TCCS
 25. Report RSKM
 26. Unconstrained Paths
 27. TimeQuest Timing Analyzer Messages



----------------
; Legal Notice ;
----------------
Copyright (C) 1991-2013 Altera Corporation
Your use of Altera Corporation's design tools, logic functions 
and other software and tools, and its AMPP partner logic 
functions, and any output files from any of the foregoing 
(including device programming or simulation files), and any 
associated documentation or information are expressly subject 
to the terms and conditions of the Altera Program License 
Subscription Agreement, Altera MegaCore Function License 
Agreement, or other applicable license agreement, including, 
without limitation, that your use is for the sole purpose of 
programming logic devices manufactured by Altera and sold by 
Altera or its authorized distributors.  Please refer to the 
applicable agreement for further details.



+----------------------------------------------------------------------------------------+
; TimeQuest Timing Analyzer Summary                                                      ;
+--------------------+-------------------------------------------------------------------+
; Quartus II Version ; Version 13.0.1 Build 232 06/12/2013 Service Pack 1 SJ Web Edition ;
; Revision Name      ; LAB205                                                            ;
; Device Family      ; Cyclone II                                                        ;
; Device Name        ; EP2C20F484C7                                                      ;
; Timing Models      ; Final                                                             ;
; Delay Model        ; Combined                                                          ;
; Rise/Fall Delays   ; Unavailable                                                       ;
+--------------------+-------------------------------------------------------------------+


+------------------------------------------+
; Parallel Compilation                     ;
+----------------------------+-------------+
; Processors                 ; Number      ;
+----------------------------+-------------+
; Number detected on machine ; 4           ;
; Maximum allowed            ; 4           ;
;                            ;             ;
; Average used               ; 1.00        ;
; Maximum used               ; 1           ;
;                            ;             ;
; Usage by Processor         ; % Time Used ;
;     Processor 1            ; 100.0%      ;
;     Processors 2-4         ;   0.0%      ;
+----------------------------+-------------+


----------
; Clocks ;
----------
No clocks to report.


---------------------------
; Slow Model Fmax Summary ;
---------------------------
No paths to report.


----------------------------
; Slow Model Setup Summary ;
----------------------------
No paths to report.


---------------------------
; Slow Model Hold Summary ;
---------------------------
No paths to report.


-------------------------------
; Slow Model Recovery Summary ;
-------------------------------
No paths to report.


------------------------------
; Slow Model Removal Summary ;
------------------------------
No paths to report.


------------------------------------------
; Slow Model Minimum Pulse Width Summary ;
------------------------------------------
No paths to report.


+--------------------------------------------------------------+
; Propagation Delay                                            ;
+------------+-------------+--------+--------+--------+--------+
; Input Port ; Output Port ; RR     ; RF     ; FR     ; FF     ;
+------------+-------------+--------+--------+--------+--------+
; SW[0]      ; HEX0[0]     ; 9.610  ; 9.610  ; 9.610  ; 9.610  ;
; SW[0]      ; HEX0[1]     ; 11.411 ; 11.411 ; 11.411 ; 11.411 ;
; SW[0]      ; HEX0[2]     ; 11.402 ; 11.402 ; 11.402 ; 11.402 ;
; SW[0]      ; HEX0[3]     ; 11.407 ; 11.407 ; 11.407 ; 11.407 ;
; SW[0]      ; HEX0[4]     ; 11.077 ; 11.077 ; 11.077 ; 11.077 ;
; SW[0]      ; HEX0[5]     ; 11.076 ; 11.076 ; 11.076 ; 11.076 ;
; SW[0]      ; HEX0[6]     ; 11.076 ; 11.076 ; 11.076 ; 11.076 ;
; SW[0]      ; HEX1[0]     ; 9.874  ; 9.614  ; 9.614  ; 9.874  ;
; SW[0]      ; HEX1[3]     ; 9.858  ; 9.598  ; 9.598  ; 9.858  ;
; SW[0]      ; HEX1[4]     ; 9.868  ; 9.608  ; 9.608  ; 9.868  ;
; SW[0]      ; HEX1[5]     ; 9.895  ; 9.635  ; 9.635  ; 9.895  ;
; SW[0]      ; HEX2[0]     ; 8.054  ; 8.054  ; 8.054  ; 8.054  ;
; SW[0]      ; HEX2[1]     ; 7.563  ; 7.563  ; 7.563  ; 7.563  ;
; SW[0]      ; HEX2[2]     ;        ; 7.672  ; 7.672  ;        ;
; SW[0]      ; HEX2[3]     ; 8.432  ; 8.432  ; 8.432  ; 8.432  ;
; SW[0]      ; HEX2[4]     ; 7.955  ;        ;        ; 7.955  ;
; SW[0]      ; HEX2[5]     ; 8.403  ;        ;        ; 8.403  ;
; SW[0]      ; HEX2[6]     ; 8.445  ;        ;        ; 8.445  ;
; SW[1]      ; HEX0[0]     ; 9.620  ; 9.620  ; 9.620  ; 9.620  ;
; SW[1]      ; HEX0[1]     ; 11.421 ; 11.421 ; 11.421 ; 11.421 ;
; SW[1]      ; HEX0[2]     ; 11.412 ; 11.412 ; 11.412 ; 11.412 ;
; SW[1]      ; HEX0[3]     ; 11.417 ; 11.417 ; 11.417 ; 11.417 ;
; SW[1]      ; HEX0[4]     ; 11.087 ; 11.087 ; 11.087 ; 11.087 ;
; SW[1]      ; HEX0[5]     ; 11.086 ; 11.086 ; 11.086 ; 11.086 ;
; SW[1]      ; HEX0[6]     ; 11.086 ; 11.086 ; 11.086 ; 11.086 ;
; SW[1]      ; HEX1[0]     ; 9.884  ; 9.624  ; 9.624  ; 9.884  ;
; SW[1]      ; HEX1[3]     ; 9.868  ; 9.608  ; 9.608  ; 9.868  ;
; SW[1]      ; HEX1[4]     ; 9.878  ; 9.618  ; 9.618  ; 9.878  ;
; SW[1]      ; HEX1[5]     ; 9.905  ; 9.645  ; 9.645  ; 9.905  ;
; SW[1]      ; HEX2[0]     ;        ; 8.145  ; 8.145  ;        ;
; SW[1]      ; HEX2[1]     ; 7.898  ; 7.898  ; 7.898  ; 7.898  ;
; SW[1]      ; HEX2[2]     ; 8.053  ;        ;        ; 8.053  ;
; SW[1]      ; HEX2[3]     ; 8.524  ; 8.524  ; 8.524  ; 8.524  ;
; SW[1]      ; HEX2[4]     ;        ; 8.292  ; 8.292  ;        ;
; SW[1]      ; HEX2[5]     ; 8.502  ;        ;        ; 8.502  ;
; SW[1]      ; HEX2[6]     ; 8.537  ; 8.537  ; 8.537  ; 8.537  ;
; SW[2]      ; HEX0[0]     ; 9.064  ; 9.243  ; 9.243  ; 9.064  ;
; SW[2]      ; HEX0[1]     ; 11.218 ; 11.218 ; 11.218 ; 11.218 ;
; SW[2]      ; HEX0[2]     ; 11.209 ; 11.209 ; 11.209 ; 11.209 ;
; SW[2]      ; HEX0[3]     ; 11.214 ; 11.214 ; 11.214 ; 11.214 ;
; SW[2]      ; HEX0[4]     ; 10.884 ; 10.884 ; 10.884 ; 10.884 ;
; SW[2]      ; HEX0[5]     ; 10.883 ; 10.883 ; 10.883 ; 10.883 ;
; SW[2]      ; HEX0[6]     ; 10.883 ; 10.883 ; 10.883 ; 10.883 ;
; SW[2]      ; HEX1[0]     ; 9.681  ; 9.421  ; 9.421  ; 9.681  ;
; SW[2]      ; HEX1[3]     ; 9.665  ; 9.405  ; 9.405  ; 9.665  ;
; SW[2]      ; HEX1[4]     ; 9.675  ; 9.415  ; 9.415  ; 9.675  ;
; SW[2]      ; HEX1[5]     ; 9.702  ; 9.442  ; 9.442  ; 9.702  ;
; SW[2]      ; HEX2[0]     ; 7.784  ; 7.784  ; 7.784  ; 7.784  ;
; SW[2]      ; HEX2[1]     ; 7.300  ;        ;        ; 7.300  ;
; SW[2]      ; HEX2[2]     ;        ; 7.453  ; 7.453  ;        ;
; SW[2]      ; HEX2[3]     ; 8.162  ; 8.162  ; 8.162  ; 8.162  ;
; SW[2]      ; HEX2[4]     ; 7.693  ;        ;        ; 7.693  ;
; SW[2]      ; HEX2[5]     ;        ; 8.136  ; 8.136  ;        ;
; SW[2]      ; HEX2[6]     ; 8.172  ; 8.172  ; 8.172  ; 8.172  ;
; SW[3]      ; HEX0[0]     ; 8.298  ; 8.909  ; 8.909  ; 8.298  ;
; SW[3]      ; HEX0[1]     ; 10.884 ; 10.884 ; 10.884 ; 10.884 ;
; SW[3]      ; HEX0[2]     ; 10.875 ; 10.875 ; 10.875 ; 10.875 ;
; SW[3]      ; HEX0[3]     ; 10.880 ; 10.880 ; 10.880 ; 10.880 ;
; SW[3]      ; HEX0[4]     ; 10.550 ; 10.550 ; 10.550 ; 10.550 ;
; SW[3]      ; HEX0[5]     ; 10.549 ; 10.549 ; 10.549 ; 10.549 ;
; SW[3]      ; HEX0[6]     ; 10.549 ; 10.549 ; 10.549 ; 10.549 ;
; SW[3]      ; HEX1[0]     ; 9.347  ; 8.735  ; 8.735  ; 9.347  ;
; SW[3]      ; HEX1[3]     ; 9.331  ; 8.719  ; 8.719  ; 9.331  ;
; SW[3]      ; HEX1[4]     ; 9.341  ; 8.729  ; 8.729  ; 9.341  ;
; SW[3]      ; HEX1[5]     ; 9.368  ; 8.756  ; 8.756  ; 9.368  ;
; SW[3]      ; HEX2[0]     ;        ; 7.422  ; 7.422  ;        ;
; SW[3]      ; HEX2[3]     ;        ; 7.800  ; 7.800  ;        ;
; SW[3]      ; HEX2[5]     ;        ; 7.776  ; 7.776  ;        ;
; SW[3]      ; HEX2[6]     ;        ; 7.813  ; 7.813  ;        ;
; SW[4]      ; HEX0[0]     ; 9.179  ; 9.179  ; 9.179  ; 9.179  ;
; SW[4]      ; HEX0[1]     ; 10.980 ; 10.980 ; 10.980 ; 10.980 ;
; SW[4]      ; HEX0[2]     ; 10.971 ; 10.971 ; 10.971 ; 10.971 ;
; SW[4]      ; HEX0[3]     ; 10.976 ; 10.976 ; 10.976 ; 10.976 ;
; SW[4]      ; HEX0[4]     ; 10.646 ; 10.646 ; 10.646 ; 10.646 ;
; SW[4]      ; HEX0[5]     ; 10.645 ; 10.645 ; 10.645 ; 10.645 ;
; SW[4]      ; HEX0[6]     ; 10.645 ; 10.645 ; 10.645 ; 10.645 ;
; SW[4]      ; HEX1[0]     ; 9.443  ; 9.183  ; 9.183  ; 9.443  ;
; SW[4]      ; HEX1[3]     ; 9.427  ; 9.167  ; 9.167  ; 9.427  ;
; SW[4]      ; HEX1[4]     ; 9.437  ; 9.177  ; 9.177  ; 9.437  ;
; SW[4]      ; HEX1[5]     ; 9.464  ; 9.204  ; 9.204  ; 9.464  ;
; SW[4]      ; HEX3[0]     ; 7.599  ; 7.599  ; 7.599  ; 7.599  ;
; SW[4]      ; HEX3[1]     ; 7.765  ; 7.765  ; 7.765  ; 7.765  ;
; SW[4]      ; HEX3[2]     ;        ; 7.768  ; 7.768  ;        ;
; SW[4]      ; HEX3[3]     ; 7.537  ; 7.537  ; 7.537  ; 7.537  ;
; SW[4]      ; HEX3[4]     ; 6.866  ;        ;        ; 6.866  ;
; SW[4]      ; HEX3[5]     ; 7.605  ;        ;        ; 7.605  ;
; SW[4]      ; HEX3[6]     ; 7.957  ;        ;        ; 7.957  ;
; SW[5]      ; HEX0[0]     ; 9.214  ; 9.214  ; 9.214  ; 9.214  ;
; SW[5]      ; HEX0[1]     ; 11.015 ; 11.015 ; 11.015 ; 11.015 ;
; SW[5]      ; HEX0[2]     ; 11.006 ; 11.006 ; 11.006 ; 11.006 ;
; SW[5]      ; HEX0[3]     ; 11.011 ; 11.011 ; 11.011 ; 11.011 ;
; SW[5]      ; HEX0[4]     ; 10.681 ; 10.681 ; 10.681 ; 10.681 ;
; SW[5]      ; HEX0[5]     ; 10.680 ; 10.680 ; 10.680 ; 10.680 ;
; SW[5]      ; HEX0[6]     ; 10.680 ; 10.680 ; 10.680 ; 10.680 ;
; SW[5]      ; HEX1[0]     ; 9.478  ; 9.218  ; 9.218  ; 9.478  ;
; SW[5]      ; HEX1[3]     ; 9.462  ; 9.202  ; 9.202  ; 9.462  ;
; SW[5]      ; HEX1[4]     ; 9.472  ; 9.212  ; 9.212  ; 9.472  ;
; SW[5]      ; HEX1[5]     ; 9.499  ; 9.239  ; 9.239  ; 9.499  ;
; SW[5]      ; HEX3[0]     ;        ; 7.200  ; 7.200  ;        ;
; SW[5]      ; HEX3[1]     ; 8.098  ; 8.098  ; 8.098  ; 8.098  ;
; SW[5]      ; HEX3[2]     ; 8.105  ;        ;        ; 8.105  ;
; SW[5]      ; HEX3[3]     ; 7.153  ; 7.153  ; 7.153  ; 7.153  ;
; SW[5]      ; HEX3[4]     ;        ; 7.217  ; 7.217  ;        ;
; SW[5]      ; HEX3[5]     ; 7.211  ;        ;        ; 7.211  ;
; SW[5]      ; HEX3[6]     ; 7.565  ; 7.565  ; 7.565  ; 7.565  ;
; SW[6]      ; HEX0[0]     ; 8.497  ; 8.680  ; 8.680  ; 8.497  ;
; SW[6]      ; HEX0[1]     ; 10.655 ; 10.655 ; 10.655 ; 10.655 ;
; SW[6]      ; HEX0[2]     ; 10.646 ; 10.646 ; 10.646 ; 10.646 ;
; SW[6]      ; HEX0[3]     ; 10.651 ; 10.651 ; 10.651 ; 10.651 ;
; SW[6]      ; HEX0[4]     ; 10.321 ; 10.321 ; 10.321 ; 10.321 ;
; SW[6]      ; HEX0[5]     ; 10.320 ; 10.320 ; 10.320 ; 10.320 ;
; SW[6]      ; HEX0[6]     ; 10.320 ; 10.320 ; 10.320 ; 10.320 ;
; SW[6]      ; HEX1[0]     ; 9.118  ; 8.858  ; 8.858  ; 9.118  ;
; SW[6]      ; HEX1[3]     ; 9.102  ; 8.842  ; 8.842  ; 9.102  ;
; SW[6]      ; HEX1[4]     ; 9.112  ; 8.852  ; 8.852  ; 9.112  ;
; SW[6]      ; HEX1[5]     ; 9.139  ; 8.879  ; 8.879  ; 9.139  ;
; SW[6]      ; HEX3[0]     ; 7.397  ; 7.397  ; 7.397  ; 7.397  ;
; SW[6]      ; HEX3[1]     ; 7.913  ;        ;        ; 7.913  ;
; SW[6]      ; HEX3[2]     ;        ; 7.871  ; 7.871  ;        ;
; SW[6]      ; HEX3[3]     ; 7.351  ; 7.351  ; 7.351  ; 7.351  ;
; SW[6]      ; HEX3[4]     ; 7.026  ;        ;        ; 7.026  ;
; SW[6]      ; HEX3[5]     ;        ; 7.409  ; 7.409  ;        ;
; SW[6]      ; HEX3[6]     ; 7.763  ; 7.763  ; 7.763  ; 7.763  ;
; SW[7]      ; HEX0[0]     ; 6.914  ; 7.524  ; 7.524  ; 6.914  ;
; SW[7]      ; HEX0[1]     ; 9.499  ; 9.499  ; 9.499  ; 9.499  ;
; SW[7]      ; HEX0[2]     ; 9.490  ; 9.490  ; 9.490  ; 9.490  ;
; SW[7]      ; HEX0[3]     ; 9.495  ; 9.495  ; 9.495  ; 9.495  ;
; SW[7]      ; HEX0[4]     ; 9.165  ; 9.165  ; 9.165  ; 9.165  ;
; SW[7]      ; HEX0[5]     ; 9.164  ; 9.164  ; 9.164  ; 9.164  ;
; SW[7]      ; HEX0[6]     ; 9.164  ; 9.164  ; 9.164  ; 9.164  ;
; SW[7]      ; HEX1[0]     ; 7.962  ; 7.351  ; 7.351  ; 7.962  ;
; SW[7]      ; HEX1[3]     ; 7.946  ; 7.335  ; 7.335  ; 7.946  ;
; SW[7]      ; HEX1[4]     ; 7.956  ; 7.345  ; 7.345  ; 7.956  ;
; SW[7]      ; HEX1[5]     ; 7.983  ; 7.372  ; 7.372  ; 7.983  ;
; SW[7]      ; HEX3[0]     ;        ; 6.445  ; 6.445  ;        ;
; SW[7]      ; HEX3[3]     ;        ; 6.392  ; 6.392  ;        ;
; SW[7]      ; HEX3[5]     ;        ; 6.452  ; 6.452  ;        ;
; SW[7]      ; HEX3[6]     ;        ; 6.804  ; 6.804  ;        ;
; SW[8]      ; HEX0[0]     ; 7.972  ; 7.972  ; 7.972  ; 7.972  ;
; SW[8]      ; HEX0[1]     ; 9.773  ; 9.773  ; 9.773  ; 9.773  ;
; SW[8]      ; HEX0[2]     ; 9.764  ; 9.764  ; 9.764  ; 9.764  ;
; SW[8]      ; HEX0[3]     ; 9.769  ; 9.769  ; 9.769  ; 9.769  ;
; SW[8]      ; HEX0[4]     ; 9.439  ; 9.439  ; 9.439  ; 9.439  ;
; SW[8]      ; HEX0[5]     ; 9.438  ; 9.438  ; 9.438  ; 9.438  ;
; SW[8]      ; HEX0[6]     ; 9.438  ; 9.438  ; 9.438  ; 9.438  ;
; SW[8]      ; HEX1[0]     ; 8.236  ; 7.976  ; 7.976  ; 8.236  ;
; SW[8]      ; HEX1[3]     ; 8.220  ; 7.960  ; 7.960  ; 8.220  ;
; SW[8]      ; HEX1[4]     ; 8.230  ; 7.970  ; 7.970  ; 8.230  ;
; SW[8]      ; HEX1[5]     ; 8.257  ; 7.997  ; 7.997  ; 8.257  ;
+------------+-------------+--------+--------+--------+--------+


+----------------------------------------------------------+
; Minimum Propagation Delay                                ;
+------------+-------------+-------+-------+-------+-------+
; Input Port ; Output Port ; RR    ; RF    ; FR    ; FF    ;
+------------+-------------+-------+-------+-------+-------+
; SW[0]      ; HEX0[0]     ; 8.630 ; 8.630 ; 8.630 ; 8.630 ;
; SW[0]      ; HEX0[1]     ; 9.496 ; 9.496 ; 9.496 ; 9.496 ;
; SW[0]      ; HEX0[2]     ; 9.489 ; 9.489 ; 9.489 ; 9.489 ;
; SW[0]      ; HEX0[3]     ; 9.497 ; 9.497 ; 9.497 ; 9.497 ;
; SW[0]      ; HEX0[4]     ; 9.102 ; 9.102 ; 9.102 ; 9.102 ;
; SW[0]      ; HEX0[5]     ; 9.167 ; 9.167 ; 9.167 ; 9.167 ;
; SW[0]      ; HEX0[6]     ; 9.164 ; 9.164 ; 9.164 ; 9.164 ;
; SW[0]      ; HEX1[0]     ; 9.066 ; 9.066 ; 9.066 ; 9.066 ;
; SW[0]      ; HEX1[3]     ; 9.050 ; 9.050 ; 9.050 ; 9.050 ;
; SW[0]      ; HEX1[4]     ; 9.060 ; 9.060 ; 9.060 ; 9.060 ;
; SW[0]      ; HEX1[5]     ; 9.087 ; 9.087 ; 9.087 ; 9.087 ;
; SW[0]      ; HEX2[0]     ; 8.054 ; 8.054 ; 8.054 ; 8.054 ;
; SW[0]      ; HEX2[1]     ; 7.563 ; 7.563 ; 7.563 ; 7.563 ;
; SW[0]      ; HEX2[2]     ;       ; 7.672 ; 7.672 ;       ;
; SW[0]      ; HEX2[3]     ; 8.432 ; 8.432 ; 8.432 ; 8.432 ;
; SW[0]      ; HEX2[4]     ; 7.955 ;       ;       ; 7.955 ;
; SW[0]      ; HEX2[5]     ; 8.403 ;       ;       ; 8.403 ;
; SW[0]      ; HEX2[6]     ; 8.445 ;       ;       ; 8.445 ;
; SW[1]      ; HEX0[0]     ; 8.289 ; 8.289 ; 8.289 ; 8.289 ;
; SW[1]      ; HEX0[1]     ; 9.856 ; 9.856 ; 9.856 ; 9.856 ;
; SW[1]      ; HEX0[2]     ; 9.892 ; 9.892 ; 9.892 ; 9.892 ;
; SW[1]      ; HEX0[3]     ; 9.897 ; 9.897 ; 9.897 ; 9.897 ;
; SW[1]      ; HEX0[4]     ; 9.567 ; 9.567 ; 9.567 ; 9.567 ;
; SW[1]      ; HEX0[5]     ; 9.570 ; 9.570 ; 9.570 ; 9.570 ;
; SW[1]      ; HEX0[6]     ; 9.563 ; 9.563 ; 9.563 ; 9.563 ;
; SW[1]      ; HEX1[0]     ; 8.725 ; 8.725 ; 8.725 ; 8.725 ;
; SW[1]      ; HEX1[3]     ; 8.709 ; 8.709 ; 8.709 ; 8.709 ;
; SW[1]      ; HEX1[4]     ; 8.719 ; 8.719 ; 8.719 ; 8.719 ;
; SW[1]      ; HEX1[5]     ; 8.746 ; 8.746 ; 8.746 ; 8.746 ;
; SW[1]      ; HEX2[0]     ;       ; 8.145 ; 8.145 ;       ;
; SW[1]      ; HEX2[1]     ; 7.898 ; 7.898 ; 7.898 ; 7.898 ;
; SW[1]      ; HEX2[2]     ; 8.053 ;       ;       ; 8.053 ;
; SW[1]      ; HEX2[3]     ; 8.524 ; 8.524 ; 8.524 ; 8.524 ;
; SW[1]      ; HEX2[4]     ;       ; 8.292 ; 8.292 ;       ;
; SW[1]      ; HEX2[5]     ; 8.502 ;       ;       ; 8.502 ;
; SW[1]      ; HEX2[6]     ; 8.537 ; 8.537 ; 8.537 ; 8.537 ;
; SW[2]      ; HEX0[0]     ; 8.984 ; 8.984 ; 8.984 ; 8.984 ;
; SW[2]      ; HEX0[1]     ; 9.868 ; 9.868 ; 9.868 ; 9.868 ;
; SW[2]      ; HEX0[2]     ; 9.904 ; 9.904 ; 9.904 ; 9.904 ;
; SW[2]      ; HEX0[3]     ; 9.909 ; 9.909 ; 9.909 ; 9.909 ;
; SW[2]      ; HEX0[4]     ; 9.579 ; 9.579 ; 9.579 ; 9.579 ;
; SW[2]      ; HEX0[5]     ; 9.582 ; 9.582 ; 9.582 ; 9.582 ;
; SW[2]      ; HEX0[6]     ; 9.575 ; 9.575 ; 9.575 ; 9.575 ;
; SW[2]      ; HEX1[0]     ; 8.733 ; 8.733 ; 8.733 ; 8.733 ;
; SW[2]      ; HEX1[3]     ; 8.717 ; 8.717 ; 8.717 ; 8.717 ;
; SW[2]      ; HEX1[4]     ; 8.727 ; 8.727 ; 8.727 ; 8.727 ;
; SW[2]      ; HEX1[5]     ; 8.754 ; 8.754 ; 8.754 ; 8.754 ;
; SW[2]      ; HEX2[0]     ; 7.784 ; 7.784 ; 7.784 ; 7.784 ;
; SW[2]      ; HEX2[1]     ; 7.300 ;       ;       ; 7.300 ;
; SW[2]      ; HEX2[2]     ;       ; 7.453 ; 7.453 ;       ;
; SW[2]      ; HEX2[3]     ; 8.162 ; 8.162 ; 8.162 ; 8.162 ;
; SW[2]      ; HEX2[4]     ; 7.693 ;       ;       ; 7.693 ;
; SW[2]      ; HEX2[5]     ;       ; 8.136 ; 8.136 ;       ;
; SW[2]      ; HEX2[6]     ; 8.172 ; 8.172 ; 8.172 ; 8.172 ;
; SW[3]      ; HEX0[0]     ; 8.298 ; 8.298 ; 8.298 ; 8.298 ;
; SW[3]      ; HEX0[1]     ; 9.870 ; 9.870 ; 9.870 ; 9.870 ;
; SW[3]      ; HEX0[2]     ; 9.906 ; 9.906 ; 9.906 ; 9.906 ;
; SW[3]      ; HEX0[3]     ; 9.911 ; 9.911 ; 9.911 ; 9.911 ;
; SW[3]      ; HEX0[4]     ; 9.581 ; 9.581 ; 9.581 ; 9.581 ;
; SW[3]      ; HEX0[5]     ; 9.584 ; 9.584 ; 9.584 ; 9.584 ;
; SW[3]      ; HEX0[6]     ; 9.577 ; 9.577 ; 9.577 ; 9.577 ;
; SW[3]      ; HEX1[0]     ; 8.735 ; 8.735 ; 8.735 ; 8.735 ;
; SW[3]      ; HEX1[3]     ; 8.719 ; 8.719 ; 8.719 ; 8.719 ;
; SW[3]      ; HEX1[4]     ; 8.729 ; 8.729 ; 8.729 ; 8.729 ;
; SW[3]      ; HEX1[5]     ; 8.756 ; 8.756 ; 8.756 ; 8.756 ;
; SW[3]      ; HEX2[0]     ;       ; 7.422 ; 7.422 ;       ;
; SW[3]      ; HEX2[3]     ;       ; 7.800 ; 7.800 ;       ;
; SW[3]      ; HEX2[5]     ;       ; 7.776 ; 7.776 ;       ;
; SW[3]      ; HEX2[6]     ;       ; 7.813 ; 7.813 ;       ;
; SW[4]      ; HEX0[0]     ; 8.199 ; 8.199 ; 8.199 ; 8.199 ;
; SW[4]      ; HEX0[1]     ; 9.069 ; 9.069 ; 9.069 ; 9.069 ;
; SW[4]      ; HEX0[2]     ; 9.062 ; 9.062 ; 9.062 ; 9.062 ;
; SW[4]      ; HEX0[3]     ; 9.070 ; 9.070 ; 9.070 ; 9.070 ;
; SW[4]      ; HEX0[4]     ; 8.675 ; 8.675 ; 8.675 ; 8.675 ;
; SW[4]      ; HEX0[5]     ; 8.740 ; 8.740 ; 8.740 ; 8.740 ;
; SW[4]      ; HEX0[6]     ; 8.737 ; 8.737 ; 8.737 ; 8.737 ;
; SW[4]      ; HEX1[0]     ; 8.635 ; 8.635 ; 8.635 ; 8.635 ;
; SW[4]      ; HEX1[3]     ; 8.619 ; 8.619 ; 8.619 ; 8.619 ;
; SW[4]      ; HEX1[4]     ; 8.629 ; 8.629 ; 8.629 ; 8.629 ;
; SW[4]      ; HEX1[5]     ; 8.656 ; 8.656 ; 8.656 ; 8.656 ;
; SW[4]      ; HEX3[0]     ; 7.599 ; 7.599 ; 7.599 ; 7.599 ;
; SW[4]      ; HEX3[1]     ; 7.765 ; 7.765 ; 7.765 ; 7.765 ;
; SW[4]      ; HEX3[2]     ;       ; 7.768 ; 7.768 ;       ;
; SW[4]      ; HEX3[3]     ; 7.537 ; 7.537 ; 7.537 ; 7.537 ;
; SW[4]      ; HEX3[4]     ; 6.866 ;       ;       ; 6.866 ;
; SW[4]      ; HEX3[5]     ; 7.605 ;       ;       ; 7.605 ;
; SW[4]      ; HEX3[6]     ; 7.957 ;       ;       ; 7.957 ;
; SW[5]      ; HEX0[0]     ; 7.882 ; 7.882 ; 7.882 ; 7.882 ;
; SW[5]      ; HEX0[1]     ; 9.449 ; 9.449 ; 9.449 ; 9.449 ;
; SW[5]      ; HEX0[2]     ; 9.485 ; 9.485 ; 9.485 ; 9.485 ;
; SW[5]      ; HEX0[3]     ; 9.490 ; 9.490 ; 9.490 ; 9.490 ;
; SW[5]      ; HEX0[4]     ; 9.160 ; 9.160 ; 9.160 ; 9.160 ;
; SW[5]      ; HEX0[5]     ; 9.163 ; 9.163 ; 9.163 ; 9.163 ;
; SW[5]      ; HEX0[6]     ; 9.156 ; 9.156 ; 9.156 ; 9.156 ;
; SW[5]      ; HEX1[0]     ; 8.318 ; 8.318 ; 8.318 ; 8.318 ;
; SW[5]      ; HEX1[3]     ; 8.302 ; 8.302 ; 8.302 ; 8.302 ;
; SW[5]      ; HEX1[4]     ; 8.312 ; 8.312 ; 8.312 ; 8.312 ;
; SW[5]      ; HEX1[5]     ; 8.339 ; 8.339 ; 8.339 ; 8.339 ;
; SW[5]      ; HEX3[0]     ;       ; 7.200 ; 7.200 ;       ;
; SW[5]      ; HEX3[1]     ; 8.098 ; 8.098 ; 8.098 ; 8.098 ;
; SW[5]      ; HEX3[2]     ; 8.105 ;       ;       ; 8.105 ;
; SW[5]      ; HEX3[3]     ; 7.153 ; 7.153 ; 7.153 ; 7.153 ;
; SW[5]      ; HEX3[4]     ;       ; 7.217 ; 7.217 ;       ;
; SW[5]      ; HEX3[5]     ; 7.211 ;       ;       ; 7.211 ;
; SW[5]      ; HEX3[6]     ; 7.565 ; 7.565 ; 7.565 ; 7.565 ;
; SW[6]      ; HEX0[0]     ; 8.421 ; 8.421 ; 8.421 ; 8.421 ;
; SW[6]      ; HEX0[1]     ; 9.301 ; 9.301 ; 9.301 ; 9.301 ;
; SW[6]      ; HEX0[2]     ; 9.337 ; 9.337 ; 9.337 ; 9.337 ;
; SW[6]      ; HEX0[3]     ; 9.342 ; 9.342 ; 9.342 ; 9.342 ;
; SW[6]      ; HEX0[4]     ; 9.012 ; 9.012 ; 9.012 ; 9.012 ;
; SW[6]      ; HEX0[5]     ; 9.015 ; 9.015 ; 9.015 ; 9.015 ;
; SW[6]      ; HEX0[6]     ; 9.008 ; 9.008 ; 9.008 ; 9.008 ;
; SW[6]      ; HEX1[0]     ; 8.166 ; 8.166 ; 8.166 ; 8.166 ;
; SW[6]      ; HEX1[3]     ; 8.150 ; 8.150 ; 8.150 ; 8.150 ;
; SW[6]      ; HEX1[4]     ; 8.160 ; 8.160 ; 8.160 ; 8.160 ;
; SW[6]      ; HEX1[5]     ; 8.187 ; 8.187 ; 8.187 ; 8.187 ;
; SW[6]      ; HEX3[0]     ; 7.397 ; 7.397 ; 7.397 ; 7.397 ;
; SW[6]      ; HEX3[1]     ; 7.913 ;       ;       ; 7.913 ;
; SW[6]      ; HEX3[2]     ;       ; 7.871 ; 7.871 ;       ;
; SW[6]      ; HEX3[3]     ; 7.351 ; 7.351 ; 7.351 ; 7.351 ;
; SW[6]      ; HEX3[4]     ; 7.026 ;       ;       ; 7.026 ;
; SW[6]      ; HEX3[5]     ;       ; 7.409 ; 7.409 ;       ;
; SW[6]      ; HEX3[6]     ; 7.763 ; 7.763 ; 7.763 ; 7.763 ;
; SW[7]      ; HEX0[0]     ; 6.914 ; 6.914 ; 6.914 ; 6.914 ;
; SW[7]      ; HEX0[1]     ; 8.486 ; 8.486 ; 8.486 ; 8.486 ;
; SW[7]      ; HEX0[2]     ; 8.522 ; 8.522 ; 8.522 ; 8.522 ;
; SW[7]      ; HEX0[3]     ; 8.527 ; 8.527 ; 8.527 ; 8.527 ;
; SW[7]      ; HEX0[4]     ; 8.197 ; 8.197 ; 8.197 ; 8.197 ;
; SW[7]      ; HEX0[5]     ; 8.200 ; 8.200 ; 8.200 ; 8.200 ;
; SW[7]      ; HEX0[6]     ; 8.193 ; 8.193 ; 8.193 ; 8.193 ;
; SW[7]      ; HEX1[0]     ; 7.351 ; 7.351 ; 7.351 ; 7.351 ;
; SW[7]      ; HEX1[3]     ; 7.335 ; 7.335 ; 7.335 ; 7.335 ;
; SW[7]      ; HEX1[4]     ; 7.345 ; 7.345 ; 7.345 ; 7.345 ;
; SW[7]      ; HEX1[5]     ; 7.372 ; 7.372 ; 7.372 ; 7.372 ;
; SW[7]      ; HEX3[0]     ;       ; 6.445 ; 6.445 ;       ;
; SW[7]      ; HEX3[3]     ;       ; 6.392 ; 6.392 ;       ;
; SW[7]      ; HEX3[5]     ;       ; 6.452 ; 6.452 ;       ;
; SW[7]      ; HEX3[6]     ;       ; 6.804 ; 6.804 ;       ;
; SW[8]      ; HEX0[0]     ; 6.992 ; 6.992 ; 6.992 ; 6.992 ;
; SW[8]      ; HEX0[1]     ; 8.215 ; 8.215 ; 8.215 ; 8.215 ;
; SW[8]      ; HEX0[2]     ; 8.208 ; 8.208 ; 8.208 ; 8.208 ;
; SW[8]      ; HEX0[3]     ; 8.216 ; 8.216 ; 8.216 ; 8.216 ;
; SW[8]      ; HEX0[4]     ; 7.821 ; 7.821 ; 7.821 ; 7.821 ;
; SW[8]      ; HEX0[5]     ; 7.886 ; 7.886 ; 7.886 ; 7.886 ;
; SW[8]      ; HEX0[6]     ; 7.883 ; 7.883 ; 7.883 ; 7.883 ;
; SW[8]      ; HEX1[0]     ; 7.428 ; 7.428 ; 7.428 ; 7.428 ;
; SW[8]      ; HEX1[3]     ; 7.412 ; 7.412 ; 7.412 ; 7.412 ;
; SW[8]      ; HEX1[4]     ; 7.422 ; 7.422 ; 7.422 ; 7.422 ;
; SW[8]      ; HEX1[5]     ; 7.449 ; 7.449 ; 7.449 ; 7.449 ;
+------------+-------------+-------+-------+-------+-------+


----------------------------
; Fast Model Setup Summary ;
----------------------------
No paths to report.


---------------------------
; Fast Model Hold Summary ;
---------------------------
No paths to report.


-------------------------------
; Fast Model Recovery Summary ;
-------------------------------
No paths to report.


------------------------------
; Fast Model Removal Summary ;
------------------------------
No paths to report.


------------------------------------------
; Fast Model Minimum Pulse Width Summary ;
------------------------------------------
No paths to report.


+----------------------------------------------------------+
; Propagation Delay                                        ;
+------------+-------------+-------+-------+-------+-------+
; Input Port ; Output Port ; RR    ; RF    ; FR    ; FF    ;
+------------+-------------+-------+-------+-------+-------+
; SW[0]      ; HEX0[0]     ; 4.235 ; 4.235 ; 4.235 ; 4.235 ;
; SW[0]      ; HEX0[1]     ; 4.925 ; 4.925 ; 4.925 ; 4.925 ;
; SW[0]      ; HEX0[2]     ; 4.936 ; 4.936 ; 4.936 ; 4.936 ;
; SW[0]      ; HEX0[3]     ; 4.919 ; 4.919 ; 4.919 ; 4.919 ;
; SW[0]      ; HEX0[4]     ; 4.802 ; 4.802 ; 4.802 ; 4.802 ;
; SW[0]      ; HEX0[5]     ; 4.799 ; 4.799 ; 4.799 ; 4.799 ;
; SW[0]      ; HEX0[6]     ; 4.800 ; 4.800 ; 4.800 ; 4.800 ;
; SW[0]      ; HEX1[0]     ; 4.390 ; 4.287 ; 4.287 ; 4.390 ;
; SW[0]      ; HEX1[3]     ; 4.372 ; 4.269 ; 4.269 ; 4.372 ;
; SW[0]      ; HEX1[4]     ; 4.382 ; 4.279 ; 4.279 ; 4.382 ;
; SW[0]      ; HEX1[5]     ; 4.409 ; 4.306 ; 4.306 ; 4.409 ;
; SW[0]      ; HEX2[0]     ; 3.706 ; 3.706 ; 3.706 ; 3.706 ;
; SW[0]      ; HEX2[1]     ; 3.485 ; 3.485 ; 3.485 ; 3.485 ;
; SW[0]      ; HEX2[2]     ;       ; 3.574 ; 3.574 ;       ;
; SW[0]      ; HEX2[3]     ; 3.877 ; 3.877 ; 3.877 ; 3.877 ;
; SW[0]      ; HEX2[4]     ; 3.651 ;       ;       ; 3.651 ;
; SW[0]      ; HEX2[5]     ; 3.856 ;       ;       ; 3.856 ;
; SW[0]      ; HEX2[6]     ; 3.886 ;       ;       ; 3.886 ;
; SW[1]      ; HEX0[0]     ; 4.235 ; 4.235 ; 4.235 ; 4.235 ;
; SW[1]      ; HEX0[1]     ; 4.925 ; 4.925 ; 4.925 ; 4.925 ;
; SW[1]      ; HEX0[2]     ; 4.936 ; 4.936 ; 4.936 ; 4.936 ;
; SW[1]      ; HEX0[3]     ; 4.919 ; 4.919 ; 4.919 ; 4.919 ;
; SW[1]      ; HEX0[4]     ; 4.802 ; 4.802 ; 4.802 ; 4.802 ;
; SW[1]      ; HEX0[5]     ; 4.799 ; 4.799 ; 4.799 ; 4.799 ;
; SW[1]      ; HEX0[6]     ; 4.800 ; 4.800 ; 4.800 ; 4.800 ;
; SW[1]      ; HEX1[0]     ; 4.390 ; 4.287 ; 4.287 ; 4.390 ;
; SW[1]      ; HEX1[3]     ; 4.372 ; 4.269 ; 4.269 ; 4.372 ;
; SW[1]      ; HEX1[4]     ; 4.382 ; 4.279 ; 4.279 ; 4.382 ;
; SW[1]      ; HEX1[5]     ; 4.409 ; 4.306 ; 4.306 ; 4.409 ;
; SW[1]      ; HEX2[0]     ;       ; 3.737 ; 3.737 ;       ;
; SW[1]      ; HEX2[1]     ; 3.617 ; 3.617 ; 3.617 ; 3.617 ;
; SW[1]      ; HEX2[2]     ; 3.707 ;       ;       ; 3.707 ;
; SW[1]      ; HEX2[3]     ; 3.908 ; 3.908 ; 3.908 ; 3.908 ;
; SW[1]      ; HEX2[4]     ;       ; 3.790 ; 3.790 ;       ;
; SW[1]      ; HEX2[5]     ; 3.887 ;       ;       ; 3.887 ;
; SW[1]      ; HEX2[6]     ; 3.918 ; 3.918 ; 3.918 ; 3.918 ;
; SW[2]      ; HEX0[0]     ; 4.053 ; 4.100 ; 4.100 ; 4.053 ;
; SW[2]      ; HEX0[1]     ; 4.848 ; 4.848 ; 4.848 ; 4.848 ;
; SW[2]      ; HEX0[2]     ; 4.859 ; 4.859 ; 4.859 ; 4.859 ;
; SW[2]      ; HEX0[3]     ; 4.842 ; 4.842 ; 4.842 ; 4.842 ;
; SW[2]      ; HEX0[4]     ; 4.725 ; 4.725 ; 4.725 ; 4.725 ;
; SW[2]      ; HEX0[5]     ; 4.722 ; 4.722 ; 4.722 ; 4.722 ;
; SW[2]      ; HEX0[6]     ; 4.723 ; 4.723 ; 4.723 ; 4.723 ;
; SW[2]      ; HEX1[0]     ; 4.313 ; 4.210 ; 4.210 ; 4.313 ;
; SW[2]      ; HEX1[3]     ; 4.295 ; 4.192 ; 4.192 ; 4.295 ;
; SW[2]      ; HEX1[4]     ; 4.305 ; 4.202 ; 4.202 ; 4.305 ;
; SW[2]      ; HEX1[5]     ; 4.332 ; 4.229 ; 4.229 ; 4.332 ;
; SW[2]      ; HEX2[0]     ; 3.622 ; 3.622 ; 3.622 ; 3.622 ;
; SW[2]      ; HEX2[1]     ; 3.406 ;       ;       ; 3.406 ;
; SW[2]      ; HEX2[2]     ;       ; 3.475 ; 3.475 ;       ;
; SW[2]      ; HEX2[3]     ; 3.793 ; 3.793 ; 3.793 ; 3.793 ;
; SW[2]      ; HEX2[4]     ; 3.551 ;       ;       ; 3.551 ;
; SW[2]      ; HEX2[5]     ;       ; 3.768 ; 3.768 ;       ;
; SW[2]      ; HEX2[6]     ; 3.797 ; 3.797 ; 3.797 ; 3.797 ;
; SW[3]      ; HEX0[0]     ; 3.816 ; 4.018 ; 4.018 ; 3.816 ;
; SW[3]      ; HEX0[1]     ; 4.766 ; 4.766 ; 4.766 ; 4.766 ;
; SW[3]      ; HEX0[2]     ; 4.777 ; 4.777 ; 4.777 ; 4.777 ;
; SW[3]      ; HEX0[3]     ; 4.760 ; 4.760 ; 4.760 ; 4.760 ;
; SW[3]      ; HEX0[4]     ; 4.643 ; 4.643 ; 4.643 ; 4.643 ;
; SW[3]      ; HEX0[5]     ; 4.640 ; 4.640 ; 4.640 ; 4.640 ;
; SW[3]      ; HEX0[6]     ; 4.641 ; 4.641 ; 4.641 ; 4.641 ;
; SW[3]      ; HEX1[0]     ; 4.231 ; 4.025 ; 4.025 ; 4.231 ;
; SW[3]      ; HEX1[3]     ; 4.213 ; 4.007 ; 4.007 ; 4.213 ;
; SW[3]      ; HEX1[4]     ; 4.223 ; 4.017 ; 4.017 ; 4.223 ;
; SW[3]      ; HEX1[5]     ; 4.250 ; 4.044 ; 4.044 ; 4.250 ;
; SW[3]      ; HEX2[0]     ;       ; 3.533 ; 3.533 ;       ;
; SW[3]      ; HEX2[3]     ;       ; 3.704 ; 3.704 ;       ;
; SW[3]      ; HEX2[5]     ;       ; 3.683 ; 3.683 ;       ;
; SW[3]      ; HEX2[6]     ;       ; 3.713 ; 3.713 ;       ;
; SW[4]      ; HEX0[0]     ; 4.048 ; 4.048 ; 4.048 ; 4.048 ;
; SW[4]      ; HEX0[1]     ; 4.738 ; 4.738 ; 4.738 ; 4.738 ;
; SW[4]      ; HEX0[2]     ; 4.749 ; 4.749 ; 4.749 ; 4.749 ;
; SW[4]      ; HEX0[3]     ; 4.732 ; 4.732 ; 4.732 ; 4.732 ;
; SW[4]      ; HEX0[4]     ; 4.615 ; 4.615 ; 4.615 ; 4.615 ;
; SW[4]      ; HEX0[5]     ; 4.612 ; 4.612 ; 4.612 ; 4.612 ;
; SW[4]      ; HEX0[6]     ; 4.613 ; 4.613 ; 4.613 ; 4.613 ;
; SW[4]      ; HEX1[0]     ; 4.203 ; 4.100 ; 4.100 ; 4.203 ;
; SW[4]      ; HEX1[3]     ; 4.185 ; 4.082 ; 4.082 ; 4.185 ;
; SW[4]      ; HEX1[4]     ; 4.195 ; 4.092 ; 4.092 ; 4.195 ;
; SW[4]      ; HEX1[5]     ; 4.222 ; 4.119 ; 4.119 ; 4.222 ;
; SW[4]      ; HEX3[0]     ; 3.532 ; 3.532 ; 3.532 ; 3.532 ;
; SW[4]      ; HEX3[1]     ; 3.677 ; 3.677 ; 3.677 ; 3.677 ;
; SW[4]      ; HEX3[2]     ;       ; 3.679 ; 3.679 ;       ;
; SW[4]      ; HEX3[3]     ; 3.488 ; 3.488 ; 3.488 ; 3.488 ;
; SW[4]      ; HEX3[4]     ; 3.247 ;       ;       ; 3.247 ;
; SW[4]      ; HEX3[5]     ; 3.539 ;       ;       ; 3.539 ;
; SW[4]      ; HEX3[6]     ; 3.681 ;       ;       ; 3.681 ;
; SW[5]      ; HEX0[0]     ; 4.047 ; 4.047 ; 4.047 ; 4.047 ;
; SW[5]      ; HEX0[1]     ; 4.737 ; 4.737 ; 4.737 ; 4.737 ;
; SW[5]      ; HEX0[2]     ; 4.748 ; 4.748 ; 4.748 ; 4.748 ;
; SW[5]      ; HEX0[3]     ; 4.731 ; 4.731 ; 4.731 ; 4.731 ;
; SW[5]      ; HEX0[4]     ; 4.614 ; 4.614 ; 4.614 ; 4.614 ;
; SW[5]      ; HEX0[5]     ; 4.611 ; 4.611 ; 4.611 ; 4.611 ;
; SW[5]      ; HEX0[6]     ; 4.612 ; 4.612 ; 4.612 ; 4.612 ;
; SW[5]      ; HEX1[0]     ; 4.202 ; 4.099 ; 4.099 ; 4.202 ;
; SW[5]      ; HEX1[3]     ; 4.184 ; 4.081 ; 4.081 ; 4.184 ;
; SW[5]      ; HEX1[4]     ; 4.194 ; 4.091 ; 4.091 ; 4.194 ;
; SW[5]      ; HEX1[5]     ; 4.221 ; 4.118 ; 4.118 ; 4.221 ;
; SW[5]      ; HEX3[0]     ;       ; 3.370 ; 3.370 ;       ;
; SW[5]      ; HEX3[1]     ; 3.761 ; 3.761 ; 3.761 ; 3.761 ;
; SW[5]      ; HEX3[2]     ; 3.764 ;       ;       ; 3.764 ;
; SW[5]      ; HEX3[3]     ; 3.340 ; 3.340 ; 3.340 ; 3.340 ;
; SW[5]      ; HEX3[4]     ;       ; 3.351 ; 3.351 ;       ;
; SW[5]      ; HEX3[5]     ; 3.382 ;       ;       ; 3.382 ;
; SW[5]      ; HEX3[6]     ; 3.526 ; 3.526 ; 3.526 ; 3.526 ;
; SW[6]      ; HEX0[0]     ; 3.789 ; 3.834 ; 3.834 ; 3.789 ;
; SW[6]      ; HEX0[1]     ; 4.582 ; 4.582 ; 4.582 ; 4.582 ;
; SW[6]      ; HEX0[2]     ; 4.593 ; 4.593 ; 4.593 ; 4.593 ;
; SW[6]      ; HEX0[3]     ; 4.576 ; 4.576 ; 4.576 ; 4.576 ;
; SW[6]      ; HEX0[4]     ; 4.459 ; 4.459 ; 4.459 ; 4.459 ;
; SW[6]      ; HEX0[5]     ; 4.456 ; 4.456 ; 4.456 ; 4.456 ;
; SW[6]      ; HEX0[6]     ; 4.457 ; 4.457 ; 4.457 ; 4.457 ;
; SW[6]      ; HEX1[0]     ; 4.047 ; 3.944 ; 3.944 ; 4.047 ;
; SW[6]      ; HEX1[3]     ; 4.029 ; 3.926 ; 3.926 ; 4.029 ;
; SW[6]      ; HEX1[4]     ; 4.039 ; 3.936 ; 3.936 ; 4.039 ;
; SW[6]      ; HEX1[5]     ; 4.066 ; 3.963 ; 3.963 ; 4.066 ;
; SW[6]      ; HEX3[0]     ; 3.447 ; 3.447 ; 3.447 ; 3.447 ;
; SW[6]      ; HEX3[1]     ; 3.710 ;       ;       ; 3.710 ;
; SW[6]      ; HEX3[2]     ;       ; 3.712 ; 3.712 ;       ;
; SW[6]      ; HEX3[3]     ; 3.414 ; 3.414 ; 3.414 ; 3.414 ;
; SW[6]      ; HEX3[4]     ; 3.292 ;       ;       ; 3.292 ;
; SW[6]      ; HEX3[5]     ;       ; 3.457 ; 3.457 ;       ;
; SW[6]      ; HEX3[6]     ; 3.601 ; 3.601 ; 3.601 ; 3.601 ;
; SW[7]      ; HEX0[0]     ; 3.139 ; 3.343 ; 3.343 ; 3.139 ;
; SW[7]      ; HEX0[1]     ; 4.091 ; 4.091 ; 4.091 ; 4.091 ;
; SW[7]      ; HEX0[2]     ; 4.102 ; 4.102 ; 4.102 ; 4.102 ;
; SW[7]      ; HEX0[3]     ; 4.085 ; 4.085 ; 4.085 ; 4.085 ;
; SW[7]      ; HEX0[4]     ; 3.968 ; 3.968 ; 3.968 ; 3.968 ;
; SW[7]      ; HEX0[5]     ; 3.965 ; 3.965 ; 3.965 ; 3.965 ;
; SW[7]      ; HEX0[6]     ; 3.966 ; 3.966 ; 3.966 ; 3.966 ;
; SW[7]      ; HEX1[0]     ; 3.556 ; 3.348 ; 3.348 ; 3.556 ;
; SW[7]      ; HEX1[3]     ; 3.538 ; 3.330 ; 3.330 ; 3.538 ;
; SW[7]      ; HEX1[4]     ; 3.548 ; 3.340 ; 3.340 ; 3.548 ;
; SW[7]      ; HEX1[5]     ; 3.575 ; 3.367 ; 3.367 ; 3.575 ;
; SW[7]      ; HEX3[0]     ;       ; 3.020 ; 3.020 ;       ;
; SW[7]      ; HEX3[3]     ;       ; 2.985 ; 2.985 ;       ;
; SW[7]      ; HEX3[5]     ;       ; 3.029 ; 3.029 ;       ;
; SW[7]      ; HEX3[6]     ;       ; 3.171 ; 3.171 ;       ;
; SW[8]      ; HEX0[0]     ; 3.521 ; 3.521 ; 3.521 ; 3.521 ;
; SW[8]      ; HEX0[1]     ; 4.211 ; 4.211 ; 4.211 ; 4.211 ;
; SW[8]      ; HEX0[2]     ; 4.222 ; 4.222 ; 4.222 ; 4.222 ;
; SW[8]      ; HEX0[3]     ; 4.205 ; 4.205 ; 4.205 ; 4.205 ;
; SW[8]      ; HEX0[4]     ; 4.088 ; 4.088 ; 4.088 ; 4.088 ;
; SW[8]      ; HEX0[5]     ; 4.085 ; 4.085 ; 4.085 ; 4.085 ;
; SW[8]      ; HEX0[6]     ; 4.086 ; 4.086 ; 4.086 ; 4.086 ;
; SW[8]      ; HEX1[0]     ; 3.676 ; 3.573 ; 3.573 ; 3.676 ;
; SW[8]      ; HEX1[3]     ; 3.658 ; 3.555 ; 3.555 ; 3.658 ;
; SW[8]      ; HEX1[4]     ; 3.668 ; 3.565 ; 3.565 ; 3.668 ;
; SW[8]      ; HEX1[5]     ; 3.695 ; 3.592 ; 3.592 ; 3.695 ;
+------------+-------------+-------+-------+-------+-------+


+----------------------------------------------------------+
; Minimum Propagation Delay                                ;
+------------+-------------+-------+-------+-------+-------+
; Input Port ; Output Port ; RR    ; RF    ; FR    ; FF    ;
+------------+-------------+-------+-------+-------+-------+
; SW[0]      ; HEX0[0]     ; 3.880 ; 3.880 ; 3.880 ; 3.880 ;
; SW[0]      ; HEX0[1]     ; 4.238 ; 4.238 ; 4.238 ; 4.238 ;
; SW[0]      ; HEX0[2]     ; 4.231 ; 4.231 ; 4.231 ; 4.231 ;
; SW[0]      ; HEX0[3]     ; 4.237 ; 4.237 ; 4.237 ; 4.237 ;
; SW[0]      ; HEX0[4]     ; 4.114 ; 4.114 ; 4.114 ; 4.114 ;
; SW[0]      ; HEX0[5]     ; 4.120 ; 4.120 ; 4.120 ; 4.120 ;
; SW[0]      ; HEX0[6]     ; 4.119 ; 4.119 ; 4.119 ; 4.119 ;
; SW[0]      ; HEX1[0]     ; 4.090 ; 4.090 ; 4.090 ; 4.090 ;
; SW[0]      ; HEX1[3]     ; 4.072 ; 4.072 ; 4.072 ; 4.072 ;
; SW[0]      ; HEX1[4]     ; 4.082 ; 4.082 ; 4.082 ; 4.082 ;
; SW[0]      ; HEX1[5]     ; 4.109 ; 4.109 ; 4.109 ; 4.109 ;
; SW[0]      ; HEX2[0]     ; 3.706 ; 3.706 ; 3.706 ; 3.706 ;
; SW[0]      ; HEX2[1]     ; 3.485 ; 3.485 ; 3.485 ; 3.485 ;
; SW[0]      ; HEX2[2]     ;       ; 3.574 ; 3.574 ;       ;
; SW[0]      ; HEX2[3]     ; 3.877 ; 3.877 ; 3.877 ; 3.877 ;
; SW[0]      ; HEX2[4]     ; 3.651 ;       ;       ; 3.651 ;
; SW[0]      ; HEX2[5]     ; 3.856 ;       ;       ; 3.856 ;
; SW[0]      ; HEX2[6]     ; 3.886 ;       ;       ; 3.886 ;
; SW[1]      ; HEX0[0]     ; 3.775 ; 3.775 ; 3.775 ; 3.775 ;
; SW[1]      ; HEX0[1]     ; 4.393 ; 4.393 ; 4.393 ; 4.393 ;
; SW[1]      ; HEX0[2]     ; 4.385 ; 4.385 ; 4.385 ; 4.385 ;
; SW[1]      ; HEX0[3]     ; 4.390 ; 4.390 ; 4.390 ; 4.390 ;
; SW[1]      ; HEX0[4]     ; 4.270 ; 4.270 ; 4.270 ; 4.270 ;
; SW[1]      ; HEX0[5]     ; 4.273 ; 4.273 ; 4.273 ; 4.273 ;
; SW[1]      ; HEX0[6]     ; 4.271 ; 4.271 ; 4.271 ; 4.271 ;
; SW[1]      ; HEX1[0]     ; 3.985 ; 3.985 ; 3.985 ; 3.985 ;
; SW[1]      ; HEX1[3]     ; 3.967 ; 3.967 ; 3.967 ; 3.967 ;
; SW[1]      ; HEX1[4]     ; 3.977 ; 3.977 ; 3.977 ; 3.977 ;
; SW[1]      ; HEX1[5]     ; 4.004 ; 4.004 ; 4.004 ; 4.004 ;
; SW[1]      ; HEX2[0]     ;       ; 3.737 ; 3.737 ;       ;
; SW[1]      ; HEX2[1]     ; 3.617 ; 3.617 ; 3.617 ; 3.617 ;
; SW[1]      ; HEX2[2]     ; 3.707 ;       ;       ; 3.707 ;
; SW[1]      ; HEX2[3]     ; 3.908 ; 3.908 ; 3.908 ; 3.908 ;
; SW[1]      ; HEX2[4]     ;       ; 3.790 ; 3.790 ;       ;
; SW[1]      ; HEX2[5]     ; 3.887 ;       ;       ; 3.887 ;
; SW[1]      ; HEX2[6]     ; 3.918 ; 3.918 ; 3.918 ; 3.918 ;
; SW[2]      ; HEX0[0]     ; 4.001 ; 4.001 ; 4.001 ; 4.001 ;
; SW[2]      ; HEX0[1]     ; 4.395 ; 4.395 ; 4.395 ; 4.395 ;
; SW[2]      ; HEX0[2]     ; 4.387 ; 4.387 ; 4.387 ; 4.387 ;
; SW[2]      ; HEX0[3]     ; 4.392 ; 4.392 ; 4.392 ; 4.392 ;
; SW[2]      ; HEX0[4]     ; 4.272 ; 4.272 ; 4.272 ; 4.272 ;
; SW[2]      ; HEX0[5]     ; 4.275 ; 4.275 ; 4.275 ; 4.275 ;
; SW[2]      ; HEX0[6]     ; 4.273 ; 4.273 ; 4.273 ; 4.273 ;
; SW[2]      ; HEX1[0]     ; 3.984 ; 3.984 ; 3.984 ; 3.984 ;
; SW[2]      ; HEX1[3]     ; 3.966 ; 3.966 ; 3.966 ; 3.966 ;
; SW[2]      ; HEX1[4]     ; 3.976 ; 3.976 ; 3.976 ; 3.976 ;
; SW[2]      ; HEX1[5]     ; 4.003 ; 4.003 ; 4.003 ; 4.003 ;
; SW[2]      ; HEX2[0]     ; 3.622 ; 3.622 ; 3.622 ; 3.622 ;
; SW[2]      ; HEX2[1]     ; 3.406 ;       ;       ; 3.406 ;
; SW[2]      ; HEX2[2]     ;       ; 3.475 ; 3.475 ;       ;
; SW[2]      ; HEX2[3]     ; 3.793 ; 3.793 ; 3.793 ; 3.793 ;
; SW[2]      ; HEX2[4]     ; 3.551 ;       ;       ; 3.551 ;
; SW[2]      ; HEX2[5]     ;       ; 3.768 ; 3.768 ;       ;
; SW[2]      ; HEX2[6]     ; 3.797 ; 3.797 ; 3.797 ; 3.797 ;
; SW[3]      ; HEX0[0]     ; 3.816 ; 3.816 ; 3.816 ; 3.816 ;
; SW[3]      ; HEX0[1]     ; 4.436 ; 4.436 ; 4.436 ; 4.436 ;
; SW[3]      ; HEX0[2]     ; 4.428 ; 4.428 ; 4.428 ; 4.428 ;
; SW[3]      ; HEX0[3]     ; 4.433 ; 4.433 ; 4.433 ; 4.433 ;
; SW[3]      ; HEX0[4]     ; 4.313 ; 4.313 ; 4.313 ; 4.313 ;
; SW[3]      ; HEX0[5]     ; 4.316 ; 4.316 ; 4.316 ; 4.316 ;
; SW[3]      ; HEX0[6]     ; 4.314 ; 4.314 ; 4.314 ; 4.314 ;
; SW[3]      ; HEX1[0]     ; 4.025 ; 4.025 ; 4.025 ; 4.025 ;
; SW[3]      ; HEX1[3]     ; 4.007 ; 4.007 ; 4.007 ; 4.007 ;
; SW[3]      ; HEX1[4]     ; 4.017 ; 4.017 ; 4.017 ; 4.017 ;
; SW[3]      ; HEX1[5]     ; 4.044 ; 4.044 ; 4.044 ; 4.044 ;
; SW[3]      ; HEX2[0]     ;       ; 3.533 ; 3.533 ;       ;
; SW[3]      ; HEX2[3]     ;       ; 3.704 ; 3.704 ;       ;
; SW[3]      ; HEX2[5]     ;       ; 3.683 ; 3.683 ;       ;
; SW[3]      ; HEX2[6]     ;       ; 3.713 ; 3.713 ;       ;
; SW[4]      ; HEX0[0]     ; 3.693 ; 3.693 ; 3.693 ; 3.693 ;
; SW[4]      ; HEX0[1]     ; 4.049 ; 4.049 ; 4.049 ; 4.049 ;
; SW[4]      ; HEX0[2]     ; 4.042 ; 4.042 ; 4.042 ; 4.042 ;
; SW[4]      ; HEX0[3]     ; 4.048 ; 4.048 ; 4.048 ; 4.048 ;
; SW[4]      ; HEX0[4]     ; 3.925 ; 3.925 ; 3.925 ; 3.925 ;
; SW[4]      ; HEX0[5]     ; 3.931 ; 3.931 ; 3.931 ; 3.931 ;
; SW[4]      ; HEX0[6]     ; 3.930 ; 3.930 ; 3.930 ; 3.930 ;
; SW[4]      ; HEX1[0]     ; 3.903 ; 3.903 ; 3.903 ; 3.903 ;
; SW[4]      ; HEX1[3]     ; 3.885 ; 3.885 ; 3.885 ; 3.885 ;
; SW[4]      ; HEX1[4]     ; 3.895 ; 3.895 ; 3.895 ; 3.895 ;
; SW[4]      ; HEX1[5]     ; 3.922 ; 3.922 ; 3.922 ; 3.922 ;
; SW[4]      ; HEX3[0]     ; 3.532 ; 3.532 ; 3.532 ; 3.532 ;
; SW[4]      ; HEX3[1]     ; 3.677 ; 3.677 ; 3.677 ; 3.677 ;
; SW[4]      ; HEX3[2]     ;       ; 3.679 ; 3.679 ;       ;
; SW[4]      ; HEX3[3]     ; 3.488 ; 3.488 ; 3.488 ; 3.488 ;
; SW[4]      ; HEX3[4]     ; 3.247 ;       ;       ; 3.247 ;
; SW[4]      ; HEX3[5]     ; 3.539 ;       ;       ; 3.539 ;
; SW[4]      ; HEX3[6]     ; 3.681 ;       ;       ; 3.681 ;
; SW[5]      ; HEX0[0]     ; 3.589 ; 3.589 ; 3.589 ; 3.589 ;
; SW[5]      ; HEX0[1]     ; 4.207 ; 4.207 ; 4.207 ; 4.207 ;
; SW[5]      ; HEX0[2]     ; 4.199 ; 4.199 ; 4.199 ; 4.199 ;
; SW[5]      ; HEX0[3]     ; 4.204 ; 4.204 ; 4.204 ; 4.204 ;
; SW[5]      ; HEX0[4]     ; 4.084 ; 4.084 ; 4.084 ; 4.084 ;
; SW[5]      ; HEX0[5]     ; 4.087 ; 4.087 ; 4.087 ; 4.087 ;
; SW[5]      ; HEX0[6]     ; 4.085 ; 4.085 ; 4.085 ; 4.085 ;
; SW[5]      ; HEX1[0]     ; 3.799 ; 3.799 ; 3.799 ; 3.799 ;
; SW[5]      ; HEX1[3]     ; 3.781 ; 3.781 ; 3.781 ; 3.781 ;
; SW[5]      ; HEX1[4]     ; 3.791 ; 3.791 ; 3.791 ; 3.791 ;
; SW[5]      ; HEX1[5]     ; 3.818 ; 3.818 ; 3.818 ; 3.818 ;
; SW[5]      ; HEX3[0]     ;       ; 3.370 ; 3.370 ;       ;
; SW[5]      ; HEX3[1]     ; 3.761 ; 3.761 ; 3.761 ; 3.761 ;
; SW[5]      ; HEX3[2]     ; 3.764 ;       ;       ; 3.764 ;
; SW[5]      ; HEX3[3]     ; 3.340 ; 3.340 ; 3.340 ; 3.340 ;
; SW[5]      ; HEX3[4]     ;       ; 3.351 ; 3.351 ;       ;
; SW[5]      ; HEX3[5]     ; 3.382 ;       ;       ; 3.382 ;
; SW[5]      ; HEX3[6]     ; 3.526 ; 3.526 ; 3.526 ; 3.526 ;
; SW[6]      ; HEX0[0]     ; 3.735 ; 3.735 ; 3.735 ; 3.735 ;
; SW[6]      ; HEX0[1]     ; 4.131 ; 4.131 ; 4.131 ; 4.131 ;
; SW[6]      ; HEX0[2]     ; 4.123 ; 4.123 ; 4.123 ; 4.123 ;
; SW[6]      ; HEX0[3]     ; 4.128 ; 4.128 ; 4.128 ; 4.128 ;
; SW[6]      ; HEX0[4]     ; 4.008 ; 4.008 ; 4.008 ; 4.008 ;
; SW[6]      ; HEX0[5]     ; 4.011 ; 4.011 ; 4.011 ; 4.011 ;
; SW[6]      ; HEX0[6]     ; 4.009 ; 4.009 ; 4.009 ; 4.009 ;
; SW[6]      ; HEX1[0]     ; 3.720 ; 3.720 ; 3.720 ; 3.720 ;
; SW[6]      ; HEX1[3]     ; 3.702 ; 3.702 ; 3.702 ; 3.702 ;
; SW[6]      ; HEX1[4]     ; 3.712 ; 3.712 ; 3.712 ; 3.712 ;
; SW[6]      ; HEX1[5]     ; 3.739 ; 3.739 ; 3.739 ; 3.739 ;
; SW[6]      ; HEX3[0]     ; 3.447 ; 3.447 ; 3.447 ; 3.447 ;
; SW[6]      ; HEX3[1]     ; 3.710 ;       ;       ; 3.710 ;
; SW[6]      ; HEX3[2]     ;       ; 3.712 ; 3.712 ;       ;
; SW[6]      ; HEX3[3]     ; 3.414 ; 3.414 ; 3.414 ; 3.414 ;
; SW[6]      ; HEX3[4]     ; 3.292 ;       ;       ; 3.292 ;
; SW[6]      ; HEX3[5]     ;       ; 3.457 ; 3.457 ;       ;
; SW[6]      ; HEX3[6]     ; 3.601 ; 3.601 ; 3.601 ; 3.601 ;
; SW[7]      ; HEX0[0]     ; 3.139 ; 3.139 ; 3.139 ; 3.139 ;
; SW[7]      ; HEX0[1]     ; 3.759 ; 3.759 ; 3.759 ; 3.759 ;
; SW[7]      ; HEX0[2]     ; 3.751 ; 3.751 ; 3.751 ; 3.751 ;
; SW[7]      ; HEX0[3]     ; 3.756 ; 3.756 ; 3.756 ; 3.756 ;
; SW[7]      ; HEX0[4]     ; 3.636 ; 3.636 ; 3.636 ; 3.636 ;
; SW[7]      ; HEX0[5]     ; 3.639 ; 3.639 ; 3.639 ; 3.639 ;
; SW[7]      ; HEX0[6]     ; 3.637 ; 3.637 ; 3.637 ; 3.637 ;
; SW[7]      ; HEX1[0]     ; 3.348 ; 3.348 ; 3.348 ; 3.348 ;
; SW[7]      ; HEX1[3]     ; 3.330 ; 3.330 ; 3.330 ; 3.330 ;
; SW[7]      ; HEX1[4]     ; 3.340 ; 3.340 ; 3.340 ; 3.340 ;
; SW[7]      ; HEX1[5]     ; 3.367 ; 3.367 ; 3.367 ; 3.367 ;
; SW[7]      ; HEX3[0]     ;       ; 3.020 ; 3.020 ;       ;
; SW[7]      ; HEX3[3]     ;       ; 2.985 ; 2.985 ;       ;
; SW[7]      ; HEX3[5]     ;       ; 3.029 ; 3.029 ;       ;
; SW[7]      ; HEX3[6]     ;       ; 3.171 ; 3.171 ;       ;
; SW[8]      ; HEX0[0]     ; 3.166 ; 3.166 ; 3.166 ; 3.166 ;
; SW[8]      ; HEX0[1]     ; 3.627 ; 3.627 ; 3.627 ; 3.627 ;
; SW[8]      ; HEX0[2]     ; 3.620 ; 3.620 ; 3.620 ; 3.620 ;
; SW[8]      ; HEX0[3]     ; 3.626 ; 3.626 ; 3.626 ; 3.626 ;
; SW[8]      ; HEX0[4]     ; 3.503 ; 3.503 ; 3.503 ; 3.503 ;
; SW[8]      ; HEX0[5]     ; 3.509 ; 3.509 ; 3.509 ; 3.509 ;
; SW[8]      ; HEX0[6]     ; 3.508 ; 3.508 ; 3.508 ; 3.508 ;
; SW[8]      ; HEX1[0]     ; 3.376 ; 3.376 ; 3.376 ; 3.376 ;
; SW[8]      ; HEX1[3]     ; 3.358 ; 3.358 ; 3.358 ; 3.358 ;
; SW[8]      ; HEX1[4]     ; 3.368 ; 3.368 ; 3.368 ; 3.368 ;
; SW[8]      ; HEX1[5]     ; 3.395 ; 3.395 ; 3.395 ; 3.395 ;
+------------+-------------+-------+-------+-------+-------+


+----------------------------------------------------------------------------+
; Multicorner Timing Analysis Summary                                        ;
+------------------+-------+------+----------+---------+---------------------+
; Clock            ; Setup ; Hold ; Recovery ; Removal ; Minimum Pulse Width ;
+------------------+-------+------+----------+---------+---------------------+
; Worst-case Slack ; N/A   ; N/A  ; N/A      ; N/A     ; N/A                 ;
; Design-wide TNS  ; 0.0   ; 0.0  ; 0.0      ; 0.0     ; 0.0                 ;
+------------------+-------+------+----------+---------+---------------------+


+--------------------------------------------------------------+
; Progagation Delay                                            ;
+------------+-------------+--------+--------+--------+--------+
; Input Port ; Output Port ; RR     ; RF     ; FR     ; FF     ;
+------------+-------------+--------+--------+--------+--------+
; SW[0]      ; HEX0[0]     ; 9.610  ; 9.610  ; 9.610  ; 9.610  ;
; SW[0]      ; HEX0[1]     ; 11.411 ; 11.411 ; 11.411 ; 11.411 ;
; SW[0]      ; HEX0[2]     ; 11.402 ; 11.402 ; 11.402 ; 11.402 ;
; SW[0]      ; HEX0[3]     ; 11.407 ; 11.407 ; 11.407 ; 11.407 ;
; SW[0]      ; HEX0[4]     ; 11.077 ; 11.077 ; 11.077 ; 11.077 ;
; SW[0]      ; HEX0[5]     ; 11.076 ; 11.076 ; 11.076 ; 11.076 ;
; SW[0]      ; HEX0[6]     ; 11.076 ; 11.076 ; 11.076 ; 11.076 ;
; SW[0]      ; HEX1[0]     ; 9.874  ; 9.614  ; 9.614  ; 9.874  ;
; SW[0]      ; HEX1[3]     ; 9.858  ; 9.598  ; 9.598  ; 9.858  ;
; SW[0]      ; HEX1[4]     ; 9.868  ; 9.608  ; 9.608  ; 9.868  ;
; SW[0]      ; HEX1[5]     ; 9.895  ; 9.635  ; 9.635  ; 9.895  ;
; SW[0]      ; HEX2[0]     ; 8.054  ; 8.054  ; 8.054  ; 8.054  ;
; SW[0]      ; HEX2[1]     ; 7.563  ; 7.563  ; 7.563  ; 7.563  ;
; SW[0]      ; HEX2[2]     ;        ; 7.672  ; 7.672  ;        ;
; SW[0]      ; HEX2[3]     ; 8.432  ; 8.432  ; 8.432  ; 8.432  ;
; SW[0]      ; HEX2[4]     ; 7.955  ;        ;        ; 7.955  ;
; SW[0]      ; HEX2[5]     ; 8.403  ;        ;        ; 8.403  ;
; SW[0]      ; HEX2[6]     ; 8.445  ;        ;        ; 8.445  ;
; SW[1]      ; HEX0[0]     ; 9.620  ; 9.620  ; 9.620  ; 9.620  ;
; SW[1]      ; HEX0[1]     ; 11.421 ; 11.421 ; 11.421 ; 11.421 ;
; SW[1]      ; HEX0[2]     ; 11.412 ; 11.412 ; 11.412 ; 11.412 ;
; SW[1]      ; HEX0[3]     ; 11.417 ; 11.417 ; 11.417 ; 11.417 ;
; SW[1]      ; HEX0[4]     ; 11.087 ; 11.087 ; 11.087 ; 11.087 ;
; SW[1]      ; HEX0[5]     ; 11.086 ; 11.086 ; 11.086 ; 11.086 ;
; SW[1]      ; HEX0[6]     ; 11.086 ; 11.086 ; 11.086 ; 11.086 ;
; SW[1]      ; HEX1[0]     ; 9.884  ; 9.624  ; 9.624  ; 9.884  ;
; SW[1]      ; HEX1[3]     ; 9.868  ; 9.608  ; 9.608  ; 9.868  ;
; SW[1]      ; HEX1[4]     ; 9.878  ; 9.618  ; 9.618  ; 9.878  ;
; SW[1]      ; HEX1[5]     ; 9.905  ; 9.645  ; 9.645  ; 9.905  ;
; SW[1]      ; HEX2[0]     ;        ; 8.145  ; 8.145  ;        ;
; SW[1]      ; HEX2[1]     ; 7.898  ; 7.898  ; 7.898  ; 7.898  ;
; SW[1]      ; HEX2[2]     ; 8.053  ;        ;        ; 8.053  ;
; SW[1]      ; HEX2[3]     ; 8.524  ; 8.524  ; 8.524  ; 8.524  ;
; SW[1]      ; HEX2[4]     ;        ; 8.292  ; 8.292  ;        ;
; SW[1]      ; HEX2[5]     ; 8.502  ;        ;        ; 8.502  ;
; SW[1]      ; HEX2[6]     ; 8.537  ; 8.537  ; 8.537  ; 8.537  ;
; SW[2]      ; HEX0[0]     ; 9.064  ; 9.243  ; 9.243  ; 9.064  ;
; SW[2]      ; HEX0[1]     ; 11.218 ; 11.218 ; 11.218 ; 11.218 ;
; SW[2]      ; HEX0[2]     ; 11.209 ; 11.209 ; 11.209 ; 11.209 ;
; SW[2]      ; HEX0[3]     ; 11.214 ; 11.214 ; 11.214 ; 11.214 ;
; SW[2]      ; HEX0[4]     ; 10.884 ; 10.884 ; 10.884 ; 10.884 ;
; SW[2]      ; HEX0[5]     ; 10.883 ; 10.883 ; 10.883 ; 10.883 ;
; SW[2]      ; HEX0[6]     ; 10.883 ; 10.883 ; 10.883 ; 10.883 ;
; SW[2]      ; HEX1[0]     ; 9.681  ; 9.421  ; 9.421  ; 9.681  ;
; SW[2]      ; HEX1[3]     ; 9.665  ; 9.405  ; 9.405  ; 9.665  ;
; SW[2]      ; HEX1[4]     ; 9.675  ; 9.415  ; 9.415  ; 9.675  ;
; SW[2]      ; HEX1[5]     ; 9.702  ; 9.442  ; 9.442  ; 9.702  ;
; SW[2]      ; HEX2[0]     ; 7.784  ; 7.784  ; 7.784  ; 7.784  ;
; SW[2]      ; HEX2[1]     ; 7.300  ;        ;        ; 7.300  ;
; SW[2]      ; HEX2[2]     ;        ; 7.453  ; 7.453  ;        ;
; SW[2]      ; HEX2[3]     ; 8.162  ; 8.162  ; 8.162  ; 8.162  ;
; SW[2]      ; HEX2[4]     ; 7.693  ;        ;        ; 7.693  ;
; SW[2]      ; HEX2[5]     ;        ; 8.136  ; 8.136  ;        ;
; SW[2]      ; HEX2[6]     ; 8.172  ; 8.172  ; 8.172  ; 8.172  ;
; SW[3]      ; HEX0[0]     ; 8.298  ; 8.909  ; 8.909  ; 8.298  ;
; SW[3]      ; HEX0[1]     ; 10.884 ; 10.884 ; 10.884 ; 10.884 ;
; SW[3]      ; HEX0[2]     ; 10.875 ; 10.875 ; 10.875 ; 10.875 ;
; SW[3]      ; HEX0[3]     ; 10.880 ; 10.880 ; 10.880 ; 10.880 ;
; SW[3]      ; HEX0[4]     ; 10.550 ; 10.550 ; 10.550 ; 10.550 ;
; SW[3]      ; HEX0[5]     ; 10.549 ; 10.549 ; 10.549 ; 10.549 ;
; SW[3]      ; HEX0[6]     ; 10.549 ; 10.549 ; 10.549 ; 10.549 ;
; SW[3]      ; HEX1[0]     ; 9.347  ; 8.735  ; 8.735  ; 9.347  ;
; SW[3]      ; HEX1[3]     ; 9.331  ; 8.719  ; 8.719  ; 9.331  ;
; SW[3]      ; HEX1[4]     ; 9.341  ; 8.729  ; 8.729  ; 9.341  ;
; SW[3]      ; HEX1[5]     ; 9.368  ; 8.756  ; 8.756  ; 9.368  ;
; SW[3]      ; HEX2[0]     ;        ; 7.422  ; 7.422  ;        ;
; SW[3]      ; HEX2[3]     ;        ; 7.800  ; 7.800  ;        ;
; SW[3]      ; HEX2[5]     ;        ; 7.776  ; 7.776  ;        ;
; SW[3]      ; HEX2[6]     ;        ; 7.813  ; 7.813  ;        ;
; SW[4]      ; HEX0[0]     ; 9.179  ; 9.179  ; 9.179  ; 9.179  ;
; SW[4]      ; HEX0[1]     ; 10.980 ; 10.980 ; 10.980 ; 10.980 ;
; SW[4]      ; HEX0[2]     ; 10.971 ; 10.971 ; 10.971 ; 10.971 ;
; SW[4]      ; HEX0[3]     ; 10.976 ; 10.976 ; 10.976 ; 10.976 ;
; SW[4]      ; HEX0[4]     ; 10.646 ; 10.646 ; 10.646 ; 10.646 ;
; SW[4]      ; HEX0[5]     ; 10.645 ; 10.645 ; 10.645 ; 10.645 ;
; SW[4]      ; HEX0[6]     ; 10.645 ; 10.645 ; 10.645 ; 10.645 ;
; SW[4]      ; HEX1[0]     ; 9.443  ; 9.183  ; 9.183  ; 9.443  ;
; SW[4]      ; HEX1[3]     ; 9.427  ; 9.167  ; 9.167  ; 9.427  ;
; SW[4]      ; HEX1[4]     ; 9.437  ; 9.177  ; 9.177  ; 9.437  ;
; SW[4]      ; HEX1[5]     ; 9.464  ; 9.204  ; 9.204  ; 9.464  ;
; SW[4]      ; HEX3[0]     ; 7.599  ; 7.599  ; 7.599  ; 7.599  ;
; SW[4]      ; HEX3[1]     ; 7.765  ; 7.765  ; 7.765  ; 7.765  ;
; SW[4]      ; HEX3[2]     ;        ; 7.768  ; 7.768  ;        ;
; SW[4]      ; HEX3[3]     ; 7.537  ; 7.537  ; 7.537  ; 7.537  ;
; SW[4]      ; HEX3[4]     ; 6.866  ;        ;        ; 6.866  ;
; SW[4]      ; HEX3[5]     ; 7.605  ;        ;        ; 7.605  ;
; SW[4]      ; HEX3[6]     ; 7.957  ;        ;        ; 7.957  ;
; SW[5]      ; HEX0[0]     ; 9.214  ; 9.214  ; 9.214  ; 9.214  ;
; SW[5]      ; HEX0[1]     ; 11.015 ; 11.015 ; 11.015 ; 11.015 ;
; SW[5]      ; HEX0[2]     ; 11.006 ; 11.006 ; 11.006 ; 11.006 ;
; SW[5]      ; HEX0[3]     ; 11.011 ; 11.011 ; 11.011 ; 11.011 ;
; SW[5]      ; HEX0[4]     ; 10.681 ; 10.681 ; 10.681 ; 10.681 ;
; SW[5]      ; HEX0[5]     ; 10.680 ; 10.680 ; 10.680 ; 10.680 ;
; SW[5]      ; HEX0[6]     ; 10.680 ; 10.680 ; 10.680 ; 10.680 ;
; SW[5]      ; HEX1[0]     ; 9.478  ; 9.218  ; 9.218  ; 9.478  ;
; SW[5]      ; HEX1[3]     ; 9.462  ; 9.202  ; 9.202  ; 9.462  ;
; SW[5]      ; HEX1[4]     ; 9.472  ; 9.212  ; 9.212  ; 9.472  ;
; SW[5]      ; HEX1[5]     ; 9.499  ; 9.239  ; 9.239  ; 9.499  ;
; SW[5]      ; HEX3[0]     ;        ; 7.200  ; 7.200  ;        ;
; SW[5]      ; HEX3[1]     ; 8.098  ; 8.098  ; 8.098  ; 8.098  ;
; SW[5]      ; HEX3[2]     ; 8.105  ;        ;        ; 8.105  ;
; SW[5]      ; HEX3[3]     ; 7.153  ; 7.153  ; 7.153  ; 7.153  ;
; SW[5]      ; HEX3[4]     ;        ; 7.217  ; 7.217  ;        ;
; SW[5]      ; HEX3[5]     ; 7.211  ;        ;        ; 7.211  ;
; SW[5]      ; HEX3[6]     ; 7.565  ; 7.565  ; 7.565  ; 7.565  ;
; SW[6]      ; HEX0[0]     ; 8.497  ; 8.680  ; 8.680  ; 8.497  ;
; SW[6]      ; HEX0[1]     ; 10.655 ; 10.655 ; 10.655 ; 10.655 ;
; SW[6]      ; HEX0[2]     ; 10.646 ; 10.646 ; 10.646 ; 10.646 ;
; SW[6]      ; HEX0[3]     ; 10.651 ; 10.651 ; 10.651 ; 10.651 ;
; SW[6]      ; HEX0[4]     ; 10.321 ; 10.321 ; 10.321 ; 10.321 ;
; SW[6]      ; HEX0[5]     ; 10.320 ; 10.320 ; 10.320 ; 10.320 ;
; SW[6]      ; HEX0[6]     ; 10.320 ; 10.320 ; 10.320 ; 10.320 ;
; SW[6]      ; HEX1[0]     ; 9.118  ; 8.858  ; 8.858  ; 9.118  ;
; SW[6]      ; HEX1[3]     ; 9.102  ; 8.842  ; 8.842  ; 9.102  ;
; SW[6]      ; HEX1[4]     ; 9.112  ; 8.852  ; 8.852  ; 9.112  ;
; SW[6]      ; HEX1[5]     ; 9.139  ; 8.879  ; 8.879  ; 9.139  ;
; SW[6]      ; HEX3[0]     ; 7.397  ; 7.397  ; 7.397  ; 7.397  ;
; SW[6]      ; HEX3[1]     ; 7.913  ;        ;        ; 7.913  ;
; SW[6]      ; HEX3[2]     ;        ; 7.871  ; 7.871  ;        ;
; SW[6]      ; HEX3[3]     ; 7.351  ; 7.351  ; 7.351  ; 7.351  ;
; SW[6]      ; HEX3[4]     ; 7.026  ;        ;        ; 7.026  ;
; SW[6]      ; HEX3[5]     ;        ; 7.409  ; 7.409  ;        ;
; SW[6]      ; HEX3[6]     ; 7.763  ; 7.763  ; 7.763  ; 7.763  ;
; SW[7]      ; HEX0[0]     ; 6.914  ; 7.524  ; 7.524  ; 6.914  ;
; SW[7]      ; HEX0[1]     ; 9.499  ; 9.499  ; 9.499  ; 9.499  ;
; SW[7]      ; HEX0[2]     ; 9.490  ; 9.490  ; 9.490  ; 9.490  ;
; SW[7]      ; HEX0[3]     ; 9.495  ; 9.495  ; 9.495  ; 9.495  ;
; SW[7]      ; HEX0[4]     ; 9.165  ; 9.165  ; 9.165  ; 9.165  ;
; SW[7]      ; HEX0[5]     ; 9.164  ; 9.164  ; 9.164  ; 9.164  ;
; SW[7]      ; HEX0[6]     ; 9.164  ; 9.164  ; 9.164  ; 9.164  ;
; SW[7]      ; HEX1[0]     ; 7.962  ; 7.351  ; 7.351  ; 7.962  ;
; SW[7]      ; HEX1[3]     ; 7.946  ; 7.335  ; 7.335  ; 7.946  ;
; SW[7]      ; HEX1[4]     ; 7.956  ; 7.345  ; 7.345  ; 7.956  ;
; SW[7]      ; HEX1[5]     ; 7.983  ; 7.372  ; 7.372  ; 7.983  ;
; SW[7]      ; HEX3[0]     ;        ; 6.445  ; 6.445  ;        ;
; SW[7]      ; HEX3[3]     ;        ; 6.392  ; 6.392  ;        ;
; SW[7]      ; HEX3[5]     ;        ; 6.452  ; 6.452  ;        ;
; SW[7]      ; HEX3[6]     ;        ; 6.804  ; 6.804  ;        ;
; SW[8]      ; HEX0[0]     ; 7.972  ; 7.972  ; 7.972  ; 7.972  ;
; SW[8]      ; HEX0[1]     ; 9.773  ; 9.773  ; 9.773  ; 9.773  ;
; SW[8]      ; HEX0[2]     ; 9.764  ; 9.764  ; 9.764  ; 9.764  ;
; SW[8]      ; HEX0[3]     ; 9.769  ; 9.769  ; 9.769  ; 9.769  ;
; SW[8]      ; HEX0[4]     ; 9.439  ; 9.439  ; 9.439  ; 9.439  ;
; SW[8]      ; HEX0[5]     ; 9.438  ; 9.438  ; 9.438  ; 9.438  ;
; SW[8]      ; HEX0[6]     ; 9.438  ; 9.438  ; 9.438  ; 9.438  ;
; SW[8]      ; HEX1[0]     ; 8.236  ; 7.976  ; 7.976  ; 8.236  ;
; SW[8]      ; HEX1[3]     ; 8.220  ; 7.960  ; 7.960  ; 8.220  ;
; SW[8]      ; HEX1[4]     ; 8.230  ; 7.970  ; 7.970  ; 8.230  ;
; SW[8]      ; HEX1[5]     ; 8.257  ; 7.997  ; 7.997  ; 8.257  ;
+------------+-------------+--------+--------+--------+--------+


+----------------------------------------------------------+
; Minimum Progagation Delay                                ;
+------------+-------------+-------+-------+-------+-------+
; Input Port ; Output Port ; RR    ; RF    ; FR    ; FF    ;
+------------+-------------+-------+-------+-------+-------+
; SW[0]      ; HEX0[0]     ; 3.880 ; 3.880 ; 3.880 ; 3.880 ;
; SW[0]      ; HEX0[1]     ; 4.238 ; 4.238 ; 4.238 ; 4.238 ;
; SW[0]      ; HEX0[2]     ; 4.231 ; 4.231 ; 4.231 ; 4.231 ;
; SW[0]      ; HEX0[3]     ; 4.237 ; 4.237 ; 4.237 ; 4.237 ;
; SW[0]      ; HEX0[4]     ; 4.114 ; 4.114 ; 4.114 ; 4.114 ;
; SW[0]      ; HEX0[5]     ; 4.120 ; 4.120 ; 4.120 ; 4.120 ;
; SW[0]      ; HEX0[6]     ; 4.119 ; 4.119 ; 4.119 ; 4.119 ;
; SW[0]      ; HEX1[0]     ; 4.090 ; 4.090 ; 4.090 ; 4.090 ;
; SW[0]      ; HEX1[3]     ; 4.072 ; 4.072 ; 4.072 ; 4.072 ;
; SW[0]      ; HEX1[4]     ; 4.082 ; 4.082 ; 4.082 ; 4.082 ;
; SW[0]      ; HEX1[5]     ; 4.109 ; 4.109 ; 4.109 ; 4.109 ;
; SW[0]      ; HEX2[0]     ; 3.706 ; 3.706 ; 3.706 ; 3.706 ;
; SW[0]      ; HEX2[1]     ; 3.485 ; 3.485 ; 3.485 ; 3.485 ;
; SW[0]      ; HEX2[2]     ;       ; 3.574 ; 3.574 ;       ;
; SW[0]      ; HEX2[3]     ; 3.877 ; 3.877 ; 3.877 ; 3.877 ;
; SW[0]      ; HEX2[4]     ; 3.651 ;       ;       ; 3.651 ;
; SW[0]      ; HEX2[5]     ; 3.856 ;       ;       ; 3.856 ;
; SW[0]      ; HEX2[6]     ; 3.886 ;       ;       ; 3.886 ;
; SW[1]      ; HEX0[0]     ; 3.775 ; 3.775 ; 3.775 ; 3.775 ;
; SW[1]      ; HEX0[1]     ; 4.393 ; 4.393 ; 4.393 ; 4.393 ;
; SW[1]      ; HEX0[2]     ; 4.385 ; 4.385 ; 4.385 ; 4.385 ;
; SW[1]      ; HEX0[3]     ; 4.390 ; 4.390 ; 4.390 ; 4.390 ;
; SW[1]      ; HEX0[4]     ; 4.270 ; 4.270 ; 4.270 ; 4.270 ;
; SW[1]      ; HEX0[5]     ; 4.273 ; 4.273 ; 4.273 ; 4.273 ;
; SW[1]      ; HEX0[6]     ; 4.271 ; 4.271 ; 4.271 ; 4.271 ;
; SW[1]      ; HEX1[0]     ; 3.985 ; 3.985 ; 3.985 ; 3.985 ;
; SW[1]      ; HEX1[3]     ; 3.967 ; 3.967 ; 3.967 ; 3.967 ;
; SW[1]      ; HEX1[4]     ; 3.977 ; 3.977 ; 3.977 ; 3.977 ;
; SW[1]      ; HEX1[5]     ; 4.004 ; 4.004 ; 4.004 ; 4.004 ;
; SW[1]      ; HEX2[0]     ;       ; 3.737 ; 3.737 ;       ;
; SW[1]      ; HEX2[1]     ; 3.617 ; 3.617 ; 3.617 ; 3.617 ;
; SW[1]      ; HEX2[2]     ; 3.707 ;       ;       ; 3.707 ;
; SW[1]      ; HEX2[3]     ; 3.908 ; 3.908 ; 3.908 ; 3.908 ;
; SW[1]      ; HEX2[4]     ;       ; 3.790 ; 3.790 ;       ;
; SW[1]      ; HEX2[5]     ; 3.887 ;       ;       ; 3.887 ;
; SW[1]      ; HEX2[6]     ; 3.918 ; 3.918 ; 3.918 ; 3.918 ;
; SW[2]      ; HEX0[0]     ; 4.001 ; 4.001 ; 4.001 ; 4.001 ;
; SW[2]      ; HEX0[1]     ; 4.395 ; 4.395 ; 4.395 ; 4.395 ;
; SW[2]      ; HEX0[2]     ; 4.387 ; 4.387 ; 4.387 ; 4.387 ;
; SW[2]      ; HEX0[3]     ; 4.392 ; 4.392 ; 4.392 ; 4.392 ;
; SW[2]      ; HEX0[4]     ; 4.272 ; 4.272 ; 4.272 ; 4.272 ;
; SW[2]      ; HEX0[5]     ; 4.275 ; 4.275 ; 4.275 ; 4.275 ;
; SW[2]      ; HEX0[6]     ; 4.273 ; 4.273 ; 4.273 ; 4.273 ;
; SW[2]      ; HEX1[0]     ; 3.984 ; 3.984 ; 3.984 ; 3.984 ;
; SW[2]      ; HEX1[3]     ; 3.966 ; 3.966 ; 3.966 ; 3.966 ;
; SW[2]      ; HEX1[4]     ; 3.976 ; 3.976 ; 3.976 ; 3.976 ;
; SW[2]      ; HEX1[5]     ; 4.003 ; 4.003 ; 4.003 ; 4.003 ;
; SW[2]      ; HEX2[0]     ; 3.622 ; 3.622 ; 3.622 ; 3.622 ;
; SW[2]      ; HEX2[1]     ; 3.406 ;       ;       ; 3.406 ;
; SW[2]      ; HEX2[2]     ;       ; 3.475 ; 3.475 ;       ;
; SW[2]      ; HEX2[3]     ; 3.793 ; 3.793 ; 3.793 ; 3.793 ;
; SW[2]      ; HEX2[4]     ; 3.551 ;       ;       ; 3.551 ;
; SW[2]      ; HEX2[5]     ;       ; 3.768 ; 3.768 ;       ;
; SW[2]      ; HEX2[6]     ; 3.797 ; 3.797 ; 3.797 ; 3.797 ;
; SW[3]      ; HEX0[0]     ; 3.816 ; 3.816 ; 3.816 ; 3.816 ;
; SW[3]      ; HEX0[1]     ; 4.436 ; 4.436 ; 4.436 ; 4.436 ;
; SW[3]      ; HEX0[2]     ; 4.428 ; 4.428 ; 4.428 ; 4.428 ;
; SW[3]      ; HEX0[3]     ; 4.433 ; 4.433 ; 4.433 ; 4.433 ;
; SW[3]      ; HEX0[4]     ; 4.313 ; 4.313 ; 4.313 ; 4.313 ;
; SW[3]      ; HEX0[5]     ; 4.316 ; 4.316 ; 4.316 ; 4.316 ;
; SW[3]      ; HEX0[6]     ; 4.314 ; 4.314 ; 4.314 ; 4.314 ;
; SW[3]      ; HEX1[0]     ; 4.025 ; 4.025 ; 4.025 ; 4.025 ;
; SW[3]      ; HEX1[3]     ; 4.007 ; 4.007 ; 4.007 ; 4.007 ;
; SW[3]      ; HEX1[4]     ; 4.017 ; 4.017 ; 4.017 ; 4.017 ;
; SW[3]      ; HEX1[5]     ; 4.044 ; 4.044 ; 4.044 ; 4.044 ;
; SW[3]      ; HEX2[0]     ;       ; 3.533 ; 3.533 ;       ;
; SW[3]      ; HEX2[3]     ;       ; 3.704 ; 3.704 ;       ;
; SW[3]      ; HEX2[5]     ;       ; 3.683 ; 3.683 ;       ;
; SW[3]      ; HEX2[6]     ;       ; 3.713 ; 3.713 ;       ;
; SW[4]      ; HEX0[0]     ; 3.693 ; 3.693 ; 3.693 ; 3.693 ;
; SW[4]      ; HEX0[1]     ; 4.049 ; 4.049 ; 4.049 ; 4.049 ;
; SW[4]      ; HEX0[2]     ; 4.042 ; 4.042 ; 4.042 ; 4.042 ;
; SW[4]      ; HEX0[3]     ; 4.048 ; 4.048 ; 4.048 ; 4.048 ;
; SW[4]      ; HEX0[4]     ; 3.925 ; 3.925 ; 3.925 ; 3.925 ;
; SW[4]      ; HEX0[5]     ; 3.931 ; 3.931 ; 3.931 ; 3.931 ;
; SW[4]      ; HEX0[6]     ; 3.930 ; 3.930 ; 3.930 ; 3.930 ;
; SW[4]      ; HEX1[0]     ; 3.903 ; 3.903 ; 3.903 ; 3.903 ;
; SW[4]      ; HEX1[3]     ; 3.885 ; 3.885 ; 3.885 ; 3.885 ;
; SW[4]      ; HEX1[4]     ; 3.895 ; 3.895 ; 3.895 ; 3.895 ;
; SW[4]      ; HEX1[5]     ; 3.922 ; 3.922 ; 3.922 ; 3.922 ;
; SW[4]      ; HEX3[0]     ; 3.532 ; 3.532 ; 3.532 ; 3.532 ;
; SW[4]      ; HEX3[1]     ; 3.677 ; 3.677 ; 3.677 ; 3.677 ;
; SW[4]      ; HEX3[2]     ;       ; 3.679 ; 3.679 ;       ;
; SW[4]      ; HEX3[3]     ; 3.488 ; 3.488 ; 3.488 ; 3.488 ;
; SW[4]      ; HEX3[4]     ; 3.247 ;       ;       ; 3.247 ;
; SW[4]      ; HEX3[5]     ; 3.539 ;       ;       ; 3.539 ;
; SW[4]      ; HEX3[6]     ; 3.681 ;       ;       ; 3.681 ;
; SW[5]      ; HEX0[0]     ; 3.589 ; 3.589 ; 3.589 ; 3.589 ;
; SW[5]      ; HEX0[1]     ; 4.207 ; 4.207 ; 4.207 ; 4.207 ;
; SW[5]      ; HEX0[2]     ; 4.199 ; 4.199 ; 4.199 ; 4.199 ;
; SW[5]      ; HEX0[3]     ; 4.204 ; 4.204 ; 4.204 ; 4.204 ;
; SW[5]      ; HEX0[4]     ; 4.084 ; 4.084 ; 4.084 ; 4.084 ;
; SW[5]      ; HEX0[5]     ; 4.087 ; 4.087 ; 4.087 ; 4.087 ;
; SW[5]      ; HEX0[6]     ; 4.085 ; 4.085 ; 4.085 ; 4.085 ;
; SW[5]      ; HEX1[0]     ; 3.799 ; 3.799 ; 3.799 ; 3.799 ;
; SW[5]      ; HEX1[3]     ; 3.781 ; 3.781 ; 3.781 ; 3.781 ;
; SW[5]      ; HEX1[4]     ; 3.791 ; 3.791 ; 3.791 ; 3.791 ;
; SW[5]      ; HEX1[5]     ; 3.818 ; 3.818 ; 3.818 ; 3.818 ;
; SW[5]      ; HEX3[0]     ;       ; 3.370 ; 3.370 ;       ;
; SW[5]      ; HEX3[1]     ; 3.761 ; 3.761 ; 3.761 ; 3.761 ;
; SW[5]      ; HEX3[2]     ; 3.764 ;       ;       ; 3.764 ;
; SW[5]      ; HEX3[3]     ; 3.340 ; 3.340 ; 3.340 ; 3.340 ;
; SW[5]      ; HEX3[4]     ;       ; 3.351 ; 3.351 ;       ;
; SW[5]      ; HEX3[5]     ; 3.382 ;       ;       ; 3.382 ;
; SW[5]      ; HEX3[6]     ; 3.526 ; 3.526 ; 3.526 ; 3.526 ;
; SW[6]      ; HEX0[0]     ; 3.735 ; 3.735 ; 3.735 ; 3.735 ;
; SW[6]      ; HEX0[1]     ; 4.131 ; 4.131 ; 4.131 ; 4.131 ;
; SW[6]      ; HEX0[2]     ; 4.123 ; 4.123 ; 4.123 ; 4.123 ;
; SW[6]      ; HEX0[3]     ; 4.128 ; 4.128 ; 4.128 ; 4.128 ;
; SW[6]      ; HEX0[4]     ; 4.008 ; 4.008 ; 4.008 ; 4.008 ;
; SW[6]      ; HEX0[5]     ; 4.011 ; 4.011 ; 4.011 ; 4.011 ;
; SW[6]      ; HEX0[6]     ; 4.009 ; 4.009 ; 4.009 ; 4.009 ;
; SW[6]      ; HEX1[0]     ; 3.720 ; 3.720 ; 3.720 ; 3.720 ;
; SW[6]      ; HEX1[3]     ; 3.702 ; 3.702 ; 3.702 ; 3.702 ;
; SW[6]      ; HEX1[4]     ; 3.712 ; 3.712 ; 3.712 ; 3.712 ;
; SW[6]      ; HEX1[5]     ; 3.739 ; 3.739 ; 3.739 ; 3.739 ;
; SW[6]      ; HEX3[0]     ; 3.447 ; 3.447 ; 3.447 ; 3.447 ;
; SW[6]      ; HEX3[1]     ; 3.710 ;       ;       ; 3.710 ;
; SW[6]      ; HEX3[2]     ;       ; 3.712 ; 3.712 ;       ;
; SW[6]      ; HEX3[3]     ; 3.414 ; 3.414 ; 3.414 ; 3.414 ;
; SW[6]      ; HEX3[4]     ; 3.292 ;       ;       ; 3.292 ;
; SW[6]      ; HEX3[5]     ;       ; 3.457 ; 3.457 ;       ;
; SW[6]      ; HEX3[6]     ; 3.601 ; 3.601 ; 3.601 ; 3.601 ;
; SW[7]      ; HEX0[0]     ; 3.139 ; 3.139 ; 3.139 ; 3.139 ;
; SW[7]      ; HEX0[1]     ; 3.759 ; 3.759 ; 3.759 ; 3.759 ;
; SW[7]      ; HEX0[2]     ; 3.751 ; 3.751 ; 3.751 ; 3.751 ;
; SW[7]      ; HEX0[3]     ; 3.756 ; 3.756 ; 3.756 ; 3.756 ;
; SW[7]      ; HEX0[4]     ; 3.636 ; 3.636 ; 3.636 ; 3.636 ;
; SW[7]      ; HEX0[5]     ; 3.639 ; 3.639 ; 3.639 ; 3.639 ;
; SW[7]      ; HEX0[6]     ; 3.637 ; 3.637 ; 3.637 ; 3.637 ;
; SW[7]      ; HEX1[0]     ; 3.348 ; 3.348 ; 3.348 ; 3.348 ;
; SW[7]      ; HEX1[3]     ; 3.330 ; 3.330 ; 3.330 ; 3.330 ;
; SW[7]      ; HEX1[4]     ; 3.340 ; 3.340 ; 3.340 ; 3.340 ;
; SW[7]      ; HEX1[5]     ; 3.367 ; 3.367 ; 3.367 ; 3.367 ;
; SW[7]      ; HEX3[0]     ;       ; 3.020 ; 3.020 ;       ;
; SW[7]      ; HEX3[3]     ;       ; 2.985 ; 2.985 ;       ;
; SW[7]      ; HEX3[5]     ;       ; 3.029 ; 3.029 ;       ;
; SW[7]      ; HEX3[6]     ;       ; 3.171 ; 3.171 ;       ;
; SW[8]      ; HEX0[0]     ; 3.166 ; 3.166 ; 3.166 ; 3.166 ;
; SW[8]      ; HEX0[1]     ; 3.627 ; 3.627 ; 3.627 ; 3.627 ;
; SW[8]      ; HEX0[2]     ; 3.620 ; 3.620 ; 3.620 ; 3.620 ;
; SW[8]      ; HEX0[3]     ; 3.626 ; 3.626 ; 3.626 ; 3.626 ;
; SW[8]      ; HEX0[4]     ; 3.503 ; 3.503 ; 3.503 ; 3.503 ;
; SW[8]      ; HEX0[5]     ; 3.509 ; 3.509 ; 3.509 ; 3.509 ;
; SW[8]      ; HEX0[6]     ; 3.508 ; 3.508 ; 3.508 ; 3.508 ;
; SW[8]      ; HEX1[0]     ; 3.376 ; 3.376 ; 3.376 ; 3.376 ;
; SW[8]      ; HEX1[3]     ; 3.358 ; 3.358 ; 3.358 ; 3.358 ;
; SW[8]      ; HEX1[4]     ; 3.368 ; 3.368 ; 3.368 ; 3.368 ;
; SW[8]      ; HEX1[5]     ; 3.395 ; 3.395 ; 3.395 ; 3.395 ;
+------------+-------------+-------+-------+-------+-------+


-------------------
; Clock Transfers ;
-------------------
Nothing to report.


---------------
; Report TCCS ;
---------------
No dedicated SERDES Transmitter circuitry present in device or used in design


---------------
; Report RSKM ;
---------------
No dedicated SERDES Receiver circuitry present in device or used in design


+------------------------------------------------+
; Unconstrained Paths                            ;
+---------------------------------+-------+------+
; Property                        ; Setup ; Hold ;
+---------------------------------+-------+------+
; Illegal Clocks                  ; 0     ; 0    ;
; Unconstrained Clocks            ; 0     ; 0    ;
; Unconstrained Input Ports       ; 9     ; 9    ;
; Unconstrained Input Port Paths  ; 149   ; 149  ;
; Unconstrained Output Ports      ; 25    ; 25   ;
; Unconstrained Output Port Paths ; 149   ; 149  ;
+---------------------------------+-------+------+


+------------------------------------+
; TimeQuest Timing Analyzer Messages ;
+------------------------------------+
Info: *******************************************************************
Info: Running Quartus II 64-Bit TimeQuest Timing Analyzer
    Info: Version 13.0.1 Build 232 06/12/2013 Service Pack 1 SJ Web Edition
    Info: Processing started: Thu Aug 24 15:45:28 2017
Info: Command: quartus_sta LAB205 -c LAB205
Info: qsta_default_script.tcl version: #1
Info (20030): Parallel compilation is enabled and will use 4 of the 4 processors detected
Info (21077): Low junction temperature is 0 degrees C
Info (21077): High junction temperature is 85 degrees C
Critical Warning (332012): Synopsys Design Constraints File file not found: 'LAB205.sdc'. A Synopsys Design Constraints File is required by the TimeQuest Timing Analyzer to get proper timing constraints. Without it, the Compiler will not properly optimize the design.
Info (332142): No user constrained base clocks found in the design. Calling "derive_clocks -period 1.0"
Info (332096): The command derive_clocks did not find any clocks to derive.  No clocks were created or changed.
Warning (332068): No clocks defined in design.
Info: Found TIMEQUEST_REPORT_SCRIPT_INCLUDE_DEFAULT_ANALYSIS = ON
Info (332159): No clocks to report
Info: Analyzing Slow Model
Info (332140): No fmax paths to report
Info (332140): No Setup paths to report
Info (332140): No Hold paths to report
Info (332140): No Recovery paths to report
Info (332140): No Removal paths to report
Info (332140): No Minimum Pulse Width paths to report
Info (332001): The selected device family is not supported by the report_metastability command.
Info: Analyzing Fast Model
Info (332142): No user constrained base clocks found in the design. Calling "derive_clocks -period 1.0"
Info (332096): The command derive_clocks did not find any clocks to derive.  No clocks were created or changed.
Warning (332068): No clocks defined in design.
Info (332140): No Setup paths to report
Info (332140): No Hold paths to report
Info (332140): No Recovery paths to report
Info (332140): No Removal paths to report
Info (332140): No Minimum Pulse Width paths to report
Info (332001): The selected device family is not supported by the report_metastability command.
Info (332102): Design is not fully constrained for setup requirements
Info (332102): Design is not fully constrained for hold requirements
Info: Quartus II 64-Bit TimeQuest Timing Analyzer was successful. 0 errors, 3 warnings
    Info: Peak virtual memory: 426 megabytes
    Info: Processing ended: Thu Aug 24 15:45:38 2017
    Info: Elapsed time: 00:00:10
    Info: Total CPU time (on all processors): 00:00:03


