Simulator report for lab11part2
Sun Oct 08 00:58:49 2017
Quartus II 64-Bit Version 13.0.0 Build 156 04/24/2013 SJ Web Edition


---------------------
; Table of Contents ;
---------------------
  1. Legal Notice
  2. Simulator Summary
  3. Simulator Settings
  4. Simulation Waveforms
  5. |lab11part2|memory_block:mem|altsyncram:altsyncram_component|altsyncram_n2d1:auto_generated|ALTSYNCRAM
  6. Coverage Summary
  7. Complete 1/0-Value Coverage
  8. Missing 1-Value Coverage
  9. Missing 0-Value Coverage
 10. Simulator INI Usage
 11. Simulator Messages



----------------
; Legal Notice ;
----------------
Copyright (C) 1991-2013 Altera Corporation
Your use of Altera Corporation's design tools, logic functions 
and other software and tools, and its AMPP partner logic 
functions, and any output files from any of the foregoing 
(including device programming or simulation files), and any 
associated documentation or information are expressly subject 
to the terms and conditions of the Altera Program License 
Subscription Agreement, Altera MegaCore Function License 
Agreement, or other applicable license agreement, including, 
without limitation, that your use is for the sole purpose of 
programming logic devices manufactured by Altera and sold by 
Altera or its authorized distributors.  Please refer to the 
applicable agreement for further details.



+--------------------------------------------+
; Simulator Summary                          ;
+-----------------------------+--------------+
; Type                        ; Value        ;
+-----------------------------+--------------+
; Simulation Start Time       ; 0 ps         ;
; Simulation End Time         ; 1.0 us       ;
; Simulation Netlist Size     ; 33 nodes     ;
; Simulation Coverage         ;       4.35 % ;
; Total Number of Transitions ; 101          ;
; Simulation Breakpoints      ; 0            ;
; Family                      ; Cyclone II   ;
+-----------------------------+--------------+


+---------------------------------------------------------------------------------------------------------------------------------------------------------------------------+
; Simulator Settings                                                                                                                                                        ;
+--------------------------------------------------------------------------------------------+--------------------------------------------------------------+---------------+
; Option                                                                                     ; Setting                                                      ; Default Value ;
+--------------------------------------------------------------------------------------------+--------------------------------------------------------------+---------------+
; Simulation mode                                                                            ; Functional                                                   ; Timing        ;
; Start time                                                                                 ; 0 ns                                                         ; 0 ns          ;
; Simulation results format                                                                  ; VWF                                                          ;               ;
; Vector input source                                                                        ; C:/Users/kwal0/Desktop/lab11/part2/output_files/Waveform.vwf ;               ;
; Add pins automatically to simulation output waveforms                                      ; On                                                           ; On            ;
; Check outputs                                                                              ; Off                                                          ; Off           ;
; Report simulation coverage                                                                 ; On                                                           ; On            ;
; Display complete 1/0 value coverage report                                                 ; On                                                           ; On            ;
; Display missing 1-value coverage report                                                    ; On                                                           ; On            ;
; Display missing 0-value coverage report                                                    ; On                                                           ; On            ;
; Detect setup and hold time violations                                                      ; Off                                                          ; Off           ;
; Detect glitches                                                                            ; Off                                                          ; Off           ;
; Disable timing delays in Timing Simulation                                                 ; Off                                                          ; Off           ;
; Generate Signal Activity File                                                              ; Off                                                          ; Off           ;
; Generate VCD File for PowerPlay Power Analyzer                                             ; Off                                                          ; Off           ;
; Group bus channels in simulation results                                                   ; Off                                                          ; Off           ;
; Preserve fewer signal transitions to reduce memory requirements                            ; On                                                           ; On            ;
; Trigger vector comparison with the specified mode                                          ; INPUT_EDGE                                                   ; INPUT_EDGE    ;
; Disable setup and hold time violations detection in input registers of bi-directional pins ; Off                                                          ; Off           ;
; Overwrite Waveform Inputs With Simulation Outputs                                          ; Off                                                          ;               ;
; Perform Glitch Filtering in Timing Simulation                                              ; Auto                                                         ; Auto          ;
+--------------------------------------------------------------------------------------------+--------------------------------------------------------------+---------------+


+----------------------+
; Simulation Waveforms ;
+----------------------+
Waveform report data cannot be output to ASCII.
Please use Quartus II 64-Bit to view the waveform report data.


+--------------------------------------------------------------------------------------------------------+
; |lab11part2|memory_block:mem|altsyncram:altsyncram_component|altsyncram_n2d1:auto_generated|ALTSYNCRAM ;
+--------------------------------------------------------------------------------------------------------+
Please refer to fitter text-based report (*.fit.rpt) to view logical memory report content in ASCII.


+--------------------------------------------------------------------+
; Coverage Summary                                                   ;
+-----------------------------------------------------+--------------+
; Type                                                ; Value        ;
+-----------------------------------------------------+--------------+
; Total coverage as a percentage                      ;       4.35 % ;
; Total nodes checked                                 ; 33           ;
; Total output ports checked                          ; 23           ;
; Total output ports with complete 1/0-value coverage ; 1            ;
; Total output ports with no 1/0-value coverage       ; 20           ;
; Total output ports with no 1-value coverage         ; 20           ;
; Total output ports with no 0-value coverage         ; 22           ;
+-----------------------------------------------------+--------------+


The following table displays output ports that toggle between 1 and 0 during simulation.
+-------------------------------------------------------+
; Complete 1/0-Value Coverage                           ;
+-----------------+------------------+------------------+
; Node Name       ; Output Port Name ; Output Port Type ;
+-----------------+------------------+------------------+
; |lab11part2|clk ; |lab11part2|clk  ; out              ;
+-----------------+------------------+------------------+


The following table displays output ports that do not toggle to 1 during simulation.
+----------------------------------------------------------------------------------------------------------------------------------------------------------------------------------------------------------------------------------+
; Missing 1-Value Coverage                                                                                                                                                                                                         ;
+----------------------------------------------------------------------------------------------------------+----------------------------------------------------------------------------------------------------+------------------+
; Node Name                                                                                                ; Output Port Name                                                                                   ; Output Port Type ;
+----------------------------------------------------------------------------------------------------------+----------------------------------------------------------------------------------------------------+------------------+
; |lab11part2|found                                                                                        ; |lab11part2|found                                                                                  ; pin_out          ;
; |lab11part2|address_m[0]                                                                                 ; |lab11part2|address_m[0]                                                                           ; out              ;
; |lab11part2|address_m[1]                                                                                 ; |lab11part2|address_m[1]                                                                           ; out              ;
; |lab11part2|address_m[2]                                                                                 ; |lab11part2|address_m[2]                                                                           ; out              ;
; |lab11part2|address_m[3]                                                                                 ; |lab11part2|address_m[3]                                                                           ; out              ;
; |lab11part2|address_m[4]                                                                                 ; |lab11part2|address_m[4]                                                                           ; out              ;
; |lab11part2|curr_mem[0]                                                                                  ; |lab11part2|curr_mem[0]                                                                            ; pin_out          ;
; |lab11part2|curr_mem[1]                                                                                  ; |lab11part2|curr_mem[1]                                                                            ; pin_out          ;
; |lab11part2|curr_mem[2]                                                                                  ; |lab11part2|curr_mem[2]                                                                            ; pin_out          ;
; |lab11part2|curr_mem[4]                                                                                  ; |lab11part2|curr_mem[4]                                                                            ; pin_out          ;
; |lab11part2|curr_mem[5]                                                                                  ; |lab11part2|curr_mem[5]                                                                            ; pin_out          ;
; |lab11part2|curr_mem[6]                                                                                  ; |lab11part2|curr_mem[6]                                                                            ; pin_out          ;
; |lab11part2|curr_mem[7]                                                                                  ; |lab11part2|curr_mem[7]                                                                            ; pin_out          ;
; |lab11part2|memory_block:mem|altsyncram:altsyncram_component|altsyncram_n2d1:auto_generated|ram_block1a0 ; |lab11part2|memory_block:mem|altsyncram:altsyncram_component|altsyncram_n2d1:auto_generated|q_a[0] ; portadataout0    ;
; |lab11part2|memory_block:mem|altsyncram:altsyncram_component|altsyncram_n2d1:auto_generated|ram_block1a1 ; |lab11part2|memory_block:mem|altsyncram:altsyncram_component|altsyncram_n2d1:auto_generated|q_a[1] ; portadataout0    ;
; |lab11part2|memory_block:mem|altsyncram:altsyncram_component|altsyncram_n2d1:auto_generated|ram_block1a2 ; |lab11part2|memory_block:mem|altsyncram:altsyncram_component|altsyncram_n2d1:auto_generated|q_a[2] ; portadataout0    ;
; |lab11part2|memory_block:mem|altsyncram:altsyncram_component|altsyncram_n2d1:auto_generated|ram_block1a4 ; |lab11part2|memory_block:mem|altsyncram:altsyncram_component|altsyncram_n2d1:auto_generated|q_a[4] ; portadataout0    ;
; |lab11part2|memory_block:mem|altsyncram:altsyncram_component|altsyncram_n2d1:auto_generated|ram_block1a5 ; |lab11part2|memory_block:mem|altsyncram:altsyncram_component|altsyncram_n2d1:auto_generated|q_a[5] ; portadataout0    ;
; |lab11part2|memory_block:mem|altsyncram:altsyncram_component|altsyncram_n2d1:auto_generated|ram_block1a6 ; |lab11part2|memory_block:mem|altsyncram:altsyncram_component|altsyncram_n2d1:auto_generated|q_a[6] ; portadataout0    ;
; |lab11part2|memory_block:mem|altsyncram:altsyncram_component|altsyncram_n2d1:auto_generated|ram_block1a7 ; |lab11part2|memory_block:mem|altsyncram:altsyncram_component|altsyncram_n2d1:auto_generated|q_a[7] ; portadataout0    ;
+----------------------------------------------------------------------------------------------------------+----------------------------------------------------------------------------------------------------+------------------+


The following table displays output ports that do not toggle to 0 during simulation.
+----------------------------------------------------------------------------------------------------------------------------------------------------------------------------------------------------------------------------------+
; Missing 0-Value Coverage                                                                                                                                                                                                         ;
+----------------------------------------------------------------------------------------------------------+----------------------------------------------------------------------------------------------------+------------------+
; Node Name                                                                                                ; Output Port Name                                                                                   ; Output Port Type ;
+----------------------------------------------------------------------------------------------------------+----------------------------------------------------------------------------------------------------+------------------+
; |lab11part2|found                                                                                        ; |lab11part2|found                                                                                  ; pin_out          ;
; |lab11part2|address_m[0]                                                                                 ; |lab11part2|address_m[0]                                                                           ; out              ;
; |lab11part2|address_m[1]                                                                                 ; |lab11part2|address_m[1]                                                                           ; out              ;
; |lab11part2|address_m[2]                                                                                 ; |lab11part2|address_m[2]                                                                           ; out              ;
; |lab11part2|address_m[3]                                                                                 ; |lab11part2|address_m[3]                                                                           ; out              ;
; |lab11part2|address_m[4]                                                                                 ; |lab11part2|address_m[4]                                                                           ; out              ;
; |lab11part2|curr_mem[0]                                                                                  ; |lab11part2|curr_mem[0]                                                                            ; pin_out          ;
; |lab11part2|curr_mem[1]                                                                                  ; |lab11part2|curr_mem[1]                                                                            ; pin_out          ;
; |lab11part2|curr_mem[2]                                                                                  ; |lab11part2|curr_mem[2]                                                                            ; pin_out          ;
; |lab11part2|curr_mem[3]                                                                                  ; |lab11part2|curr_mem[3]                                                                            ; pin_out          ;
; |lab11part2|curr_mem[4]                                                                                  ; |lab11part2|curr_mem[4]                                                                            ; pin_out          ;
; |lab11part2|curr_mem[5]                                                                                  ; |lab11part2|curr_mem[5]                                                                            ; pin_out          ;
; |lab11part2|curr_mem[6]                                                                                  ; |lab11part2|curr_mem[6]                                                                            ; pin_out          ;
; |lab11part2|curr_mem[7]                                                                                  ; |lab11part2|curr_mem[7]                                                                            ; pin_out          ;
; |lab11part2|memory_block:mem|altsyncram:altsyncram_component|altsyncram_n2d1:auto_generated|ram_block1a0 ; |lab11part2|memory_block:mem|altsyncram:altsyncram_component|altsyncram_n2d1:auto_generated|q_a[0] ; portadataout0    ;
; |lab11part2|memory_block:mem|altsyncram:altsyncram_component|altsyncram_n2d1:auto_generated|ram_block1a1 ; |lab11part2|memory_block:mem|altsyncram:altsyncram_component|altsyncram_n2d1:auto_generated|q_a[1] ; portadataout0    ;
; |lab11part2|memory_block:mem|altsyncram:altsyncram_component|altsyncram_n2d1:auto_generated|ram_block1a2 ; |lab11part2|memory_block:mem|altsyncram:altsyncram_component|altsyncram_n2d1:auto_generated|q_a[2] ; portadataout0    ;
; |lab11part2|memory_block:mem|altsyncram:altsyncram_component|altsyncram_n2d1:auto_generated|ram_block1a3 ; |lab11part2|memory_block:mem|altsyncram:altsyncram_component|altsyncram_n2d1:auto_generated|q_a[3] ; portadataout0    ;
; |lab11part2|memory_block:mem|altsyncram:altsyncram_component|altsyncram_n2d1:auto_generated|ram_block1a4 ; |lab11part2|memory_block:mem|altsyncram:altsyncram_component|altsyncram_n2d1:auto_generated|q_a[4] ; portadataout0    ;
; |lab11part2|memory_block:mem|altsyncram:altsyncram_component|altsyncram_n2d1:auto_generated|ram_block1a5 ; |lab11part2|memory_block:mem|altsyncram:altsyncram_component|altsyncram_n2d1:auto_generated|q_a[5] ; portadataout0    ;
; |lab11part2|memory_block:mem|altsyncram:altsyncram_component|altsyncram_n2d1:auto_generated|ram_block1a6 ; |lab11part2|memory_block:mem|altsyncram:altsyncram_component|altsyncram_n2d1:auto_generated|q_a[6] ; portadataout0    ;
; |lab11part2|memory_block:mem|altsyncram:altsyncram_component|altsyncram_n2d1:auto_generated|ram_block1a7 ; |lab11part2|memory_block:mem|altsyncram:altsyncram_component|altsyncram_n2d1:auto_generated|q_a[7] ; portadataout0    ;
+----------------------------------------------------------------------------------------------------------+----------------------------------------------------------------------------------------------------+------------------+


+---------------------+
; Simulator INI Usage ;
+--------+------------+
; Option ; Usage      ;
+--------+------------+


+--------------------+
; Simulator Messages ;
+--------------------+
Info: *******************************************************************
Info: Running Quartus II 64-Bit Simulator
    Info: Version 13.0.0 Build 156 04/24/2013 SJ Web Edition
    Info: Processing started: Sun Oct 08 00:58:49 2017
Info: Command: quartus_sim --simulation_results_format=VWF lab11part2 -c lab11part2
Info (324025): Using vector source file "C:/Users/kwal0/Desktop/lab11/part2/output_files/Waveform.vwf"
Warning (328017): Wrong node type for node "curr_mem[0]" in vector source file. Design node is of type Output, but signal in vector source file is of type Buried.
Warning (328017): Wrong node type for node "curr_mem[1]" in vector source file. Design node is of type Output, but signal in vector source file is of type Buried.
Warning (328017): Wrong node type for node "curr_mem[2]" in vector source file. Design node is of type Output, but signal in vector source file is of type Buried.
Warning (328017): Wrong node type for node "curr_mem[3]" in vector source file. Design node is of type Output, but signal in vector source file is of type Buried.
Warning (328017): Wrong node type for node "curr_mem[4]" in vector source file. Design node is of type Output, but signal in vector source file is of type Buried.
Warning (328017): Wrong node type for node "curr_mem[5]" in vector source file. Design node is of type Output, but signal in vector source file is of type Buried.
Warning (328017): Wrong node type for node "curr_mem[6]" in vector source file. Design node is of type Output, but signal in vector source file is of type Buried.
Warning (328017): Wrong node type for node "curr_mem[7]" in vector source file. Design node is of type Output, but signal in vector source file is of type Buried.
Warning (328012): Can't find signal in vector source file for input pin "|lab11part2|data[0]"
Warning (328012): Can't find signal in vector source file for input pin "|lab11part2|data[1]"
Warning (328012): Can't find signal in vector source file for input pin "|lab11part2|data[2]"
Warning (328012): Can't find signal in vector source file for input pin "|lab11part2|data[3]"
Warning (328012): Can't find signal in vector source file for input pin "|lab11part2|data[4]"
Warning (328012): Can't find signal in vector source file for input pin "|lab11part2|data[5]"
Warning (328012): Can't find signal in vector source file for input pin "|lab11part2|data[6]"
Warning (328012): Can't find signal in vector source file for input pin "|lab11part2|data[7]"
Warning (328012): Can't find signal in vector source file for input pin "|lab11part2|run"
Warning (328012): Can't find signal in vector source file for input pin "|lab11part2|resetn"
Info (310003): Option to preserve fewer signal transitions to reduce memory requirements is enabled
    Info (310004): Simulation has been partitioned into sub-simulations according to the maximum transition count determined by the engine. Transitions from memory will be flushed out to disk at the end of each sub-simulation to reduce memory requirements.
Info (310002): Simulation partitioned into 1 sub-simulations
Info (328053): Simulation coverage is       4.35 %
Info (328052): Number of transitions in simulation is 101
Info (324045): Vector file lab11part2.sim.vwf is saved in VWF text format. You can compress it into CVWF format in order to reduce file size. For more details please refer to the Quartus II Help.
Info: Quartus II 64-Bit Simulator was successful. 0 errors, 18 warnings
    Info: Peak virtual memory: 332 megabytes
    Info: Processing ended: Sun Oct 08 00:58:49 2017
    Info: Elapsed time: 00:00:00
    Info: Total CPU time (on all processors): 00:00:01


